[6.836s] Invoking command in '/home/turtlebot/tb3_ws/src/amr_teleoperation': PYTHONPATH=/home/turtlebot/tb3_ws/build/amr_teleoperation/prefix_override:/home/turtlebot/tb3_ws/install/amr_teleoperation/lib/python3.10/site-packages:${PYTHONPATH} /usr/bin/python3 setup.py egg_info --egg-base ../../build/amr_teleoperation build --build-base /home/turtlebot/tb3_ws/build/amr_teleoperation/build install --record /home/turtlebot/tb3_ws/build/amr_teleoperation/install.log --single-version-externally-managed
[8.911s] running egg_info
[8.918s] writing ../../build/amr_teleoperation/amr_teleoperation.egg-info/PKG-INFO
[8.945s] writing dependency_links to ../../build/amr_teleoperation/amr_teleoperation.egg-info/dependency_links.txt
[8.949s] writing entry points to ../../build/amr_teleoperation/amr_teleoperation.egg-info/entry_points.txt
[8.956s] writing requirements to ../../build/amr_teleoperation/amr_teleoperation.egg-info/requires.txt
[8.961s] writing top-level names to ../../build/amr_teleoperation/amr_teleoperation.egg-info/top_level.txt
[8.977s] reading manifest file '../../build/amr_teleoperation/amr_teleoperation.egg-info/SOURCES.txt'
[8.986s] writing manifest file '../../build/amr_teleoperation/amr_teleoperation.egg-info/SOURCES.txt'
[8.990s] running build
[8.993s] running build_py
[8.996s] running install
[9.001s] running install_lib
[9.005s] running install_data
[9.009s] running install_egg_info
[9.020s] removing '/home/turtlebot/tb3_ws/install/amr_teleoperation/lib/python3.10/site-packages/amr_teleoperation-0.0.0-py3.10.egg-info' (and everything under it)
[9.024s] Copying ../../build/amr_teleoperation/amr_teleoperation.egg-info to /home/turtlebot/tb3_ws/install/amr_teleoperation/lib/python3.10/site-packages/amr_teleoperation-0.0.0-py3.10.egg-info
[9.034s] running install_scripts
[9.176s] Installing keyboard_node script to /home/turtlebot/tb3_ws/install/amr_teleoperation/lib/amr_teleoperation
[9.179s] Installing teleoperation_node script to /home/turtlebot/tb3_ws/install/amr_teleoperation/lib/amr_teleoperation
[9.186s] writing list of installed files to '/home/turtlebot/tb3_ws/build/amr_teleoperation/install.log'
[9.443s] Invoked command in '/home/turtlebot/tb3_ws/src/amr_teleoperation' returned '0': PYTHONPATH=/home/turtlebot/tb3_ws/build/amr_teleoperation/prefix_override:/home/turtlebot/tb3_ws/install/amr_teleoperation/lib/python3.10/site-packages:${PYTHONPATH} /usr/bin/python3 setup.py egg_info --egg-base ../../build/amr_teleoperation build --build-base /home/turtlebot/tb3_ws/build/amr_teleoperation/build install --record /home/turtlebot/tb3_ws/build/amr_teleoperation/install.log --single-version-externally-managed
