[0.669s] Invoking command in '/home/turtlebot/tb3_ws/build/amr_msgs': CMAKE_PREFIX_PATH=${CMAKE_PREFIX_PATH}:/home/turtlebot/turtlebot3_ws/install/turtlebot3_teleop:/home/turtlebot/turtlebot3_ws/install/turtlebot3_example:/opt/ros/humble /usr/bin/cmake --build /home/turtlebot/tb3_ws/build/amr_msgs -- -j4 -l4
[0.928s] [  9%] Built target amr_msgs__rosidl_generator_c
[1.018s] [ 12%] Built target amr_msgs__cpp
[1.054s] [ 12%] Built target ament_cmake_python_symlink_amr_msgs
[1.083s] [ 22%] Built target amr_msgs__rosidl_typesupport_fastrtps_c
[1.201s] [ 32%] Built target amr_msgs__rosidl_typesupport_c
[1.239s] [ 41%] Built target amr_msgs__rosidl_typesupport_introspection_c
[1.243s] [ 51%] Built target amr_msgs__rosidl_typesupport_fastrtps_cpp
[1.288s] [ 61%] Built target amr_msgs__rosidl_typesupport_introspection_cpp
[1.401s] [ 70%] Built target amr_msgs__rosidl_typesupport_cpp
[1.536s] [ 70%] Built target amr_msgs
[1.654s] [ 74%] Built target amr_msgs__py
[1.795s] [ 80%] Built target amr_msgs__rosidl_generator_py
[1.986s] [ 87%] Built target amr_msgs__rosidl_typesupport_introspection_c__pyext
[2.006s] [ 93%] Built target amr_msgs__rosidl_typesupport_fastrtps_c__pyext
[2.028s] [100%] Built target amr_msgs__rosidl_typesupport_c__pyext
[2.886s] running egg_info
[2.888s] writing amr_msgs.egg-info/PKG-INFO
[2.891s] writing dependency_links to amr_msgs.egg-info/dependency_links.txt
[2.891s] writing top-level names to amr_msgs.egg-info/top_level.txt
[2.903s] reading manifest file 'amr_msgs.egg-info/SOURCES.txt'
[2.905s] writing manifest file 'amr_msgs.egg-info/SOURCES.txt'
[3.093s] [100%] Built target ament_cmake_python_build_amr_msgs_egg
[3.225s] Invoked command in '/home/turtlebot/tb3_ws/build/amr_msgs' returned '0': CMAKE_PREFIX_PATH=${CMAKE_PREFIX_PATH}:/home/turtlebot/turtlebot3_ws/install/turtlebot3_teleop:/home/turtlebot/turtlebot3_ws/install/turtlebot3_example:/opt/ros/humble /usr/bin/cmake --build /home/turtlebot/tb3_ws/build/amr_msgs -- -j4 -l4
[3.673s] Invoking command in '/home/turtlebot/tb3_ws/build/amr_msgs': CMAKE_PREFIX_PATH=${CMAKE_PREFIX_PATH}:/home/turtlebot/turtlebot3_ws/install/turtlebot3_teleop:/home/turtlebot/turtlebot3_ws/install/turtlebot3_example:/opt/ros/humble /usr/bin/cmake --install /home/turtlebot/tb3_ws/build/amr_msgs
[3.710s] -- Install configuration: ""
[3.713s] -- Execute custom install script
[3.715s] -- Up-to-date symlink: /home/turtlebot/tb3_ws/install/amr_msgs/share/ament_index/resource_index/rosidl_interfaces/amr_msgs
[3.720s] -- Up-to-date symlink: /home/turtlebot/tb3_ws/install/amr_msgs/include/amr_msgs/amr_msgs/msg/detail/key__functions.h
[3.724s] -- Up-to-date symlink: /home/turtlebot/tb3_ws/install/amr_msgs/include/amr_msgs/amr_msgs/msg/detail/key__struct.h
[3.727s] -- Up-to-date symlink: /home/turtlebot/tb3_ws/install/amr_msgs/include/amr_msgs/amr_msgs/msg/detail/key__type_support.h
[3.730s] -- Up-to-date symlink: /home/turtlebot/tb3_ws/install/amr_msgs/include/amr_msgs/amr_msgs/msg/key.h
[3.732s] -- Up-to-date symlink: /home/turtlebot/tb3_ws/install/amr_msgs/include/amr_msgs/amr_msgs/msg/rosidl_generator_c__visibility_control.h
[3.736s] -- Up-to-date symlink: /home/turtlebot/tb3_ws/install/amr_msgs/share/amr_msgs/environment/library_path.sh
[3.738s] -- Up-to-date symlink: /home/turtlebot/tb3_ws/install/amr_msgs/share/amr_msgs/environment/library_path.dsv
[3.742s] -- Up-to-date symlink: /home/turtlebot/tb3_ws/install/amr_msgs/include/amr_msgs/amr_msgs/msg/detail/key__rosidl_typesupport_fastrtps_c.h
[3.746s] -- Up-to-date symlink: /home/turtlebot/tb3_ws/install/amr_msgs/include/amr_msgs/amr_msgs/msg/rosidl_typesupport_fastrtps_c__visibility_control.h
[3.749s] -- Up-to-date symlink: /home/turtlebot/tb3_ws/install/amr_msgs/include/amr_msgs/amr_msgs/msg/detail/key__rosidl_typesupport_introspection_c.h
[3.752s] -- Up-to-date symlink: /home/turtlebot/tb3_ws/install/amr_msgs/include/amr_msgs/amr_msgs/msg/rosidl_typesupport_introspection_c__visibility_control.h
[3.754s] -- Up-to-date symlink: /home/turtlebot/tb3_ws/install/amr_msgs/include/amr_msgs/amr_msgs/msg/detail/key__builder.hpp
[3.757s] -- Up-to-date symlink: /home/turtlebot/tb3_ws/install/amr_msgs/include/amr_msgs/amr_msgs/msg/detail/key__struct.hpp
[3.760s] -- Up-to-date symlink: /home/turtlebot/tb3_ws/install/amr_msgs/include/amr_msgs/amr_msgs/msg/detail/key__traits.hpp
[3.763s] -- Up-to-date symlink: /home/turtlebot/tb3_ws/install/amr_msgs/include/amr_msgs/amr_msgs/msg/key.hpp
[3.765s] -- Up-to-date symlink: /home/turtlebot/tb3_ws/install/amr_msgs/include/amr_msgs/amr_msgs/msg/detail/key__rosidl_typesupport_fastrtps_cpp.hpp
[3.768s] -- Up-to-date symlink: /home/turtlebot/tb3_ws/install/amr_msgs/include/amr_msgs/amr_msgs/msg/rosidl_typesupport_fastrtps_cpp__visibility_control.h
[3.770s] -- Up-to-date symlink: /home/turtlebot/tb3_ws/install/amr_msgs/include/amr_msgs/amr_msgs/msg/detail/key__rosidl_typesupport_introspection_cpp.hpp
[3.773s] -- Up-to-date symlink: /home/turtlebot/tb3_ws/install/amr_msgs/share/amr_msgs/environment/pythonpath.sh
[3.775s] -- Up-to-date symlink: /home/turtlebot/tb3_ws/install/amr_msgs/share/amr_msgs/environment/pythonpath.dsv
[3.777s] -- Up-to-date symlink: /home/turtlebot/tb3_ws/install/amr_msgs/local/lib/python3.10/dist-packages/amr_msgs-0.0.0-py3.10.egg-info/PKG-INFO
[3.780s] -- Up-to-date symlink: /home/turtlebot/tb3_ws/install/amr_msgs/local/lib/python3.10/dist-packages/amr_msgs-0.0.0-py3.10.egg-info/SOURCES.txt
[3.782s] -- Up-to-date symlink: /home/turtlebot/tb3_ws/install/amr_msgs/local/lib/python3.10/dist-packages/amr_msgs-0.0.0-py3.10.egg-info/dependency_links.txt
[3.786s] -- Up-to-date symlink: /home/turtlebot/tb3_ws/install/amr_msgs/local/lib/python3.10/dist-packages/amr_msgs-0.0.0-py3.10.egg-info/top_level.txt
[3.788s] -- Up-to-date symlink: /home/turtlebot/tb3_ws/install/amr_msgs/local/lib/python3.10/dist-packages/amr_msgs/__init__.py
[3.791s] -- Up-to-date symlink: /home/turtlebot/tb3_ws/install/amr_msgs/local/lib/python3.10/dist-packages/amr_msgs/_amr_msgs_s.ep.rosidl_typesupport_c.c
[3.793s] -- Up-to-date symlink: /home/turtlebot/tb3_ws/install/amr_msgs/local/lib/python3.10/dist-packages/amr_msgs/_amr_msgs_s.ep.rosidl_typesupport_fastrtps_c.c
[3.796s] -- Up-to-date symlink: /home/turtlebot/tb3_ws/install/amr_msgs/local/lib/python3.10/dist-packages/amr_msgs/_amr_msgs_s.ep.rosidl_typesupport_introspection_c.c
[3.798s] -- Up-to-date symlink: /home/turtlebot/tb3_ws/install/amr_msgs/local/lib/python3.10/dist-packages/amr_msgs/amr_msgs_s__rosidl_typesupport_c.cpython-310-aarch64-linux-gnu.so
[3.800s] -- Up-to-date symlink: /home/turtlebot/tb3_ws/install/amr_msgs/local/lib/python3.10/dist-packages/amr_msgs/amr_msgs_s__rosidl_typesupport_fastrtps_c.cpython-310-aarch64-linux-gnu.so
[3.802s] -- Up-to-date symlink: /home/turtlebot/tb3_ws/install/amr_msgs/local/lib/python3.10/dist-packages/amr_msgs/amr_msgs_s__rosidl_typesupport_introspection_c.cpython-310-aarch64-linux-gnu.so
[3.805s] -- Up-to-date symlink: /home/turtlebot/tb3_ws/install/amr_msgs/local/lib/python3.10/dist-packages/amr_msgs/libamr_msgs__rosidl_generator_py.so
[3.808s] -- Up-to-date symlink: /home/turtlebot/tb3_ws/install/amr_msgs/local/lib/python3.10/dist-packages/amr_msgs/msg/__init__.py
[3.810s] -- Up-to-date symlink: /home/turtlebot/tb3_ws/install/amr_msgs/local/lib/python3.10/dist-packages/amr_msgs/msg/_key.py
[3.813s] -- Up-to-date symlink: /home/turtlebot/tb3_ws/install/amr_msgs/local/lib/python3.10/dist-packages/amr_msgs/msg/_key_s.c
[3.816s] -- Up-to-date symlink: /home/turtlebot/tb3_ws/install/amr_msgs/local/lib/python3.10/dist-packages/amr_msgs/amr_msgs_s__rosidl_typesupport_fastrtps_c.cpython-310-aarch64-linux-gnu.so
[3.818s] -- Up-to-date symlink: /home/turtlebot/tb3_ws/install/amr_msgs/local/lib/python3.10/dist-packages/amr_msgs/amr_msgs_s__rosidl_typesupport_introspection_c.cpython-310-aarch64-linux-gnu.so
[3.821s] -- Up-to-date symlink: /home/turtlebot/tb3_ws/install/amr_msgs/local/lib/python3.10/dist-packages/amr_msgs/amr_msgs_s__rosidl_typesupport_c.cpython-310-aarch64-linux-gnu.so
[3.824s] -- Up-to-date symlink: /home/turtlebot/tb3_ws/install/amr_msgs/share/amr_msgs/msg/Key.idl
[3.828s] -- Up-to-date symlink: /home/turtlebot/tb3_ws/install/amr_msgs/share/amr_msgs/msg/Key.msg
[3.828s] -- Up-to-date symlink: /home/turtlebot/tb3_ws/install/amr_msgs/share/ament_index/resource_index/package_run_dependencies/amr_msgs
[3.829s] -- Up-to-date symlink: /home/turtlebot/tb3_ws/install/amr_msgs/share/ament_index/resource_index/parent_prefix_path/amr_msgs
[3.829s] -- Up-to-date symlink: /home/turtlebot/tb3_ws/install/amr_msgs/share/amr_msgs/environment/ament_prefix_path.sh
[3.829s] -- Up-to-date symlink: /home/turtlebot/tb3_ws/install/amr_msgs/share/amr_msgs/environment/ament_prefix_path.dsv
[3.830s] -- Up-to-date symlink: /home/turtlebot/tb3_ws/install/amr_msgs/share/amr_msgs/environment/path.sh
[3.830s] -- Up-to-date symlink: /home/turtlebot/tb3_ws/install/amr_msgs/share/amr_msgs/environment/path.dsv
[3.831s] -- Up-to-date symlink: /home/turtlebot/tb3_ws/install/amr_msgs/share/amr_msgs/local_setup.bash
[3.831s] -- Up-to-date symlink: /home/turtlebot/tb3_ws/install/amr_msgs/share/amr_msgs/local_setup.sh
[3.832s] -- Up-to-date symlink: /home/turtlebot/tb3_ws/install/amr_msgs/share/amr_msgs/local_setup.zsh
[3.832s] -- Up-to-date symlink: /home/turtlebot/tb3_ws/install/amr_msgs/share/amr_msgs/local_setup.dsv
[3.832s] -- Symlinking: /home/turtlebot/tb3_ws/install/amr_msgs/share/amr_msgs/package.dsv
[3.833s] -- Up-to-date symlink: /home/turtlebot/tb3_ws/install/amr_msgs/share/ament_index/resource_index/packages/amr_msgs
[3.833s] -- Up-to-date symlink: /home/turtlebot/tb3_ws/install/amr_msgs/share/amr_msgs/cmake/rosidl_cmake-extras.cmake
[3.836s] -- Up-to-date symlink: /home/turtlebot/tb3_ws/install/amr_msgs/share/amr_msgs/cmake/ament_cmake_export_include_directories-extras.cmake
[3.837s] -- Up-to-date symlink: /home/turtlebot/tb3_ws/install/amr_msgs/share/amr_msgs/cmake/ament_cmake_export_libraries-extras.cmake
[3.840s] -- Up-to-date symlink: /home/turtlebot/tb3_ws/install/amr_msgs/share/amr_msgs/cmake/ament_cmake_export_targets-extras.cmake
[3.842s] -- Up-to-date symlink: /home/turtlebot/tb3_ws/install/amr_msgs/share/amr_msgs/cmake/rosidl_cmake_export_typesupport_targets-extras.cmake
[3.844s] -- Up-to-date symlink: /home/turtlebot/tb3_ws/install/amr_msgs/share/amr_msgs/cmake/ament_cmake_export_dependencies-extras.cmake
[3.846s] -- Up-to-date symlink: /home/turtlebot/tb3_ws/install/amr_msgs/share/amr_msgs/cmake/rosidl_cmake_export_typesupport_libraries-extras.cmake
[3.848s] -- Up-to-date symlink: /home/turtlebot/tb3_ws/install/amr_msgs/share/amr_msgs/cmake/amr_msgsConfig.cmake
[3.851s] -- Up-to-date symlink: /home/turtlebot/tb3_ws/install/amr_msgs/share/amr_msgs/cmake/amr_msgsConfig-version.cmake
[3.853s] -- Up-to-date symlink: /home/turtlebot/tb3_ws/install/amr_msgs/share/amr_msgs/package.xml
[3.855s] -- Up-to-date: /home/turtlebot/tb3_ws/install/amr_msgs/lib/libamr_msgs__rosidl_generator_c.so
[3.856s] -- Up-to-date: /home/turtlebot/tb3_ws/install/amr_msgs/lib/libamr_msgs__rosidl_typesupport_fastrtps_c.so
[3.859s] -- Up-to-date: /home/turtlebot/tb3_ws/install/amr_msgs/lib/libamr_msgs__rosidl_typesupport_introspection_c.so
[3.861s] -- Up-to-date: /home/turtlebot/tb3_ws/install/amr_msgs/lib/libamr_msgs__rosidl_typesupport_c.so
[3.863s] -- Up-to-date: /home/turtlebot/tb3_ws/install/amr_msgs/lib/libamr_msgs__rosidl_typesupport_fastrtps_cpp.so
[3.867s] -- Up-to-date: /home/turtlebot/tb3_ws/install/amr_msgs/lib/libamr_msgs__rosidl_typesupport_introspection_cpp.so
[3.871s] -- Up-to-date: /home/turtlebot/tb3_ws/install/amr_msgs/lib/libamr_msgs__rosidl_typesupport_cpp.so
[4.070s] Listing '/home/turtlebot/tb3_ws/install/amr_msgs/local/lib/python3.10/dist-packages/amr_msgs'...
[4.076s] Listing '/home/turtlebot/tb3_ws/install/amr_msgs/local/lib/python3.10/dist-packages/amr_msgs/msg'...
[4.102s] -- Up-to-date: /home/turtlebot/tb3_ws/install/amr_msgs/lib/libamr_msgs__rosidl_generator_py.so
[4.108s] -- Up-to-date: /home/turtlebot/tb3_ws/install/amr_msgs/share/amr_msgs/cmake/export_amr_msgs__rosidl_generator_cExport.cmake
[4.113s] -- Up-to-date: /home/turtlebot/tb3_ws/install/amr_msgs/share/amr_msgs/cmake/export_amr_msgs__rosidl_generator_cExport-noconfig.cmake
[4.116s] -- Up-to-date: /home/turtlebot/tb3_ws/install/amr_msgs/share/amr_msgs/cmake/export_amr_msgs__rosidl_typesupport_fastrtps_cExport.cmake
[4.120s] -- Up-to-date: /home/turtlebot/tb3_ws/install/amr_msgs/share/amr_msgs/cmake/export_amr_msgs__rosidl_typesupport_fastrtps_cExport-noconfig.cmake
[4.126s] -- Up-to-date: /home/turtlebot/tb3_ws/install/amr_msgs/share/amr_msgs/cmake/amr_msgs__rosidl_typesupport_introspection_cExport.cmake
[4.137s] -- Up-to-date: /home/turtlebot/tb3_ws/install/amr_msgs/share/amr_msgs/cmake/amr_msgs__rosidl_typesupport_introspection_cExport-noconfig.cmake
[4.139s] -- Up-to-date: /home/turtlebot/tb3_ws/install/amr_msgs/share/amr_msgs/cmake/amr_msgs__rosidl_typesupport_cExport.cmake
[4.141s] -- Up-to-date: /home/turtlebot/tb3_ws/install/amr_msgs/share/amr_msgs/cmake/amr_msgs__rosidl_typesupport_cExport-noconfig.cmake
[4.144s] -- Up-to-date: /home/turtlebot/tb3_ws/install/amr_msgs/share/amr_msgs/cmake/export_amr_msgs__rosidl_generator_cppExport.cmake
[4.147s] -- Up-to-date: /home/turtlebot/tb3_ws/install/amr_msgs/share/amr_msgs/cmake/export_amr_msgs__rosidl_typesupport_fastrtps_cppExport.cmake
[4.149s] -- Up-to-date: /home/turtlebot/tb3_ws/install/amr_msgs/share/amr_msgs/cmake/export_amr_msgs__rosidl_typesupport_fastrtps_cppExport-noconfig.cmake
[4.155s] -- Up-to-date: /home/turtlebot/tb3_ws/install/amr_msgs/share/amr_msgs/cmake/amr_msgs__rosidl_typesupport_introspection_cppExport.cmake
[4.158s] -- Up-to-date: /home/turtlebot/tb3_ws/install/amr_msgs/share/amr_msgs/cmake/amr_msgs__rosidl_typesupport_introspection_cppExport-noconfig.cmake
[4.160s] -- Up-to-date: /home/turtlebot/tb3_ws/install/amr_msgs/share/amr_msgs/cmake/amr_msgs__rosidl_typesupport_cppExport.cmake
[4.164s] -- Up-to-date: /home/turtlebot/tb3_ws/install/amr_msgs/share/amr_msgs/cmake/amr_msgs__rosidl_typesupport_cppExport-noconfig.cmake
[4.167s] -- Up-to-date: /home/turtlebot/tb3_ws/install/amr_msgs/share/amr_msgs/cmake/export_amr_msgs__rosidl_generator_pyExport.cmake
[4.169s] -- Up-to-date: /home/turtlebot/tb3_ws/install/amr_msgs/share/amr_msgs/cmake/export_amr_msgs__rosidl_generator_pyExport-noconfig.cmake
[4.172s] Invoked command in '/home/turtlebot/tb3_ws/build/amr_msgs' returned '0': CMAKE_PREFIX_PATH=${CMAKE_PREFIX_PATH}:/home/turtlebot/turtlebot3_ws/install/turtlebot3_teleop:/home/turtlebot/turtlebot3_ws/install/turtlebot3_example:/opt/ros/humble /usr/bin/cmake --install /home/turtlebot/tb3_ws/build/amr_msgs
