[0.333s] Invoking command in '/home/turtlebot/tb3_ws/build/amr_msgs': CMAKE_PREFIX_PATH=${CMAKE_PREFIX_PATH}:/home/turtlebot/turtlebot3_ws/install/turtlebot3_teleop:/home/turtlebot/turtlebot3_ws/install/turtlebot3_example:/opt/ros/humble /usr/bin/cmake --build /home/turtlebot/tb3_ws/build/amr_msgs -- -j4 -l4
[0.887s] [  3%] Built target amr_msgs__cpp
[0.904s] [ 12%] Built target amr_msgs__rosidl_generator_c
[0.911s] [ 12%] Built target ament_cmake_python_symlink_amr_msgs
[1.052s] [ 29%] Built target amr_msgs__rosidl_typesupport_fastrtps_cpp
[1.057s] [ 38%] Built target amr_msgs__rosidl_typesupport_fastrtps_c
[1.062s] [ 41%] Built target amr_msgs__rosidl_typesupport_introspection_cpp
[1.062s] [ 51%] Built target amr_msgs__rosidl_typesupport_cpp
[1.164s] [ 61%] Built target amr_msgs__rosidl_typesupport_introspection_c
[1.169s] [ 70%] Built target amr_msgs__rosidl_typesupport_c
[1.265s] [ 70%] Built target amr_msgs
[1.363s] [ 74%] Built target amr_msgs__py
[1.479s] [ 80%] Built target amr_msgs__rosidl_generator_py
[1.610s] [ 87%] Built target amr_msgs__rosidl_typesupport_introspection_c__pyext
[1.616s] [ 93%] Built target amr_msgs__rosidl_typesupport_fastrtps_c__pyext
[1.623s] [100%] Built target amr_msgs__rosidl_typesupport_c__pyext
[2.356s] running egg_info
[2.359s] writing amr_msgs.egg-info/PKG-INFO
[2.360s] writing dependency_links to amr_msgs.egg-info/dependency_links.txt
[2.362s] writing top-level names to amr_msgs.egg-info/top_level.txt
[2.378s] reading manifest file 'amr_msgs.egg-info/SOURCES.txt'
[2.382s] writing manifest file 'amr_msgs.egg-info/SOURCES.txt'
[2.510s] [100%] Built target ament_cmake_python_build_amr_msgs_egg
[2.550s] Invoked command in '/home/turtlebot/tb3_ws/build/amr_msgs' returned '0': CMAKE_PREFIX_PATH=${CMAKE_PREFIX_PATH}:/home/turtlebot/turtlebot3_ws/install/turtlebot3_teleop:/home/turtlebot/turtlebot3_ws/install/turtlebot3_example:/opt/ros/humble /usr/bin/cmake --build /home/turtlebot/tb3_ws/build/amr_msgs -- -j4 -l4
[2.949s] Invoking command in '/home/turtlebot/tb3_ws/build/amr_msgs': CMAKE_PREFIX_PATH=${CMAKE_PREFIX_PATH}:/home/turtlebot/turtlebot3_ws/install/turtlebot3_teleop:/home/turtlebot/turtlebot3_ws/install/turtlebot3_example:/opt/ros/humble /usr/bin/cmake --install /home/turtlebot/tb3_ws/build/amr_msgs
[2.980s] -- Install configuration: ""
[2.986s] -- Execute custom install script
[2.987s] -- Up-to-date symlink: /home/turtlebot/tb3_ws/install/amr_msgs/share/ament_index/resource_index/rosidl_interfaces/amr_msgs
[2.991s] -- Up-to-date symlink: /home/turtlebot/tb3_ws/install/amr_msgs/include/amr_msgs/amr_msgs/msg/detail/key__functions.h
[2.992s] -- Up-to-date symlink: /home/turtlebot/tb3_ws/install/amr_msgs/include/amr_msgs/amr_msgs/msg/detail/key__struct.h
[2.993s] -- Up-to-date symlink: /home/turtlebot/tb3_ws/install/amr_msgs/include/amr_msgs/amr_msgs/msg/detail/key__type_support.h
[2.994s] -- Up-to-date symlink: /home/turtlebot/tb3_ws/install/amr_msgs/include/amr_msgs/amr_msgs/msg/key.h
[2.996s] -- Up-to-date symlink: /home/turtlebot/tb3_ws/install/amr_msgs/include/amr_msgs/amr_msgs/msg/rosidl_generator_c__visibility_control.h
[2.997s] -- Up-to-date symlink: /home/turtlebot/tb3_ws/install/amr_msgs/share/amr_msgs/environment/library_path.sh
[2.998s] -- Up-to-date symlink: /home/turtlebot/tb3_ws/install/amr_msgs/share/amr_msgs/environment/library_path.dsv
[3.001s] -- Up-to-date symlink: /home/turtlebot/tb3_ws/install/amr_msgs/include/amr_msgs/amr_msgs/msg/detail/key__rosidl_typesupport_fastrtps_c.h
[3.002s] -- Up-to-date symlink: /home/turtlebot/tb3_ws/install/amr_msgs/include/amr_msgs/amr_msgs/msg/rosidl_typesupport_fastrtps_c__visibility_control.h
[3.004s] -- Up-to-date symlink: /home/turtlebot/tb3_ws/install/amr_msgs/include/amr_msgs/amr_msgs/msg/detail/key__rosidl_typesupport_introspection_c.h
[3.005s] -- Up-to-date symlink: /home/turtlebot/tb3_ws/install/amr_msgs/include/amr_msgs/amr_msgs/msg/rosidl_typesupport_introspection_c__visibility_control.h
[3.007s] -- Up-to-date symlink: /home/turtlebot/tb3_ws/install/amr_msgs/include/amr_msgs/amr_msgs/msg/detail/key__builder.hpp
[3.008s] -- Up-to-date symlink: /home/turtlebot/tb3_ws/install/amr_msgs/include/amr_msgs/amr_msgs/msg/detail/key__struct.hpp
[3.009s] -- Up-to-date symlink: /home/turtlebot/tb3_ws/install/amr_msgs/include/amr_msgs/amr_msgs/msg/detail/key__traits.hpp
[3.009s] -- Up-to-date symlink: /home/turtlebot/tb3_ws/install/amr_msgs/include/amr_msgs/amr_msgs/msg/key.hpp
[3.012s] -- Up-to-date symlink: /home/turtlebot/tb3_ws/install/amr_msgs/include/amr_msgs/amr_msgs/msg/detail/key__rosidl_typesupport_fastrtps_cpp.hpp
[3.013s] -- Up-to-date symlink: /home/turtlebot/tb3_ws/install/amr_msgs/include/amr_msgs/amr_msgs/msg/rosidl_typesupport_fastrtps_cpp__visibility_control.h
[3.015s] -- Up-to-date symlink: /home/turtlebot/tb3_ws/install/amr_msgs/include/amr_msgs/amr_msgs/msg/detail/key__rosidl_typesupport_introspection_cpp.hpp
[3.016s] -- Up-to-date symlink: /home/turtlebot/tb3_ws/install/amr_msgs/share/amr_msgs/environment/pythonpath.sh
[3.017s] -- Up-to-date symlink: /home/turtlebot/tb3_ws/install/amr_msgs/share/amr_msgs/environment/pythonpath.dsv
[3.019s] -- Up-to-date symlink: /home/turtlebot/tb3_ws/install/amr_msgs/local/lib/python3.10/dist-packages/amr_msgs-0.0.0-py3.10.egg-info/PKG-INFO
[3.019s] -- Up-to-date symlink: /home/turtlebot/tb3_ws/install/amr_msgs/local/lib/python3.10/dist-packages/amr_msgs-0.0.0-py3.10.egg-info/SOURCES.txt
[3.020s] -- Up-to-date symlink: /home/turtlebot/tb3_ws/install/amr_msgs/local/lib/python3.10/dist-packages/amr_msgs-0.0.0-py3.10.egg-info/dependency_links.txt
[3.021s] -- Up-to-date symlink: /home/turtlebot/tb3_ws/install/amr_msgs/local/lib/python3.10/dist-packages/amr_msgs-0.0.0-py3.10.egg-info/top_level.txt
[3.025s] -- Up-to-date symlink: /home/turtlebot/tb3_ws/install/amr_msgs/local/lib/python3.10/dist-packages/amr_msgs/__init__.py
[3.026s] -- Up-to-date symlink: /home/turtlebot/tb3_ws/install/amr_msgs/local/lib/python3.10/dist-packages/amr_msgs/_amr_msgs_s.ep.rosidl_typesupport_c.c
[3.027s] -- Up-to-date symlink: /home/turtlebot/tb3_ws/install/amr_msgs/local/lib/python3.10/dist-packages/amr_msgs/_amr_msgs_s.ep.rosidl_typesupport_fastrtps_c.c
[3.028s] -- Up-to-date symlink: /home/turtlebot/tb3_ws/install/amr_msgs/local/lib/python3.10/dist-packages/amr_msgs/_amr_msgs_s.ep.rosidl_typesupport_introspection_c.c
[3.029s] -- Up-to-date symlink: /home/turtlebot/tb3_ws/install/amr_msgs/local/lib/python3.10/dist-packages/amr_msgs/amr_msgs_s__rosidl_typesupport_c.cpython-310-aarch64-linux-gnu.so
[3.030s] -- Up-to-date symlink: /home/turtlebot/tb3_ws/install/amr_msgs/local/lib/python3.10/dist-packages/amr_msgs/amr_msgs_s__rosidl_typesupport_fastrtps_c.cpython-310-aarch64-linux-gnu.so
[3.031s] -- Up-to-date symlink: /home/turtlebot/tb3_ws/install/amr_msgs/local/lib/python3.10/dist-packages/amr_msgs/amr_msgs_s__rosidl_typesupport_introspection_c.cpython-310-aarch64-linux-gnu.so
[3.032s] -- Up-to-date symlink: /home/turtlebot/tb3_ws/install/amr_msgs/local/lib/python3.10/dist-packages/amr_msgs/libamr_msgs__rosidl_generator_py.so
[3.034s] -- Up-to-date symlink: /home/turtlebot/tb3_ws/install/amr_msgs/local/lib/python3.10/dist-packages/amr_msgs/msg/__init__.py
[3.034s] -- Up-to-date symlink: /home/turtlebot/tb3_ws/install/amr_msgs/local/lib/python3.10/dist-packages/amr_msgs/msg/_key.py
[3.035s] -- Up-to-date symlink: /home/turtlebot/tb3_ws/install/amr_msgs/local/lib/python3.10/dist-packages/amr_msgs/msg/_key_s.c
[3.038s] -- Up-to-date symlink: /home/turtlebot/tb3_ws/install/amr_msgs/local/lib/python3.10/dist-packages/amr_msgs/amr_msgs_s__rosidl_typesupport_fastrtps_c.cpython-310-aarch64-linux-gnu.so
[3.040s] -- Up-to-date symlink: /home/turtlebot/tb3_ws/install/amr_msgs/local/lib/python3.10/dist-packages/amr_msgs/amr_msgs_s__rosidl_typesupport_introspection_c.cpython-310-aarch64-linux-gnu.so
[3.042s] -- Up-to-date symlink: /home/turtlebot/tb3_ws/install/amr_msgs/local/lib/python3.10/dist-packages/amr_msgs/amr_msgs_s__rosidl_typesupport_c.cpython-310-aarch64-linux-gnu.so
[3.043s] -- Up-to-date symlink: /home/turtlebot/tb3_ws/install/amr_msgs/share/amr_msgs/msg/Key.idl
[3.044s] -- Up-to-date symlink: /home/turtlebot/tb3_ws/install/amr_msgs/share/amr_msgs/msg/Key.msg
[3.045s] -- Up-to-date symlink: /home/turtlebot/tb3_ws/install/amr_msgs/share/ament_index/resource_index/package_run_dependencies/amr_msgs
[3.047s] -- Up-to-date symlink: /home/turtlebot/tb3_ws/install/amr_msgs/share/ament_index/resource_index/parent_prefix_path/amr_msgs
[3.048s] -- Up-to-date symlink: /home/turtlebot/tb3_ws/install/amr_msgs/share/amr_msgs/environment/ament_prefix_path.sh
[3.049s] -- Up-to-date symlink: /home/turtlebot/tb3_ws/install/amr_msgs/share/amr_msgs/environment/ament_prefix_path.dsv
[3.050s] -- Up-to-date symlink: /home/turtlebot/tb3_ws/install/amr_msgs/share/amr_msgs/environment/path.sh
[3.051s] -- Up-to-date symlink: /home/turtlebot/tb3_ws/install/amr_msgs/share/amr_msgs/environment/path.dsv
[3.052s] -- Up-to-date symlink: /home/turtlebot/tb3_ws/install/amr_msgs/share/amr_msgs/local_setup.bash
[3.053s] -- Up-to-date symlink: /home/turtlebot/tb3_ws/install/amr_msgs/share/amr_msgs/local_setup.sh
[3.053s] -- Up-to-date symlink: /home/turtlebot/tb3_ws/install/amr_msgs/share/amr_msgs/local_setup.zsh
[3.054s] -- Up-to-date symlink: /home/turtlebot/tb3_ws/install/amr_msgs/share/amr_msgs/local_setup.dsv
[3.055s] -- Symlinking: /home/turtlebot/tb3_ws/install/amr_msgs/share/amr_msgs/package.dsv
[3.088s] -- Up-to-date symlink: /home/turtlebot/tb3_ws/install/amr_msgs/share/ament_index/resource_index/packages/amr_msgs
[3.088s] -- Up-to-date symlink: /home/turtlebot/tb3_ws/install/amr_msgs/share/amr_msgs/cmake/rosidl_cmake-extras.cmake
[3.090s] -- Up-to-date symlink: /home/turtlebot/tb3_ws/install/amr_msgs/share/amr_msgs/cmake/ament_cmake_export_include_directories-extras.cmake
[3.091s] -- Up-to-date symlink: /home/turtlebot/tb3_ws/install/amr_msgs/share/amr_msgs/cmake/ament_cmake_export_libraries-extras.cmake
[3.092s] -- Up-to-date symlink: /home/turtlebot/tb3_ws/install/amr_msgs/share/amr_msgs/cmake/ament_cmake_export_targets-extras.cmake
[3.093s] -- Up-to-date symlink: /home/turtlebot/tb3_ws/install/amr_msgs/share/amr_msgs/cmake/rosidl_cmake_export_typesupport_targets-extras.cmake
[3.094s] -- Up-to-date symlink: /home/turtlebot/tb3_ws/install/amr_msgs/share/amr_msgs/cmake/ament_cmake_export_dependencies-extras.cmake
[3.095s] -- Up-to-date symlink: /home/turtlebot/tb3_ws/install/amr_msgs/share/amr_msgs/cmake/rosidl_cmake_export_typesupport_libraries-extras.cmake
[3.096s] -- Up-to-date symlink: /home/turtlebot/tb3_ws/install/amr_msgs/share/amr_msgs/cmake/amr_msgsConfig.cmake
[3.097s] -- Up-to-date symlink: /home/turtlebot/tb3_ws/install/amr_msgs/share/amr_msgs/cmake/amr_msgsConfig-version.cmake
[3.098s] -- Up-to-date symlink: /home/turtlebot/tb3_ws/install/amr_msgs/share/amr_msgs/package.xml
[3.101s] -- Up-to-date: /home/turtlebot/tb3_ws/install/amr_msgs/lib/libamr_msgs__rosidl_generator_c.so
[3.108s] -- Up-to-date: /home/turtlebot/tb3_ws/install/amr_msgs/lib/libamr_msgs__rosidl_typesupport_fastrtps_c.so
[3.111s] -- Up-to-date: /home/turtlebot/tb3_ws/install/amr_msgs/lib/libamr_msgs__rosidl_typesupport_introspection_c.so
[3.114s] -- Up-to-date: /home/turtlebot/tb3_ws/install/amr_msgs/lib/libamr_msgs__rosidl_typesupport_c.so
[3.118s] -- Up-to-date: /home/turtlebot/tb3_ws/install/amr_msgs/lib/libamr_msgs__rosidl_typesupport_fastrtps_cpp.so
[3.123s] -- Up-to-date: /home/turtlebot/tb3_ws/install/amr_msgs/lib/libamr_msgs__rosidl_typesupport_introspection_cpp.so
[3.126s] -- Up-to-date: /home/turtlebot/tb3_ws/install/amr_msgs/lib/libamr_msgs__rosidl_typesupport_cpp.so
[3.339s] Listing '/home/turtlebot/tb3_ws/install/amr_msgs/local/lib/python3.10/dist-packages/amr_msgs'...
[3.341s] Listing '/home/turtlebot/tb3_ws/install/amr_msgs/local/lib/python3.10/dist-packages/amr_msgs/msg'...
[3.373s] -- Up-to-date: /home/turtlebot/tb3_ws/install/amr_msgs/lib/libamr_msgs__rosidl_generator_py.so
[3.377s] -- Up-to-date: /home/turtlebot/tb3_ws/install/amr_msgs/share/amr_msgs/cmake/export_amr_msgs__rosidl_generator_cExport.cmake
[3.377s] -- Up-to-date: /home/turtlebot/tb3_ws/install/amr_msgs/share/amr_msgs/cmake/export_amr_msgs__rosidl_generator_cExport-noconfig.cmake
[3.379s] -- Up-to-date: /home/turtlebot/tb3_ws/install/amr_msgs/share/amr_msgs/cmake/export_amr_msgs__rosidl_typesupport_fastrtps_cExport.cmake
[3.380s] -- Up-to-date: /home/turtlebot/tb3_ws/install/amr_msgs/share/amr_msgs/cmake/export_amr_msgs__rosidl_typesupport_fastrtps_cExport-noconfig.cmake
[3.383s] -- Up-to-date: /home/turtlebot/tb3_ws/install/amr_msgs/share/amr_msgs/cmake/amr_msgs__rosidl_typesupport_introspection_cExport.cmake
[3.383s] -- Up-to-date: /home/turtlebot/tb3_ws/install/amr_msgs/share/amr_msgs/cmake/amr_msgs__rosidl_typesupport_introspection_cExport-noconfig.cmake
[3.385s] -- Up-to-date: /home/turtlebot/tb3_ws/install/amr_msgs/share/amr_msgs/cmake/amr_msgs__rosidl_typesupport_cExport.cmake
[3.386s] -- Up-to-date: /home/turtlebot/tb3_ws/install/amr_msgs/share/amr_msgs/cmake/amr_msgs__rosidl_typesupport_cExport-noconfig.cmake
[3.388s] -- Up-to-date: /home/turtlebot/tb3_ws/install/amr_msgs/share/amr_msgs/cmake/export_amr_msgs__rosidl_generator_cppExport.cmake
[3.390s] -- Up-to-date: /home/turtlebot/tb3_ws/install/amr_msgs/share/amr_msgs/cmake/export_amr_msgs__rosidl_typesupport_fastrtps_cppExport.cmake
[3.391s] -- Up-to-date: /home/turtlebot/tb3_ws/install/amr_msgs/share/amr_msgs/cmake/export_amr_msgs__rosidl_typesupport_fastrtps_cppExport-noconfig.cmake
[3.393s] -- Up-to-date: /home/turtlebot/tb3_ws/install/amr_msgs/share/amr_msgs/cmake/amr_msgs__rosidl_typesupport_introspection_cppExport.cmake
[3.394s] -- Up-to-date: /home/turtlebot/tb3_ws/install/amr_msgs/share/amr_msgs/cmake/amr_msgs__rosidl_typesupport_introspection_cppExport-noconfig.cmake
[3.396s] -- Up-to-date: /home/turtlebot/tb3_ws/install/amr_msgs/share/amr_msgs/cmake/amr_msgs__rosidl_typesupport_cppExport.cmake
[3.396s] -- Up-to-date: /home/turtlebot/tb3_ws/install/amr_msgs/share/amr_msgs/cmake/amr_msgs__rosidl_typesupport_cppExport-noconfig.cmake
[3.399s] -- Up-to-date: /home/turtlebot/tb3_ws/install/amr_msgs/share/amr_msgs/cmake/export_amr_msgs__rosidl_generator_pyExport.cmake
[3.400s] -- Up-to-date: /home/turtlebot/tb3_ws/install/amr_msgs/share/amr_msgs/cmake/export_amr_msgs__rosidl_generator_pyExport-noconfig.cmake
[3.414s] Invoked command in '/home/turtlebot/tb3_ws/build/amr_msgs' returned '0': CMAKE_PREFIX_PATH=${CMAKE_PREFIX_PATH}:/home/turtlebot/turtlebot3_ws/install/turtlebot3_teleop:/home/turtlebot/turtlebot3_ws/install/turtlebot3_example:/opt/ros/humble /usr/bin/cmake --install /home/turtlebot/tb3_ws/build/amr_msgs
