[0.835s] Invoking command in '/home/turtlebot/tb3_ws/build/amr_msgs': CMAKE_PREFIX_PATH=${CMAKE_PREFIX_PATH}:/home/turtlebot/tb3_ws/install/amr_teleoperation:/home/turtlebot/turtlebot3_ws/install/turtlebot3_teleop:/home/turtlebot/turtlebot3_ws/install/turtlebot3_example:/opt/ros/humble /usr/bin/cmake --build /home/turtlebot/tb3_ws/build/amr_msgs -- -j4 -l4
[1.096s] [  3%] Built target amr_msgs__cpp
[1.108s] [ 12%] Built target amr_msgs__rosidl_generator_c
[1.127s] [ 12%] Built target ament_cmake_python_symlink_amr_msgs
[1.240s] [ 22%] Built target amr_msgs__rosidl_typesupport_cpp
[1.258s] [ 32%] Built target amr_msgs__rosidl_typesupport_introspection_cpp
[1.273s] [ 41%] Built target amr_msgs__rosidl_typesupport_fastrtps_cpp
[1.330s] [ 51%] Built target amr_msgs__rosidl_typesupport_fastrtps_c
[1.381s] [ 61%] Built target amr_msgs__rosidl_typesupport_introspection_c
[1.385s] [ 70%] Built target amr_msgs__rosidl_typesupport_c
[1.481s] [ 70%] Built target amr_msgs
[1.599s] [ 74%] Built target amr_msgs__py
[1.722s] [ 80%] Built target amr_msgs__rosidl_generator_py
[1.852s] [ 87%] Built target amr_msgs__rosidl_typesupport_c__pyext
[1.883s] [ 93%] Built target amr_msgs__rosidl_typesupport_fastrtps_c__pyext
[1.906s] [100%] Built target amr_msgs__rosidl_typesupport_introspection_c__pyext
[2.852s] running egg_info
[2.855s] writing amr_msgs.egg-info/PKG-INFO
[2.855s] writing dependency_links to amr_msgs.egg-info/dependency_links.txt
[2.856s] writing top-level names to amr_msgs.egg-info/top_level.txt
[2.869s] reading manifest file 'amr_msgs.egg-info/SOURCES.txt'
[2.871s] writing manifest file 'amr_msgs.egg-info/SOURCES.txt'
[3.005s] [100%] Built target ament_cmake_python_build_amr_msgs_egg
[3.090s] Invoked command in '/home/turtlebot/tb3_ws/build/amr_msgs' returned '0': CMAKE_PREFIX_PATH=${CMAKE_PREFIX_PATH}:/home/turtlebot/tb3_ws/install/amr_teleoperation:/home/turtlebot/turtlebot3_ws/install/turtlebot3_teleop:/home/turtlebot/turtlebot3_ws/install/turtlebot3_example:/opt/ros/humble /usr/bin/cmake --build /home/turtlebot/tb3_ws/build/amr_msgs -- -j4 -l4
[3.527s] Invoking command in '/home/turtlebot/tb3_ws/build/amr_msgs': CMAKE_PREFIX_PATH=${CMAKE_PREFIX_PATH}:/home/turtlebot/tb3_ws/install/amr_teleoperation:/home/turtlebot/turtlebot3_ws/install/turtlebot3_teleop:/home/turtlebot/turtlebot3_ws/install/turtlebot3_example:/opt/ros/humble /usr/bin/cmake --install /home/turtlebot/tb3_ws/build/amr_msgs
[3.557s] -- Install configuration: ""
[3.558s] -- Execute custom install script
[3.560s] -- Up-to-date symlink: /home/turtlebot/tb3_ws/install/amr_msgs/share/ament_index/resource_index/rosidl_interfaces/amr_msgs
[3.562s] -- Up-to-date symlink: /home/turtlebot/tb3_ws/install/amr_msgs/include/amr_msgs/amr_msgs/msg/detail/key__functions.h
[3.565s] -- Up-to-date symlink: /home/turtlebot/tb3_ws/install/amr_msgs/include/amr_msgs/amr_msgs/msg/detail/key__struct.h
[3.566s] -- Up-to-date symlink: /home/turtlebot/tb3_ws/install/amr_msgs/include/amr_msgs/amr_msgs/msg/detail/key__type_support.h
[3.567s] -- Up-to-date symlink: /home/turtlebot/tb3_ws/install/amr_msgs/include/amr_msgs/amr_msgs/msg/key.h
[3.569s] -- Up-to-date symlink: /home/turtlebot/tb3_ws/install/amr_msgs/include/amr_msgs/amr_msgs/msg/rosidl_generator_c__visibility_control.h
[3.571s] -- Up-to-date symlink: /home/turtlebot/tb3_ws/install/amr_msgs/share/amr_msgs/environment/library_path.sh
[3.572s] -- Up-to-date symlink: /home/turtlebot/tb3_ws/install/amr_msgs/share/amr_msgs/environment/library_path.dsv
[3.576s] -- Up-to-date symlink: /home/turtlebot/tb3_ws/install/amr_msgs/include/amr_msgs/amr_msgs/msg/detail/key__rosidl_typesupport_fastrtps_c.h
[3.579s] -- Up-to-date symlink: /home/turtlebot/tb3_ws/install/amr_msgs/include/amr_msgs/amr_msgs/msg/rosidl_typesupport_fastrtps_c__visibility_control.h
[3.581s] -- Up-to-date symlink: /home/turtlebot/tb3_ws/install/amr_msgs/include/amr_msgs/amr_msgs/msg/detail/key__rosidl_typesupport_introspection_c.h
[3.584s] -- Up-to-date symlink: /home/turtlebot/tb3_ws/install/amr_msgs/include/amr_msgs/amr_msgs/msg/rosidl_typesupport_introspection_c__visibility_control.h
[3.586s] -- Up-to-date symlink: /home/turtlebot/tb3_ws/install/amr_msgs/include/amr_msgs/amr_msgs/msg/detail/key__builder.hpp
[3.588s] -- Up-to-date symlink: /home/turtlebot/tb3_ws/install/amr_msgs/include/amr_msgs/amr_msgs/msg/detail/key__struct.hpp
[3.591s] -- Up-to-date symlink: /home/turtlebot/tb3_ws/install/amr_msgs/include/amr_msgs/amr_msgs/msg/detail/key__traits.hpp
[3.593s] -- Up-to-date symlink: /home/turtlebot/tb3_ws/install/amr_msgs/include/amr_msgs/amr_msgs/msg/key.hpp
[3.596s] -- Up-to-date symlink: /home/turtlebot/tb3_ws/install/amr_msgs/include/amr_msgs/amr_msgs/msg/detail/key__rosidl_typesupport_fastrtps_cpp.hpp
[3.598s] -- Up-to-date symlink: /home/turtlebot/tb3_ws/install/amr_msgs/include/amr_msgs/amr_msgs/msg/rosidl_typesupport_fastrtps_cpp__visibility_control.h
[3.600s] -- Up-to-date symlink: /home/turtlebot/tb3_ws/install/amr_msgs/include/amr_msgs/amr_msgs/msg/detail/key__rosidl_typesupport_introspection_cpp.hpp
[3.603s] -- Up-to-date symlink: /home/turtlebot/tb3_ws/install/amr_msgs/share/amr_msgs/environment/pythonpath.sh
[3.606s] -- Up-to-date symlink: /home/turtlebot/tb3_ws/install/amr_msgs/share/amr_msgs/environment/pythonpath.dsv
[3.608s] -- Up-to-date symlink: /home/turtlebot/tb3_ws/install/amr_msgs/local/lib/python3.10/dist-packages/amr_msgs-0.0.0-py3.10.egg-info/PKG-INFO
[3.611s] -- Up-to-date symlink: /home/turtlebot/tb3_ws/install/amr_msgs/local/lib/python3.10/dist-packages/amr_msgs-0.0.0-py3.10.egg-info/SOURCES.txt
[3.615s] -- Up-to-date symlink: /home/turtlebot/tb3_ws/install/amr_msgs/local/lib/python3.10/dist-packages/amr_msgs-0.0.0-py3.10.egg-info/dependency_links.txt
[3.618s] -- Up-to-date symlink: /home/turtlebot/tb3_ws/install/amr_msgs/local/lib/python3.10/dist-packages/amr_msgs-0.0.0-py3.10.egg-info/top_level.txt
[3.620s] -- Up-to-date symlink: /home/turtlebot/tb3_ws/install/amr_msgs/local/lib/python3.10/dist-packages/amr_msgs/__init__.py
[3.623s] -- Up-to-date symlink: /home/turtlebot/tb3_ws/install/amr_msgs/local/lib/python3.10/dist-packages/amr_msgs/_amr_msgs_s.ep.rosidl_typesupport_c.c
[3.625s] -- Up-to-date symlink: /home/turtlebot/tb3_ws/install/amr_msgs/local/lib/python3.10/dist-packages/amr_msgs/_amr_msgs_s.ep.rosidl_typesupport_fastrtps_c.c
[3.628s] -- Up-to-date symlink: /home/turtlebot/tb3_ws/install/amr_msgs/local/lib/python3.10/dist-packages/amr_msgs/_amr_msgs_s.ep.rosidl_typesupport_introspection_c.c
[3.632s] -- Up-to-date symlink: /home/turtlebot/tb3_ws/install/amr_msgs/local/lib/python3.10/dist-packages/amr_msgs/amr_msgs_s__rosidl_typesupport_c.cpython-310-aarch64-linux-gnu.so
[3.634s] -- Up-to-date symlink: /home/turtlebot/tb3_ws/install/amr_msgs/local/lib/python3.10/dist-packages/amr_msgs/amr_msgs_s__rosidl_typesupport_fastrtps_c.cpython-310-aarch64-linux-gnu.so
[3.637s] -- Up-to-date symlink: /home/turtlebot/tb3_ws/install/amr_msgs/local/lib/python3.10/dist-packages/amr_msgs/amr_msgs_s__rosidl_typesupport_introspection_c.cpython-310-aarch64-linux-gnu.so
[3.638s] -- Up-to-date symlink: /home/turtlebot/tb3_ws/install/amr_msgs/local/lib/python3.10/dist-packages/amr_msgs/libamr_msgs__rosidl_generator_py.so
[3.638s] -- Up-to-date symlink: /home/turtlebot/tb3_ws/install/amr_msgs/local/lib/python3.10/dist-packages/amr_msgs/msg/__init__.py
[3.639s] -- Up-to-date symlink: /home/turtlebot/tb3_ws/install/amr_msgs/local/lib/python3.10/dist-packages/amr_msgs/msg/_key.py
[3.639s] -- Up-to-date symlink: /home/turtlebot/tb3_ws/install/amr_msgs/local/lib/python3.10/dist-packages/amr_msgs/msg/_key_s.c
[3.639s] -- Up-to-date symlink: /home/turtlebot/tb3_ws/install/amr_msgs/local/lib/python3.10/dist-packages/amr_msgs/amr_msgs_s__rosidl_typesupport_fastrtps_c.cpython-310-aarch64-linux-gnu.so
[3.640s] -- Up-to-date symlink: /home/turtlebot/tb3_ws/install/amr_msgs/local/lib/python3.10/dist-packages/amr_msgs/amr_msgs_s__rosidl_typesupport_introspection_c.cpython-310-aarch64-linux-gnu.so
[3.640s] -- Up-to-date symlink: /home/turtlebot/tb3_ws/install/amr_msgs/local/lib/python3.10/dist-packages/amr_msgs/amr_msgs_s__rosidl_typesupport_c.cpython-310-aarch64-linux-gnu.so
[3.641s] -- Up-to-date symlink: /home/turtlebot/tb3_ws/install/amr_msgs/share/amr_msgs/msg/Key.idl
[3.641s] -- Up-to-date symlink: /home/turtlebot/tb3_ws/install/amr_msgs/share/amr_msgs/msg/Key.msg
[3.642s] -- Up-to-date symlink: /home/turtlebot/tb3_ws/install/amr_msgs/share/ament_index/resource_index/package_run_dependencies/amr_msgs
[3.642s] -- Up-to-date symlink: /home/turtlebot/tb3_ws/install/amr_msgs/share/ament_index/resource_index/parent_prefix_path/amr_msgs
[3.643s] -- Up-to-date symlink: /home/turtlebot/tb3_ws/install/amr_msgs/share/amr_msgs/environment/ament_prefix_path.sh
[3.643s] -- Up-to-date symlink: /home/turtlebot/tb3_ws/install/amr_msgs/share/amr_msgs/environment/ament_prefix_path.dsv
[3.643s] -- Up-to-date symlink: /home/turtlebot/tb3_ws/install/amr_msgs/share/amr_msgs/environment/path.sh
[3.644s] -- Up-to-date symlink: /home/turtlebot/tb3_ws/install/amr_msgs/share/amr_msgs/environment/path.dsv
[3.644s] -- Up-to-date symlink: /home/turtlebot/tb3_ws/install/amr_msgs/share/amr_msgs/local_setup.bash
[3.645s] -- Up-to-date symlink: /home/turtlebot/tb3_ws/install/amr_msgs/share/amr_msgs/local_setup.sh
[3.645s] -- Up-to-date symlink: /home/turtlebot/tb3_ws/install/amr_msgs/share/amr_msgs/local_setup.zsh
[3.646s] -- Up-to-date symlink: /home/turtlebot/tb3_ws/install/amr_msgs/share/amr_msgs/local_setup.dsv
[3.646s] -- Symlinking: /home/turtlebot/tb3_ws/install/amr_msgs/share/amr_msgs/package.dsv
[3.666s] -- Up-to-date symlink: /home/turtlebot/tb3_ws/install/amr_msgs/share/ament_index/resource_index/packages/amr_msgs
[3.668s] -- Up-to-date symlink: /home/turtlebot/tb3_ws/install/amr_msgs/share/amr_msgs/cmake/rosidl_cmake-extras.cmake
[3.669s] -- Up-to-date symlink: /home/turtlebot/tb3_ws/install/amr_msgs/share/amr_msgs/cmake/ament_cmake_export_include_directories-extras.cmake
[3.669s] -- Up-to-date symlink: /home/turtlebot/tb3_ws/install/amr_msgs/share/amr_msgs/cmake/ament_cmake_export_libraries-extras.cmake
[3.672s] -- Up-to-date symlink: /home/turtlebot/tb3_ws/install/amr_msgs/share/amr_msgs/cmake/ament_cmake_export_targets-extras.cmake
[3.675s] -- Up-to-date symlink: /home/turtlebot/tb3_ws/install/amr_msgs/share/amr_msgs/cmake/rosidl_cmake_export_typesupport_targets-extras.cmake
[3.675s] -- Up-to-date symlink: /home/turtlebot/tb3_ws/install/amr_msgs/share/amr_msgs/cmake/ament_cmake_export_dependencies-extras.cmake
[3.677s] -- Up-to-date symlink: /home/turtlebot/tb3_ws/install/amr_msgs/share/amr_msgs/cmake/rosidl_cmake_export_typesupport_libraries-extras.cmake
[3.678s] -- Up-to-date symlink: /home/turtlebot/tb3_ws/install/amr_msgs/share/amr_msgs/cmake/amr_msgsConfig.cmake
[3.678s] -- Up-to-date symlink: /home/turtlebot/tb3_ws/install/amr_msgs/share/amr_msgs/cmake/amr_msgsConfig-version.cmake
[3.679s] -- Up-to-date symlink: /home/turtlebot/tb3_ws/install/amr_msgs/share/amr_msgs/package.xml
[3.679s] -- Up-to-date: /home/turtlebot/tb3_ws/install/amr_msgs/lib/libamr_msgs__rosidl_generator_c.so
[3.680s] -- Up-to-date: /home/turtlebot/tb3_ws/install/amr_msgs/lib/libamr_msgs__rosidl_typesupport_fastrtps_c.so
[3.682s] -- Up-to-date: /home/turtlebot/tb3_ws/install/amr_msgs/lib/libamr_msgs__rosidl_typesupport_introspection_c.so
[3.684s] -- Up-to-date: /home/turtlebot/tb3_ws/install/amr_msgs/lib/libamr_msgs__rosidl_typesupport_c.so
[3.686s] -- Up-to-date: /home/turtlebot/tb3_ws/install/amr_msgs/lib/libamr_msgs__rosidl_typesupport_fastrtps_cpp.so
[3.688s] -- Up-to-date: /home/turtlebot/tb3_ws/install/amr_msgs/lib/libamr_msgs__rosidl_typesupport_introspection_cpp.so
[3.691s] -- Up-to-date: /home/turtlebot/tb3_ws/install/amr_msgs/lib/libamr_msgs__rosidl_typesupport_cpp.so
[3.863s] Listing '/home/turtlebot/tb3_ws/install/amr_msgs/local/lib/python3.10/dist-packages/amr_msgs'...
[3.865s] Listing '/home/turtlebot/tb3_ws/install/amr_msgs/local/lib/python3.10/dist-packages/amr_msgs/msg'...
[3.889s] -- Up-to-date: /home/turtlebot/tb3_ws/install/amr_msgs/lib/libamr_msgs__rosidl_generator_py.so
[3.892s] -- Up-to-date: /home/turtlebot/tb3_ws/install/amr_msgs/share/amr_msgs/cmake/export_amr_msgs__rosidl_generator_cExport.cmake
[3.893s] -- Up-to-date: /home/turtlebot/tb3_ws/install/amr_msgs/share/amr_msgs/cmake/export_amr_msgs__rosidl_generator_cExport-noconfig.cmake
[3.894s] -- Up-to-date: /home/turtlebot/tb3_ws/install/amr_msgs/share/amr_msgs/cmake/export_amr_msgs__rosidl_typesupport_fastrtps_cExport.cmake
[3.894s] -- Up-to-date: /home/turtlebot/tb3_ws/install/amr_msgs/share/amr_msgs/cmake/export_amr_msgs__rosidl_typesupport_fastrtps_cExport-noconfig.cmake
[3.899s] -- Up-to-date: /home/turtlebot/tb3_ws/install/amr_msgs/share/amr_msgs/cmake/amr_msgs__rosidl_typesupport_introspection_cExport.cmake
[3.900s] -- Up-to-date: /home/turtlebot/tb3_ws/install/amr_msgs/share/amr_msgs/cmake/amr_msgs__rosidl_typesupport_introspection_cExport-noconfig.cmake
[3.900s] -- Up-to-date: /home/turtlebot/tb3_ws/install/amr_msgs/share/amr_msgs/cmake/amr_msgs__rosidl_typesupport_cExport.cmake
[3.900s] -- Up-to-date: /home/turtlebot/tb3_ws/install/amr_msgs/share/amr_msgs/cmake/amr_msgs__rosidl_typesupport_cExport-noconfig.cmake
[3.901s] -- Up-to-date: /home/turtlebot/tb3_ws/install/amr_msgs/share/amr_msgs/cmake/export_amr_msgs__rosidl_generator_cppExport.cmake
[3.902s] -- Up-to-date: /home/turtlebot/tb3_ws/install/amr_msgs/share/amr_msgs/cmake/export_amr_msgs__rosidl_typesupport_fastrtps_cppExport.cmake
[3.902s] -- Up-to-date: /home/turtlebot/tb3_ws/install/amr_msgs/share/amr_msgs/cmake/export_amr_msgs__rosidl_typesupport_fastrtps_cppExport-noconfig.cmake
[3.906s] -- Up-to-date: /home/turtlebot/tb3_ws/install/amr_msgs/share/amr_msgs/cmake/amr_msgs__rosidl_typesupport_introspection_cppExport.cmake
[3.906s] -- Up-to-date: /home/turtlebot/tb3_ws/install/amr_msgs/share/amr_msgs/cmake/amr_msgs__rosidl_typesupport_introspection_cppExport-noconfig.cmake
[3.907s] -- Up-to-date: /home/turtlebot/tb3_ws/install/amr_msgs/share/amr_msgs/cmake/amr_msgs__rosidl_typesupport_cppExport.cmake
[3.907s] -- Up-to-date: /home/turtlebot/tb3_ws/install/amr_msgs/share/amr_msgs/cmake/amr_msgs__rosidl_typesupport_cppExport-noconfig.cmake
[3.908s] -- Up-to-date: /home/turtlebot/tb3_ws/install/amr_msgs/share/amr_msgs/cmake/export_amr_msgs__rosidl_generator_pyExport.cmake
[3.911s] -- Up-to-date: /home/turtlebot/tb3_ws/install/amr_msgs/share/amr_msgs/cmake/export_amr_msgs__rosidl_generator_pyExport-noconfig.cmake
[3.920s] Invoked command in '/home/turtlebot/tb3_ws/build/amr_msgs' returned '0': CMAKE_PREFIX_PATH=${CMAKE_PREFIX_PATH}:/home/turtlebot/tb3_ws/install/amr_teleoperation:/home/turtlebot/turtlebot3_ws/install/turtlebot3_teleop:/home/turtlebot/turtlebot3_ws/install/turtlebot3_example:/opt/ros/humble /usr/bin/cmake --install /home/turtlebot/tb3_ws/build/amr_msgs
