[0.234s] DEBUG:colcon:Command line arguments: ['/usr/bin/colcon', 'list', '-p', '--base-paths', '/workspaces/AMR/tb3_ws']
[0.236s] DEBUG:colcon:Parsed command line arguments: Namespace(log_base=None, log_level=None, verb_name='list', build_base='build', ignore_user_meta=False, metas=['./colcon.meta'], base_paths=['/workspaces/AMR/tb3_ws'], packages_ignore=None, packages_ignore_regex=None, paths=None, packages_up_to=None, packages_up_to_regex=None, packages_above=None, packages_above_and_dependencies=None, packages_above_depth=None, packages_select_by_dep=None, packages_skip_by_dep=None, packages_skip_up_to=None, packages_select_build_failed=False, packages_skip_build_finished=False, packages_select_test_failures=False, packages_skip_test_passed=False, packages_select=None, packages_skip=None, packages_select_regex=None, packages_skip_regex=None, packages_start=None, packages_end=None, topological_order=False, names_only=False, paths_only=True, topological_graph=False, topological_graph_dot=False, topological_graph_density=False, topological_graph_legend=False, topological_graph_dot_cluster=False, topological_graph_dot_include_skipped=False, mixin_files=None, mixin=None, verb_parser=<colcon_mixin.mixin.mixin_argument.MixinArgumentDecorator object at 0x7faabd03ce50>, verb_extension=<colcon_package_information.verb.list.ListVerb object at 0x7faabd03c070>, main=<bound method ListVerb.main of <colcon_package_information.verb.list.ListVerb object at 0x7faabd03c070>>, mixin_verb=('list',))
[0.544s] Level 1:colcon.colcon_core.package_discovery:discover_packages(colcon_meta) check parameters
[0.551s] Level 1:colcon.colcon_core.package_discovery:discover_packages(recursive) check parameters
[0.553s] Level 1:colcon.colcon_core.package_discovery:discover_packages(ignore) check parameters
[0.557s] Level 1:colcon.colcon_core.package_discovery:discover_packages(path) check parameters
[0.564s] Level 1:colcon.colcon_core.package_discovery:discover_packages(recursive) discover
[0.573s] INFO:colcon.colcon_core.package_discovery:Crawling recursively for packages in '/workspaces/AMR/tb3_ws'
[0.610s] Level 1:colcon.colcon_core.package_identification:_identify(/workspaces/AMR/tb3_ws) by extensions ['ignore', 'ignore_ament_install']
[0.615s] Level 1:colcon.colcon_core.package_identification:_identify(/workspaces/AMR/tb3_ws) by extension 'ignore'
[0.617s] Level 1:colcon.colcon_core.package_identification:_identify(/workspaces/AMR/tb3_ws) by extension 'ignore_ament_install'
[0.632s] Level 1:colcon.colcon_core.package_identification:_identify(/workspaces/AMR/tb3_ws) by extensions ['colcon_pkg']
[0.633s] Level 1:colcon.colcon_core.package_identification:_identify(/workspaces/AMR/tb3_ws) by extension 'colcon_pkg'
[0.637s] Level 1:colcon.colcon_core.package_identification:_identify(/workspaces/AMR/tb3_ws) by extensions ['colcon_meta']
[0.641s] Level 1:colcon.colcon_core.package_identification:_identify(/workspaces/AMR/tb3_ws) by extension 'colcon_meta'
[0.655s] Level 1:colcon.colcon_core.package_identification:_identify(/workspaces/AMR/tb3_ws) by extensions ['ros']
[0.658s] Level 1:colcon.colcon_core.package_identification:_identify(/workspaces/AMR/tb3_ws) by extension 'ros'
[0.770s] Level 1:colcon.colcon_core.package_identification:_identify(/workspaces/AMR/tb3_ws) by extensions ['cmake', 'python']
[0.774s] Level 1:colcon.colcon_core.package_identification:_identify(/workspaces/AMR/tb3_ws) by extension 'cmake'
[0.783s] Level 1:colcon.colcon_core.package_identification:_identify(/workspaces/AMR/tb3_ws) by extension 'python'
[0.786s] Level 1:colcon.colcon_core.package_identification:_identify(/workspaces/AMR/tb3_ws) by extensions ['python_setup_py']
[0.787s] Level 1:colcon.colcon_core.package_identification:_identify(/workspaces/AMR/tb3_ws) by extension 'python_setup_py'
[0.818s] Level 1:colcon.colcon_core.package_identification:_identify(/workspaces/AMR/tb3_ws/build) by extensions ['ignore', 'ignore_ament_install']
[0.822s] Level 1:colcon.colcon_core.package_identification:_identify(/workspaces/AMR/tb3_ws/build) by extension 'ignore'
[0.836s] Level 1:colcon.colcon_core.package_identification:_identify(/workspaces/AMR/tb3_ws/build) ignored
[0.866s] Level 1:colcon.colcon_core.package_identification:_identify(/workspaces/AMR/tb3_ws/install) by extensions ['ignore', 'ignore_ament_install']
[0.871s] Level 1:colcon.colcon_core.package_identification:_identify(/workspaces/AMR/tb3_ws/install) by extension 'ignore'
[0.888s] Level 1:colcon.colcon_core.package_identification:_identify(/workspaces/AMR/tb3_ws/install) ignored
[0.939s] Level 1:colcon.colcon_core.package_identification:_identify(/workspaces/AMR/tb3_ws/log) by extensions ['ignore', 'ignore_ament_install']
[0.941s] Level 1:colcon.colcon_core.package_identification:_identify(/workspaces/AMR/tb3_ws/log) by extension 'ignore'
[0.957s] Level 1:colcon.colcon_core.package_identification:_identify(/workspaces/AMR/tb3_ws/log) ignored
[1.045s] Level 1:colcon.colcon_core.package_identification:_identify(/workspaces/AMR/tb3_ws/src) by extensions ['ignore', 'ignore_ament_install']
[1.054s] Level 1:colcon.colcon_core.package_identification:_identify(/workspaces/AMR/tb3_ws/src) by extension 'ignore'
[1.061s] Level 1:colcon.colcon_core.package_identification:_identify(/workspaces/AMR/tb3_ws/src) by extension 'ignore_ament_install'
[1.074s] Level 1:colcon.colcon_core.package_identification:_identify(/workspaces/AMR/tb3_ws/src) by extensions ['colcon_pkg']
[1.077s] Level 1:colcon.colcon_core.package_identification:_identify(/workspaces/AMR/tb3_ws/src) by extension 'colcon_pkg'
[1.103s] Level 1:colcon.colcon_core.package_identification:_identify(/workspaces/AMR/tb3_ws/src) by extensions ['colcon_meta']
[1.108s] Level 1:colcon.colcon_core.package_identification:_identify(/workspaces/AMR/tb3_ws/src) by extension 'colcon_meta'
[1.120s] Level 1:colcon.colcon_core.package_identification:_identify(/workspaces/AMR/tb3_ws/src) by extensions ['ros']
[1.123s] Level 1:colcon.colcon_core.package_identification:_identify(/workspaces/AMR/tb3_ws/src) by extension 'ros'
[1.159s] Level 1:colcon.colcon_core.package_identification:_identify(/workspaces/AMR/tb3_ws/src) by extensions ['cmake', 'python']
[1.163s] Level 1:colcon.colcon_core.package_identification:_identify(/workspaces/AMR/tb3_ws/src) by extension 'cmake'
[1.174s] Level 1:colcon.colcon_core.package_identification:_identify(/workspaces/AMR/tb3_ws/src) by extension 'python'
[1.184s] Level 1:colcon.colcon_core.package_identification:_identify(/workspaces/AMR/tb3_ws/src) by extensions ['python_setup_py']
[1.185s] Level 1:colcon.colcon_core.package_identification:_identify(/workspaces/AMR/tb3_ws/src) by extension 'python_setup_py'
[1.255s] Level 1:colcon.colcon_core.package_identification:_identify(/workspaces/AMR/tb3_ws/src/amr_bringup) by extensions ['ignore', 'ignore_ament_install']
[1.256s] Level 1:colcon.colcon_core.package_identification:_identify(/workspaces/AMR/tb3_ws/src/amr_bringup) by extension 'ignore'
[1.269s] Level 1:colcon.colcon_core.package_identification:_identify(/workspaces/AMR/tb3_ws/src/amr_bringup) by extension 'ignore_ament_install'
[1.289s] Level 1:colcon.colcon_core.package_identification:_identify(/workspaces/AMR/tb3_ws/src/amr_bringup) by extensions ['colcon_pkg']
[1.292s] Level 1:colcon.colcon_core.package_identification:_identify(/workspaces/AMR/tb3_ws/src/amr_bringup) by extension 'colcon_pkg'
[1.306s] Level 1:colcon.colcon_core.package_identification:_identify(/workspaces/AMR/tb3_ws/src/amr_bringup) by extensions ['colcon_meta']
[1.308s] Level 1:colcon.colcon_core.package_identification:_identify(/workspaces/AMR/tb3_ws/src/amr_bringup) by extension 'colcon_meta'
[1.335s] Level 1:colcon.colcon_core.package_identification:_identify(/workspaces/AMR/tb3_ws/src/amr_bringup) by extensions ['ros']
[1.338s] Level 1:colcon.colcon_core.package_identification:_identify(/workspaces/AMR/tb3_ws/src/amr_bringup) by extension 'ros'
[1.493s] DEBUG:colcon.colcon_core.package_identification:Package '/workspaces/AMR/tb3_ws/src/amr_bringup' with type 'ros.ament_python' and name 'amr_bringup'
[1.525s] Level 1:colcon.colcon_core.package_identification:_identify(/workspaces/AMR/tb3_ws/src/amr_control) by extensions ['ignore', 'ignore_ament_install']
[1.526s] Level 1:colcon.colcon_core.package_identification:_identify(/workspaces/AMR/tb3_ws/src/amr_control) by extension 'ignore'
[1.531s] Level 1:colcon.colcon_core.package_identification:_identify(/workspaces/AMR/tb3_ws/src/amr_control) by extension 'ignore_ament_install'
[1.548s] Level 1:colcon.colcon_core.package_identification:_identify(/workspaces/AMR/tb3_ws/src/amr_control) by extensions ['colcon_pkg']
[1.551s] Level 1:colcon.colcon_core.package_identification:_identify(/workspaces/AMR/tb3_ws/src/amr_control) by extension 'colcon_pkg'
[1.567s] Level 1:colcon.colcon_core.package_identification:_identify(/workspaces/AMR/tb3_ws/src/amr_control) by extensions ['colcon_meta']
[1.570s] Level 1:colcon.colcon_core.package_identification:_identify(/workspaces/AMR/tb3_ws/src/amr_control) by extension 'colcon_meta'
[1.583s] Level 1:colcon.colcon_core.package_identification:_identify(/workspaces/AMR/tb3_ws/src/amr_control) by extensions ['ros']
[1.601s] Level 1:colcon.colcon_core.package_identification:_identify(/workspaces/AMR/tb3_ws/src/amr_control) by extension 'ros'
[1.707s] DEBUG:colcon.colcon_core.package_identification:Package '/workspaces/AMR/tb3_ws/src/amr_control' with type 'ros.ament_python' and name 'amr_control'
[1.771s] Level 1:colcon.colcon_core.package_identification:_identify(/workspaces/AMR/tb3_ws/src/amr_msgs) by extensions ['ignore', 'ignore_ament_install']
[1.790s] Level 1:colcon.colcon_core.package_identification:_identify(/workspaces/AMR/tb3_ws/src/amr_msgs) by extension 'ignore'
[1.815s] Level 1:colcon.colcon_core.package_identification:_identify(/workspaces/AMR/tb3_ws/src/amr_msgs) by extension 'ignore_ament_install'
[1.858s] Level 1:colcon.colcon_core.package_identification:_identify(/workspaces/AMR/tb3_ws/src/amr_msgs) by extensions ['colcon_pkg']
[1.867s] Level 1:colcon.colcon_core.package_identification:_identify(/workspaces/AMR/tb3_ws/src/amr_msgs) by extension 'colcon_pkg'
[1.876s] Level 1:colcon.colcon_core.package_identification:_identify(/workspaces/AMR/tb3_ws/src/amr_msgs) by extensions ['colcon_meta']
[1.882s] Level 1:colcon.colcon_core.package_identification:_identify(/workspaces/AMR/tb3_ws/src/amr_msgs) by extension 'colcon_meta'
[1.936s] Level 1:colcon.colcon_core.package_identification:_identify(/workspaces/AMR/tb3_ws/src/amr_msgs) by extensions ['ros']
[1.938s] Level 1:colcon.colcon_core.package_identification:_identify(/workspaces/AMR/tb3_ws/src/amr_msgs) by extension 'ros'
[2.121s] DEBUG:colcon.colcon_core.package_identification:Package '/workspaces/AMR/tb3_ws/src/amr_msgs' with type 'ros.ament_cmake' and name 'amr_msgs'
[2.170s] Level 1:colcon.colcon_core.package_identification:_identify(/workspaces/AMR/tb3_ws/src/amr_teleoperation) by extensions ['ignore', 'ignore_ament_install']
[2.174s] Level 1:colcon.colcon_core.package_identification:_identify(/workspaces/AMR/tb3_ws/src/amr_teleoperation) by extension 'ignore'
[2.184s] Level 1:colcon.colcon_core.package_identification:_identify(/workspaces/AMR/tb3_ws/src/amr_teleoperation) by extension 'ignore_ament_install'
[2.203s] Level 1:colcon.colcon_core.package_identification:_identify(/workspaces/AMR/tb3_ws/src/amr_teleoperation) by extensions ['colcon_pkg']
[2.204s] Level 1:colcon.colcon_core.package_identification:_identify(/workspaces/AMR/tb3_ws/src/amr_teleoperation) by extension 'colcon_pkg'
[2.221s] Level 1:colcon.colcon_core.package_identification:_identify(/workspaces/AMR/tb3_ws/src/amr_teleoperation) by extensions ['colcon_meta']
[2.233s] Level 1:colcon.colcon_core.package_identification:_identify(/workspaces/AMR/tb3_ws/src/amr_teleoperation) by extension 'colcon_meta'
[2.258s] Level 1:colcon.colcon_core.package_identification:_identify(/workspaces/AMR/tb3_ws/src/amr_teleoperation) by extensions ['ros']
[2.260s] Level 1:colcon.colcon_core.package_identification:_identify(/workspaces/AMR/tb3_ws/src/amr_teleoperation) by extension 'ros'
[2.373s] DEBUG:colcon.colcon_core.package_identification:Package '/workspaces/AMR/tb3_ws/src/amr_teleoperation' with type 'ros.ament_python' and name 'amr_teleoperation'
[2.406s] Level 1:colcon.colcon_core.package_identification:_identify(/workspaces/AMR/tb3_ws/src/amr_turtlebot3) by extensions ['ignore', 'ignore_ament_install']
[2.407s] Level 1:colcon.colcon_core.package_identification:_identify(/workspaces/AMR/tb3_ws/src/amr_turtlebot3) by extension 'ignore'
[2.418s] Level 1:colcon.colcon_core.package_identification:_identify(/workspaces/AMR/tb3_ws/src/amr_turtlebot3) by extension 'ignore_ament_install'
[2.436s] Level 1:colcon.colcon_core.package_identification:_identify(/workspaces/AMR/tb3_ws/src/amr_turtlebot3) by extensions ['colcon_pkg']
[2.439s] Level 1:colcon.colcon_core.package_identification:_identify(/workspaces/AMR/tb3_ws/src/amr_turtlebot3) by extension 'colcon_pkg'
[2.445s] Level 1:colcon.colcon_core.package_identification:_identify(/workspaces/AMR/tb3_ws/src/amr_turtlebot3) by extensions ['colcon_meta']
[2.450s] Level 1:colcon.colcon_core.package_identification:_identify(/workspaces/AMR/tb3_ws/src/amr_turtlebot3) by extension 'colcon_meta'
[2.462s] Level 1:colcon.colcon_core.package_identification:_identify(/workspaces/AMR/tb3_ws/src/amr_turtlebot3) by extensions ['ros']
[2.467s] Level 1:colcon.colcon_core.package_identification:_identify(/workspaces/AMR/tb3_ws/src/amr_turtlebot3) by extension 'ros'
[2.529s] DEBUG:colcon.colcon_core.package_identification:Package '/workspaces/AMR/tb3_ws/src/amr_turtlebot3' with type 'ros.ament_python' and name 'amr_turtlebot3'
[2.534s] Level 1:colcon.colcon_core.package_discovery:discover_packages(recursive) using defaults
