[4.782s] DEBUG:colcon:Command line arguments: ['/usr/bin/colcon', 'build', '--packages-select', 'amr_teleoperation']
[4.782s] DEBUG:colcon:Parsed command line arguments: Namespace(log_base=None, log_level=None, verb_name='build', build_base='build', install_base='install', merge_install=False, symlink_install=False, test_result_base=None, continue_on_error=False, executor='parallel', parallel_workers=4, event_handlers=None, ignore_user_meta=False, metas=['./colcon.meta'], base_paths=['.'], packages_ignore=None, packages_ignore_regex=None, paths=None, packages_up_to=None, packages_up_to_regex=None, packages_above=None, packages_above_and_dependencies=None, packages_above_depth=None, packages_select_by_dep=None, packages_skip_by_dep=None, packages_skip_up_to=None, packages_select_build_failed=False, packages_skip_build_finished=False, packages_select_test_failures=False, packages_skip_test_passed=False, packages_select=['amr_teleoperation'], packages_skip=None, packages_select_regex=None, packages_skip_regex=None, packages_start=None, packages_end=None, allow_overriding=[], cmake_args=None, cmake_target=None, cmake_target_skip_unavailable=False, cmake_clean_cache=False, cmake_clean_first=False, cmake_force_configure=False, ament_cmake_args=None, catkin_cmake_args=None, catkin_skip_building_tests=False, verb_parser=<colcon_defaults.argument_parser.defaults.DefaultArgumentsDecorator object at 0xffff9b5a0670>, verb_extension=<colcon_core.verb.build.BuildVerb object at 0xffff9b810190>, main=<bound method BuildVerb.main of <colcon_core.verb.build.BuildVerb object at 0xffff9b810190>>)
[5.027s] Level 1:colcon.colcon_core.package_discovery:discover_packages(colcon_meta) check parameters
[5.028s] Level 1:colcon.colcon_core.package_discovery:discover_packages(recursive) check parameters
[5.028s] Level 1:colcon.colcon_core.package_discovery:discover_packages(ignore) check parameters
[5.028s] Level 1:colcon.colcon_core.package_discovery:discover_packages(path) check parameters
[5.028s] Level 1:colcon.colcon_core.package_discovery:discover_packages(colcon_meta) discover
[5.029s] Level 1:colcon.colcon_core.package_discovery:discover_packages(recursive) discover
[5.029s] INFO:colcon.colcon_core.package_discovery:Crawling recursively for packages in '/home/turtlebot/tb3_ws'
[5.029s] Level 1:colcon.colcon_core.package_identification:_identify(.) by extensions ['ignore', 'ignore_ament_install']
[5.030s] Level 1:colcon.colcon_core.package_identification:_identify(.) by extension 'ignore'
[5.030s] Level 1:colcon.colcon_core.package_identification:_identify(.) by extension 'ignore_ament_install'
[5.030s] Level 1:colcon.colcon_core.package_identification:_identify(.) by extensions ['colcon_pkg']
[5.031s] Level 1:colcon.colcon_core.package_identification:_identify(.) by extension 'colcon_pkg'
[5.031s] Level 1:colcon.colcon_core.package_identification:_identify(.) by extensions ['colcon_meta']
[5.031s] Level 1:colcon.colcon_core.package_identification:_identify(.) by extension 'colcon_meta'
[5.031s] Level 1:colcon.colcon_core.package_identification:_identify(.) by extensions ['ros']
[5.031s] Level 1:colcon.colcon_core.package_identification:_identify(.) by extension 'ros'
[5.079s] Level 1:colcon.colcon_core.package_identification:_identify(.) by extensions ['cmake', 'python']
[5.080s] Level 1:colcon.colcon_core.package_identification:_identify(.) by extension 'cmake'
[5.080s] Level 1:colcon.colcon_core.package_identification:_identify(.) by extension 'python'
[5.080s] Level 1:colcon.colcon_core.package_identification:_identify(.) by extensions ['python_setup_py']
[5.080s] Level 1:colcon.colcon_core.package_identification:_identify(.) by extension 'python_setup_py'
[5.081s] Level 1:colcon.colcon_core.package_identification:_identify(build) by extensions ['ignore', 'ignore_ament_install']
[5.082s] Level 1:colcon.colcon_core.package_identification:_identify(build) by extension 'ignore'
[5.082s] Level 1:colcon.colcon_core.package_identification:_identify(build) ignored
[5.083s] Level 1:colcon.colcon_core.package_identification:_identify(install) by extensions ['ignore', 'ignore_ament_install']
[5.083s] Level 1:colcon.colcon_core.package_identification:_identify(install) by extension 'ignore'
[5.084s] Level 1:colcon.colcon_core.package_identification:_identify(install) ignored
[5.084s] Level 1:colcon.colcon_core.package_identification:_identify(log) by extensions ['ignore', 'ignore_ament_install']
[5.085s] Level 1:colcon.colcon_core.package_identification:_identify(log) by extension 'ignore'
[5.085s] Level 1:colcon.colcon_core.package_identification:_identify(log) ignored
[5.086s] Level 1:colcon.colcon_core.package_identification:_identify(src) by extensions ['ignore', 'ignore_ament_install']
[5.086s] Level 1:colcon.colcon_core.package_identification:_identify(src) by extension 'ignore'
[5.087s] Level 1:colcon.colcon_core.package_identification:_identify(src) by extension 'ignore_ament_install'
[5.087s] Level 1:colcon.colcon_core.package_identification:_identify(src) by extensions ['colcon_pkg']
[5.087s] Level 1:colcon.colcon_core.package_identification:_identify(src) by extension 'colcon_pkg'
[5.087s] Level 1:colcon.colcon_core.package_identification:_identify(src) by extensions ['colcon_meta']
[5.087s] Level 1:colcon.colcon_core.package_identification:_identify(src) by extension 'colcon_meta'
[5.088s] Level 1:colcon.colcon_core.package_identification:_identify(src) by extensions ['ros']
[5.088s] Level 1:colcon.colcon_core.package_identification:_identify(src) by extension 'ros'
[5.088s] Level 1:colcon.colcon_core.package_identification:_identify(src) by extensions ['cmake', 'python']
[5.089s] Level 1:colcon.colcon_core.package_identification:_identify(src) by extension 'cmake'
[5.089s] Level 1:colcon.colcon_core.package_identification:_identify(src) by extension 'python'
[5.089s] Level 1:colcon.colcon_core.package_identification:_identify(src) by extensions ['python_setup_py']
[5.089s] Level 1:colcon.colcon_core.package_identification:_identify(src) by extension 'python_setup_py'
[5.090s] Level 1:colcon.colcon_core.package_identification:_identify(src/amr_msgs) by extensions ['ignore', 'ignore_ament_install']
[5.090s] Level 1:colcon.colcon_core.package_identification:_identify(src/amr_msgs) by extension 'ignore'
[5.091s] Level 1:colcon.colcon_core.package_identification:_identify(src/amr_msgs) by extension 'ignore_ament_install'
[5.091s] Level 1:colcon.colcon_core.package_identification:_identify(src/amr_msgs) by extensions ['colcon_pkg']
[5.091s] Level 1:colcon.colcon_core.package_identification:_identify(src/amr_msgs) by extension 'colcon_pkg'
[5.092s] Level 1:colcon.colcon_core.package_identification:_identify(src/amr_msgs) by extensions ['colcon_meta']
[5.092s] Level 1:colcon.colcon_core.package_identification:_identify(src/amr_msgs) by extension 'colcon_meta'
[5.092s] Level 1:colcon.colcon_core.package_identification:_identify(src/amr_msgs) by extensions ['ros']
[5.092s] Level 1:colcon.colcon_core.package_identification:_identify(src/amr_msgs) by extension 'ros'
[5.102s] DEBUG:colcon.colcon_core.package_identification:Package 'src/amr_msgs' with type 'ros.ament_cmake' and name 'amr_msgs'
[5.102s] Level 1:colcon.colcon_core.package_identification:_identify(src/amr_teleoperation) by extensions ['ignore', 'ignore_ament_install']
[5.103s] Level 1:colcon.colcon_core.package_identification:_identify(src/amr_teleoperation) by extension 'ignore'
[5.103s] Level 1:colcon.colcon_core.package_identification:_identify(src/amr_teleoperation) by extension 'ignore_ament_install'
[5.104s] Level 1:colcon.colcon_core.package_identification:_identify(src/amr_teleoperation) by extensions ['colcon_pkg']
[5.104s] Level 1:colcon.colcon_core.package_identification:_identify(src/amr_teleoperation) by extension 'colcon_pkg'
[5.104s] Level 1:colcon.colcon_core.package_identification:_identify(src/amr_teleoperation) by extensions ['colcon_meta']
[5.104s] Level 1:colcon.colcon_core.package_identification:_identify(src/amr_teleoperation) by extension 'colcon_meta'
[5.105s] Level 1:colcon.colcon_core.package_identification:_identify(src/amr_teleoperation) by extensions ['ros']
[5.105s] Level 1:colcon.colcon_core.package_identification:_identify(src/amr_teleoperation) by extension 'ros'
[5.107s] DEBUG:colcon.colcon_core.package_identification:Package 'src/amr_teleoperation' with type 'ros.ament_python' and name 'amr_teleoperation'
[5.107s] Level 1:colcon.colcon_core.package_discovery:discover_packages(recursive) using defaults
[5.108s] Level 1:colcon.colcon_core.package_discovery:discover_packages(ignore) discover
[5.108s] Level 1:colcon.colcon_core.package_discovery:discover_packages(ignore) using defaults
[5.108s] Level 1:colcon.colcon_core.package_discovery:discover_packages(path) discover
[5.108s] Level 1:colcon.colcon_core.package_discovery:discover_packages(path) using defaults
[5.421s] INFO:colcon.colcon_core.package_selection:Skipping not selected package 'amr_msgs' in 'src/amr_msgs'
[5.578s] Level 1:colcon.colcon_core.package_discovery:discover_packages(prefix_path) check parameters
[5.578s] Level 1:colcon.colcon_core.package_discovery:discover_packages(prefix_path) discover
[5.734s] DEBUG:colcon.colcon_installed_package_information.package_discovery:Found 2 installed packages in /home/turtlebot/tb3_ws/install
[5.808s] DEBUG:colcon.colcon_installed_package_information.package_discovery:Found 9 installed packages in /home/turtlebot/turtlebot3_ws/install
[5.890s] DEBUG:colcon.colcon_installed_package_information.package_discovery:Found 336 installed packages in /opt/ros/humble
[5.899s] Level 1:colcon.colcon_core.package_discovery:discover_packages(prefix_path) using defaults
[6.422s] Level 5:colcon.colcon_core.verb:set package 'amr_teleoperation' build argument 'cmake_args' from command line to 'None'
[6.422s] Level 5:colcon.colcon_core.verb:set package 'amr_teleoperation' build argument 'cmake_target' from command line to 'None'
[6.422s] Level 5:colcon.colcon_core.verb:set package 'amr_teleoperation' build argument 'cmake_target_skip_unavailable' from command line to 'False'
[6.422s] Level 5:colcon.colcon_core.verb:set package 'amr_teleoperation' build argument 'cmake_clean_cache' from command line to 'False'
[6.422s] Level 5:colcon.colcon_core.verb:set package 'amr_teleoperation' build argument 'cmake_clean_first' from command line to 'False'
[6.422s] Level 5:colcon.colcon_core.verb:set package 'amr_teleoperation' build argument 'cmake_force_configure' from command line to 'False'
[6.423s] Level 5:colcon.colcon_core.verb:set package 'amr_teleoperation' build argument 'ament_cmake_args' from command line to 'None'
[6.423s] Level 5:colcon.colcon_core.verb:set package 'amr_teleoperation' build argument 'catkin_cmake_args' from command line to 'None'
[6.423s] Level 5:colcon.colcon_core.verb:set package 'amr_teleoperation' build argument 'catkin_skip_building_tests' from command line to 'False'
[6.423s] DEBUG:colcon.colcon_core.verb:Building package 'amr_teleoperation' with the following arguments: {'ament_cmake_args': None, 'build_base': '/home/turtlebot/tb3_ws/build/amr_teleoperation', 'catkin_cmake_args': None, 'catkin_skip_building_tests': False, 'cmake_args': None, 'cmake_clean_cache': False, 'cmake_clean_first': False, 'cmake_force_configure': False, 'cmake_target': None, 'cmake_target_skip_unavailable': False, 'install_base': '/home/turtlebot/tb3_ws/install/amr_teleoperation', 'merge_install': False, 'path': '/home/turtlebot/tb3_ws/src/amr_teleoperation', 'symlink_install': False, 'test_result_base': None}
[6.494s] INFO:colcon.colcon_core.executor:Executing jobs using 'parallel' executor
[6.568s] DEBUG:colcon.colcon_parallel_executor.executor.parallel:run_until_complete
[6.570s] INFO:colcon.colcon_ros.task.ament_python.build:Building ROS package in '/home/turtlebot/tb3_ws/src/amr_teleoperation' with build type 'ament_python'
[6.571s] Level 1:colcon.colcon_core.shell:create_environment_hook('amr_teleoperation', 'ament_prefix_path')
[6.659s] INFO:colcon.colcon_core.plugin_system:Skipping extension 'colcon_core.shell.bat': Not used on non-Windows systems
[6.660s] INFO:colcon.colcon_core.shell:Creating environment hook '/home/turtlebot/tb3_ws/install/amr_teleoperation/share/amr_teleoperation/hook/ament_prefix_path.ps1'
[6.664s] INFO:colcon.colcon_core.shell:Creating environment descriptor '/home/turtlebot/tb3_ws/install/amr_teleoperation/share/amr_teleoperation/hook/ament_prefix_path.dsv'
[6.668s] INFO:colcon.colcon_core.shell:Creating environment hook '/home/turtlebot/tb3_ws/install/amr_teleoperation/share/amr_teleoperation/hook/ament_prefix_path.sh'
[6.746s] INFO:colcon.colcon_core.shell:Skip shell extension 'powershell' for command environment: Not usable outside of PowerShell
[6.746s] DEBUG:colcon.colcon_core.shell:Skip shell extension 'dsv' for command environment
[8.582s] INFO:colcon.colcon_core.task.python.build:Building Python package in '/home/turtlebot/tb3_ws/src/amr_teleoperation'
[8.661s] INFO:colcon.colcon_core.shell:Skip shell extension 'powershell' for command environment: Not usable outside of PowerShell
[8.661s] DEBUG:colcon.colcon_core.shell:Skip shell extension 'dsv' for command environment
[10.812s] DEBUG:colcon.colcon_core.event_handler.log_command:Invoking command in '/home/turtlebot/tb3_ws/src/amr_teleoperation': PYTHONPATH=/home/turtlebot/tb3_ws/build/amr_teleoperation/prefix_override:/home/turtlebot/tb3_ws/install/amr_teleoperation/lib/python3.10/site-packages:${PYTHONPATH} /usr/bin/python3 setup.py egg_info --egg-base ../../build/amr_teleoperation build --build-base /home/turtlebot/tb3_ws/build/amr_teleoperation/build install --record /home/turtlebot/tb3_ws/build/amr_teleoperation/install.log --single-version-externally-managed
[12.527s] DEBUG:colcon.colcon_core.event_handler.log_command:Invoked command in '/home/turtlebot/tb3_ws/src/amr_teleoperation' returned '0': PYTHONPATH=/home/turtlebot/tb3_ws/build/amr_teleoperation/prefix_override:/home/turtlebot/tb3_ws/install/amr_teleoperation/lib/python3.10/site-packages:${PYTHONPATH} /usr/bin/python3 setup.py egg_info --egg-base ../../build/amr_teleoperation build --build-base /home/turtlebot/tb3_ws/build/amr_teleoperation/build install --record /home/turtlebot/tb3_ws/build/amr_teleoperation/install.log --single-version-externally-managed
[12.701s] Level 1:colcon.colcon_core.environment:checking '/home/turtlebot/tb3_ws/install/amr_teleoperation' for CMake module files
[12.704s] Level 1:colcon.colcon_core.environment:checking '/home/turtlebot/tb3_ws/install/amr_teleoperation' for CMake config files
[12.710s] Level 1:colcon.colcon_core.environment:checking '/home/turtlebot/tb3_ws/install/amr_teleoperation/lib'
[12.711s] Level 1:colcon.colcon_core.environment:checking '/home/turtlebot/tb3_ws/install/amr_teleoperation/bin'
[12.714s] Level 1:colcon.colcon_core.environment:checking '/home/turtlebot/tb3_ws/install/amr_teleoperation/lib/pkgconfig/amr_teleoperation.pc'
[12.715s] Level 1:colcon.colcon_core.environment:checking '/home/turtlebot/tb3_ws/install/amr_teleoperation/lib/python3.10/site-packages'
[12.716s] Level 1:colcon.colcon_core.shell:create_environment_hook('amr_teleoperation', 'pythonpath')
[12.804s] INFO:colcon.colcon_core.shell:Creating environment hook '/home/turtlebot/tb3_ws/install/amr_teleoperation/share/amr_teleoperation/hook/pythonpath.ps1'
[12.807s] INFO:colcon.colcon_core.shell:Creating environment descriptor '/home/turtlebot/tb3_ws/install/amr_teleoperation/share/amr_teleoperation/hook/pythonpath.dsv'
[12.811s] INFO:colcon.colcon_core.shell:Creating environment hook '/home/turtlebot/tb3_ws/install/amr_teleoperation/share/amr_teleoperation/hook/pythonpath.sh'
[12.815s] Level 1:colcon.colcon_core.environment:checking '/home/turtlebot/tb3_ws/install/amr_teleoperation/bin'
[12.815s] Level 1:colcon.colcon_core.environment:create_environment_scripts_only(amr_teleoperation)
[12.896s] INFO:colcon.colcon_core.shell:Creating package script '/home/turtlebot/tb3_ws/install/amr_teleoperation/share/amr_teleoperation/package.ps1'
[12.900s] INFO:colcon.colcon_core.shell:Creating package descriptor '/home/turtlebot/tb3_ws/install/amr_teleoperation/share/amr_teleoperation/package.dsv'
[12.903s] INFO:colcon.colcon_core.shell:Creating package script '/home/turtlebot/tb3_ws/install/amr_teleoperation/share/amr_teleoperation/package.sh'
[12.906s] INFO:colcon.colcon_core.shell:Creating package script '/home/turtlebot/tb3_ws/install/amr_teleoperation/share/amr_teleoperation/package.bash'
[12.910s] INFO:colcon.colcon_core.shell:Creating package script '/home/turtlebot/tb3_ws/install/amr_teleoperation/share/amr_teleoperation/package.zsh'
[12.913s] Level 1:colcon.colcon_core.environment:create_file_with_runtime_dependencies(/home/turtlebot/tb3_ws/install/amr_teleoperation/share/colcon-core/packages/amr_teleoperation)
[12.917s] DEBUG:colcon.colcon_parallel_executor.executor.parallel:closing loop
[12.918s] DEBUG:colcon.colcon_parallel_executor.executor.parallel:loop closed
[12.919s] DEBUG:colcon.colcon_parallel_executor.executor.parallel:run_until_complete finished with '0'
[12.920s] DEBUG:colcon.colcon_core.event_reactor:joining thread
[13.042s] INFO:colcon.colcon_core.plugin_system:Skipping extension 'colcon_notification.desktop_notification.terminal_notifier': Not used on non-Darwin systems
[13.043s] INFO:colcon.colcon_core.plugin_system:Skipping extension 'colcon_notification.desktop_notification.win32': Not used on non-Windows systems
[13.043s] INFO:colcon.colcon_notification.desktop_notification:Sending desktop notification using 'notify2'
[13.117s] DEBUG:colcon.colcon_core.event_reactor:joined thread
[13.222s] INFO:colcon.colcon_core.shell:Creating prefix script '/home/turtlebot/tb3_ws/install/local_setup.ps1'
[13.226s] INFO:colcon.colcon_core.shell:Creating prefix util module '/home/turtlebot/tb3_ws/install/_local_setup_util_ps1.py'
[13.233s] INFO:colcon.colcon_core.shell:Creating prefix chain script '/home/turtlebot/tb3_ws/install/setup.ps1'
[13.332s] INFO:colcon.colcon_core.shell:Creating prefix script '/home/turtlebot/tb3_ws/install/local_setup.sh'
[13.336s] INFO:colcon.colcon_core.shell:Creating prefix util module '/home/turtlebot/tb3_ws/install/_local_setup_util_sh.py'
[13.339s] INFO:colcon.colcon_core.shell:Creating prefix chain script '/home/turtlebot/tb3_ws/install/setup.sh'
[13.431s] INFO:colcon.colcon_core.shell:Creating prefix script '/home/turtlebot/tb3_ws/install/local_setup.bash'
[13.434s] INFO:colcon.colcon_core.shell:Creating prefix chain script '/home/turtlebot/tb3_ws/install/setup.bash'
[13.532s] INFO:colcon.colcon_core.shell:Creating prefix script '/home/turtlebot/tb3_ws/install/local_setup.zsh'
[13.535s] INFO:colcon.colcon_core.shell:Creating prefix chain script '/home/turtlebot/tb3_ws/install/setup.zsh'
