[7.519s] DEBUG:colcon:Command line arguments: ['/usr/bin/colcon', 'build', '--symlink-install']
[7.519s] DEBUG:colcon:Parsed command line arguments: Namespace(log_base=None, log_level=None, verb_name='build', build_base='build', install_base='install', merge_install=False, symlink_install=True, test_result_base=None, continue_on_error=False, executor='parallel', parallel_workers=4, event_handlers=None, ignore_user_meta=False, metas=['./colcon.meta'], base_paths=['.'], packages_ignore=None, packages_ignore_regex=None, paths=None, packages_up_to=None, packages_up_to_regex=None, packages_above=None, packages_above_and_dependencies=None, packages_above_depth=None, packages_select_by_dep=None, packages_skip_by_dep=None, packages_skip_up_to=None, packages_select_build_failed=False, packages_skip_build_finished=False, packages_select_test_failures=False, packages_skip_test_passed=False, packages_select=None, packages_skip=None, packages_select_regex=None, packages_skip_regex=None, packages_start=None, packages_end=None, allow_overriding=[], cmake_args=None, cmake_target=None, cmake_target_skip_unavailable=False, cmake_clean_cache=False, cmake_clean_first=False, cmake_force_configure=False, ament_cmake_args=None, catkin_cmake_args=None, catkin_skip_building_tests=False, verb_parser=<colcon_defaults.argument_parser.defaults.DefaultArgumentsDecorator object at 0xffff97d1dcf0>, verb_extension=<colcon_core.verb.build.BuildVerb object at 0xffff97fbfd00>, main=<bound method BuildVerb.main of <colcon_core.verb.build.BuildVerb object at 0xffff97fbfd00>>)
[7.827s] Level 1:colcon.colcon_core.package_discovery:discover_packages(colcon_meta) check parameters
[7.828s] Level 1:colcon.colcon_core.package_discovery:discover_packages(recursive) check parameters
[7.829s] Level 1:colcon.colcon_core.package_discovery:discover_packages(ignore) check parameters
[7.829s] Level 1:colcon.colcon_core.package_discovery:discover_packages(path) check parameters
[7.829s] Level 1:colcon.colcon_core.package_discovery:discover_packages(colcon_meta) discover
[7.830s] Level 1:colcon.colcon_core.package_discovery:discover_packages(recursive) discover
[7.830s] INFO:colcon.colcon_core.package_discovery:Crawling recursively for packages in '/home/turtlebot/tb3_ws'
[7.831s] Level 1:colcon.colcon_core.package_identification:_identify(.) by extensions ['ignore', 'ignore_ament_install']
[7.832s] Level 1:colcon.colcon_core.package_identification:_identify(.) by extension 'ignore'
[7.832s] Level 1:colcon.colcon_core.package_identification:_identify(.) by extension 'ignore_ament_install'
[7.833s] Level 1:colcon.colcon_core.package_identification:_identify(.) by extensions ['colcon_pkg']
[7.833s] Level 1:colcon.colcon_core.package_identification:_identify(.) by extension 'colcon_pkg'
[7.834s] Level 1:colcon.colcon_core.package_identification:_identify(.) by extensions ['colcon_meta']
[7.834s] Level 1:colcon.colcon_core.package_identification:_identify(.) by extension 'colcon_meta'
[7.834s] Level 1:colcon.colcon_core.package_identification:_identify(.) by extensions ['ros']
[7.834s] Level 1:colcon.colcon_core.package_identification:_identify(.) by extension 'ros'
[7.929s] Level 1:colcon.colcon_core.package_identification:_identify(.) by extensions ['cmake', 'python']
[7.929s] Level 1:colcon.colcon_core.package_identification:_identify(.) by extension 'cmake'
[7.930s] Level 1:colcon.colcon_core.package_identification:_identify(.) by extension 'python'
[7.930s] Level 1:colcon.colcon_core.package_identification:_identify(.) by extensions ['python_setup_py']
[7.931s] Level 1:colcon.colcon_core.package_identification:_identify(.) by extension 'python_setup_py'
[7.932s] Level 1:colcon.colcon_core.package_identification:_identify(build) by extensions ['ignore', 'ignore_ament_install']
[7.933s] Level 1:colcon.colcon_core.package_identification:_identify(build) by extension 'ignore'
[7.934s] Level 1:colcon.colcon_core.package_identification:_identify(build) ignored
[7.935s] Level 1:colcon.colcon_core.package_identification:_identify(install) by extensions ['ignore', 'ignore_ament_install']
[7.936s] Level 1:colcon.colcon_core.package_identification:_identify(install) by extension 'ignore'
[7.937s] Level 1:colcon.colcon_core.package_identification:_identify(install) ignored
[7.939s] Level 1:colcon.colcon_core.package_identification:_identify(log) by extensions ['ignore', 'ignore_ament_install']
[7.939s] Level 1:colcon.colcon_core.package_identification:_identify(log) by extension 'ignore'
[7.940s] Level 1:colcon.colcon_core.package_identification:_identify(log) ignored
[7.941s] Level 1:colcon.colcon_core.package_identification:_identify(src) by extensions ['ignore', 'ignore_ament_install']
[7.942s] Level 1:colcon.colcon_core.package_identification:_identify(src) by extension 'ignore'
[7.943s] Level 1:colcon.colcon_core.package_identification:_identify(src) by extension 'ignore_ament_install'
[7.944s] Level 1:colcon.colcon_core.package_identification:_identify(src) by extensions ['colcon_pkg']
[7.945s] Level 1:colcon.colcon_core.package_identification:_identify(src) by extension 'colcon_pkg'
[7.945s] Level 1:colcon.colcon_core.package_identification:_identify(src) by extensions ['colcon_meta']
[7.946s] Level 1:colcon.colcon_core.package_identification:_identify(src) by extension 'colcon_meta'
[7.946s] Level 1:colcon.colcon_core.package_identification:_identify(src) by extensions ['ros']
[7.946s] Level 1:colcon.colcon_core.package_identification:_identify(src) by extension 'ros'
[7.947s] Level 1:colcon.colcon_core.package_identification:_identify(src) by extensions ['cmake', 'python']
[7.948s] Level 1:colcon.colcon_core.package_identification:_identify(src) by extension 'cmake'
[7.948s] Level 1:colcon.colcon_core.package_identification:_identify(src) by extension 'python'
[7.949s] Level 1:colcon.colcon_core.package_identification:_identify(src) by extensions ['python_setup_py']
[7.949s] Level 1:colcon.colcon_core.package_identification:_identify(src) by extension 'python_setup_py'
[7.950s] Level 1:colcon.colcon_core.package_identification:_identify(src/amr_msgs) by extensions ['ignore', 'ignore_ament_install']
[7.951s] Level 1:colcon.colcon_core.package_identification:_identify(src/amr_msgs) by extension 'ignore'
[7.952s] Level 1:colcon.colcon_core.package_identification:_identify(src/amr_msgs) by extension 'ignore_ament_install'
[7.953s] Level 1:colcon.colcon_core.package_identification:_identify(src/amr_msgs) by extensions ['colcon_pkg']
[7.953s] Level 1:colcon.colcon_core.package_identification:_identify(src/amr_msgs) by extension 'colcon_pkg'
[7.954s] Level 1:colcon.colcon_core.package_identification:_identify(src/amr_msgs) by extensions ['colcon_meta']
[7.954s] Level 1:colcon.colcon_core.package_identification:_identify(src/amr_msgs) by extension 'colcon_meta'
[7.954s] Level 1:colcon.colcon_core.package_identification:_identify(src/amr_msgs) by extensions ['ros']
[7.955s] Level 1:colcon.colcon_core.package_identification:_identify(src/amr_msgs) by extension 'ros'
[7.984s] DEBUG:colcon.colcon_core.package_identification:Package 'src/amr_msgs' with type 'ros.ament_cmake' and name 'amr_msgs'
[7.985s] Level 1:colcon.colcon_core.package_identification:_identify(src/amr_teleoperation) by extensions ['ignore', 'ignore_ament_install']
[7.987s] Level 1:colcon.colcon_core.package_identification:_identify(src/amr_teleoperation) by extension 'ignore'
[7.987s] Level 1:colcon.colcon_core.package_identification:_identify(src/amr_teleoperation) by extension 'ignore_ament_install'
[7.988s] Level 1:colcon.colcon_core.package_identification:_identify(src/amr_teleoperation) by extensions ['colcon_pkg']
[7.988s] Level 1:colcon.colcon_core.package_identification:_identify(src/amr_teleoperation) by extension 'colcon_pkg'
[7.989s] Level 1:colcon.colcon_core.package_identification:_identify(src/amr_teleoperation) by extensions ['colcon_meta']
[7.989s] Level 1:colcon.colcon_core.package_identification:_identify(src/amr_teleoperation) by extension 'colcon_meta'
[7.989s] Level 1:colcon.colcon_core.package_identification:_identify(src/amr_teleoperation) by extensions ['ros']
[7.994s] Level 1:colcon.colcon_core.package_identification:_identify(src/amr_teleoperation) by extension 'ros'
[7.997s] DEBUG:colcon.colcon_core.package_identification:Package 'src/amr_teleoperation' with type 'ros.ament_python' and name 'amr_teleoperation'
[7.997s] Level 1:colcon.colcon_core.package_discovery:discover_packages(recursive) using defaults
[7.998s] Level 1:colcon.colcon_core.package_discovery:discover_packages(ignore) discover
[7.998s] Level 1:colcon.colcon_core.package_discovery:discover_packages(ignore) using defaults
[7.998s] Level 1:colcon.colcon_core.package_discovery:discover_packages(path) discover
[7.998s] Level 1:colcon.colcon_core.package_discovery:discover_packages(path) using defaults
[8.644s] Level 1:colcon.colcon_core.package_discovery:discover_packages(prefix_path) check parameters
[8.645s] Level 1:colcon.colcon_core.package_discovery:discover_packages(prefix_path) discover
[8.839s] DEBUG:colcon.colcon_installed_package_information.package_discovery:Found 9 installed packages in /home/turtlebot/turtlebot3_ws/install
[9.003s] DEBUG:colcon.colcon_installed_package_information.package_discovery:Found 336 installed packages in /opt/ros/humble
[9.018s] Level 1:colcon.colcon_core.package_discovery:discover_packages(prefix_path) using defaults
[9.653s] Level 5:colcon.colcon_core.verb:set package 'amr_msgs' build argument 'cmake_args' from command line to 'None'
[9.654s] Level 5:colcon.colcon_core.verb:set package 'amr_msgs' build argument 'cmake_target' from command line to 'None'
[9.654s] Level 5:colcon.colcon_core.verb:set package 'amr_msgs' build argument 'cmake_target_skip_unavailable' from command line to 'False'
[9.654s] Level 5:colcon.colcon_core.verb:set package 'amr_msgs' build argument 'cmake_clean_cache' from command line to 'False'
[9.654s] Level 5:colcon.colcon_core.verb:set package 'amr_msgs' build argument 'cmake_clean_first' from command line to 'False'
[9.654s] Level 5:colcon.colcon_core.verb:set package 'amr_msgs' build argument 'cmake_force_configure' from command line to 'False'
[9.654s] Level 5:colcon.colcon_core.verb:set package 'amr_msgs' build argument 'ament_cmake_args' from command line to 'None'
[9.655s] Level 5:colcon.colcon_core.verb:set package 'amr_msgs' build argument 'catkin_cmake_args' from command line to 'None'
[9.655s] Level 5:colcon.colcon_core.verb:set package 'amr_msgs' build argument 'catkin_skip_building_tests' from command line to 'False'
[9.655s] DEBUG:colcon.colcon_core.verb:Building package 'amr_msgs' with the following arguments: {'ament_cmake_args': None, 'build_base': '/home/turtlebot/tb3_ws/build/amr_msgs', 'catkin_cmake_args': None, 'catkin_skip_building_tests': False, 'cmake_args': None, 'cmake_clean_cache': False, 'cmake_clean_first': False, 'cmake_force_configure': False, 'cmake_target': None, 'cmake_target_skip_unavailable': False, 'install_base': '/home/turtlebot/tb3_ws/install/amr_msgs', 'merge_install': False, 'path': '/home/turtlebot/tb3_ws/src/amr_msgs', 'symlink_install': True, 'test_result_base': None}
[9.792s] Level 5:colcon.colcon_core.verb:set package 'amr_teleoperation' build argument 'cmake_args' from command line to 'None'
[9.794s] Level 5:colcon.colcon_core.verb:set package 'amr_teleoperation' build argument 'cmake_target' from command line to 'None'
[9.795s] Level 5:colcon.colcon_core.verb:set package 'amr_teleoperation' build argument 'cmake_target_skip_unavailable' from command line to 'False'
[9.797s] Level 5:colcon.colcon_core.verb:set package 'amr_teleoperation' build argument 'cmake_clean_cache' from command line to 'False'
[9.798s] Level 5:colcon.colcon_core.verb:set package 'amr_teleoperation' build argument 'cmake_clean_first' from command line to 'False'
[9.799s] Level 5:colcon.colcon_core.verb:set package 'amr_teleoperation' build argument 'cmake_force_configure' from command line to 'False'
[9.800s] Level 5:colcon.colcon_core.verb:set package 'amr_teleoperation' build argument 'ament_cmake_args' from command line to 'None'
[9.801s] Level 5:colcon.colcon_core.verb:set package 'amr_teleoperation' build argument 'catkin_cmake_args' from command line to 'None'
[9.801s] Level 5:colcon.colcon_core.verb:set package 'amr_teleoperation' build argument 'catkin_skip_building_tests' from command line to 'False'
[9.802s] DEBUG:colcon.colcon_core.verb:Building package 'amr_teleoperation' with the following arguments: {'ament_cmake_args': None, 'build_base': '/home/turtlebot/tb3_ws/build/amr_teleoperation', 'catkin_cmake_args': None, 'catkin_skip_building_tests': False, 'cmake_args': None, 'cmake_clean_cache': False, 'cmake_clean_first': False, 'cmake_force_configure': False, 'cmake_target': None, 'cmake_target_skip_unavailable': False, 'install_base': '/home/turtlebot/tb3_ws/install/amr_teleoperation', 'merge_install': False, 'path': '/home/turtlebot/tb3_ws/src/amr_teleoperation', 'symlink_install': True, 'test_result_base': None}
[9.931s] INFO:colcon.colcon_core.executor:Executing jobs using 'parallel' executor
[10.004s] DEBUG:colcon.colcon_parallel_executor.executor.parallel:run_until_complete
[10.005s] INFO:colcon.colcon_ros.task.ament_cmake.build:Building ROS package in '/home/turtlebot/tb3_ws/src/amr_msgs' with build type 'ament_cmake'
[10.007s] INFO:colcon.colcon_cmake.task.cmake.build:Building CMake package in '/home/turtlebot/tb3_ws/src/amr_msgs'
[10.168s] INFO:colcon.colcon_core.plugin_system:Skipping extension 'colcon_core.shell.bat': Not used on non-Windows systems
[10.169s] INFO:colcon.colcon_core.shell:Skip shell extension 'powershell' for command environment: Not usable outside of PowerShell
[10.170s] DEBUG:colcon.colcon_core.shell:Skip shell extension 'dsv' for command environment
[10.535s] INFO:colcon.colcon_ros.task.ament_python.build:Building ROS package in '/home/turtlebot/tb3_ws/src/amr_teleoperation' with build type 'ament_python'
[10.536s] Level 1:colcon.colcon_core.shell:create_environment_hook('amr_teleoperation', 'ament_prefix_path')
[10.683s] INFO:colcon.colcon_core.shell:Creating environment hook '/home/turtlebot/tb3_ws/install/amr_teleoperation/share/amr_teleoperation/hook/ament_prefix_path.ps1'
[10.694s] INFO:colcon.colcon_core.shell:Creating environment descriptor '/home/turtlebot/tb3_ws/install/amr_teleoperation/share/amr_teleoperation/hook/ament_prefix_path.dsv'
[10.700s] INFO:colcon.colcon_core.shell:Creating environment hook '/home/turtlebot/tb3_ws/install/amr_teleoperation/share/amr_teleoperation/hook/ament_prefix_path.sh'
[10.859s] INFO:colcon.colcon_core.shell:Skip shell extension 'powershell' for command environment: Not usable outside of PowerShell
[10.860s] DEBUG:colcon.colcon_core.shell:Skip shell extension 'dsv' for command environment
[11.379s] DEBUG:colcon.colcon_core.event_handler.log_command:Invoking command in '/home/turtlebot/tb3_ws/build/amr_msgs': CMAKE_PREFIX_PATH=${CMAKE_PREFIX_PATH}:/home/turtlebot/turtlebot3_ws/install/turtlebot3_teleop:/home/turtlebot/turtlebot3_ws/install/turtlebot3_example:/opt/ros/humble /usr/bin/cmake /home/turtlebot/tb3_ws/src/amr_msgs -DAMENT_CMAKE_SYMLINK_INSTALL=1 -DCMAKE_INSTALL_PREFIX=/home/turtlebot/tb3_ws/install/amr_msgs
[14.164s] INFO:colcon.colcon_core.task.python.build:Building Python package in '/home/turtlebot/tb3_ws/src/amr_teleoperation'
[14.300s] INFO:colcon.colcon_core.shell:Skip shell extension 'powershell' for command environment: Not usable outside of PowerShell
[14.301s] DEBUG:colcon.colcon_core.shell:Skip shell extension 'dsv' for command environment
[20.072s] DEBUG:colcon.colcon_core.event_handler.log_command:Invoking command in '/home/turtlebot/tb3_ws/build/amr_teleoperation': PYTHONPATH=/home/turtlebot/tb3_ws/build/amr_teleoperation/prefix_override:/home/turtlebot/tb3_ws/install/amr_teleoperation/lib/python3.10/site-packages:${PYTHONPATH} /usr/bin/python3 setup.py develop --editable --build-directory /home/turtlebot/tb3_ws/build/amr_teleoperation/build --no-deps install_data
[26.769s] Level 1:colcon.colcon_core.shell:create_environment_hook('amr_teleoperation', 'pythonpath_develop')
[26.777s] DEBUG:colcon.colcon_core.event_handler.log_command:Invoked command in '/home/turtlebot/tb3_ws/build/amr_teleoperation' returned '0': PYTHONPATH=/home/turtlebot/tb3_ws/build/amr_teleoperation/prefix_override:/home/turtlebot/tb3_ws/install/amr_teleoperation/lib/python3.10/site-packages:${PYTHONPATH} /usr/bin/python3 setup.py develop --editable --build-directory /home/turtlebot/tb3_ws/build/amr_teleoperation/build --no-deps install_data
[27.255s] INFO:colcon.colcon_core.shell:Creating environment hook '/home/turtlebot/tb3_ws/build/amr_teleoperation/share/amr_teleoperation/hook/pythonpath_develop.ps1'
[27.262s] INFO:colcon.colcon_core.shell:Creating environment descriptor '/home/turtlebot/tb3_ws/build/amr_teleoperation/share/amr_teleoperation/hook/pythonpath_develop.dsv'
[27.264s] INFO:colcon.colcon_core.shell:Creating environment hook '/home/turtlebot/tb3_ws/build/amr_teleoperation/share/amr_teleoperation/hook/pythonpath_develop.sh'
[27.674s] Level 1:colcon.colcon_core.environment:checking '/home/turtlebot/tb3_ws/install/amr_teleoperation' for CMake module files
[27.684s] Level 1:colcon.colcon_core.environment:checking '/home/turtlebot/tb3_ws/install/amr_teleoperation' for CMake config files
[27.688s] Level 1:colcon.colcon_core.environment:checking '/home/turtlebot/tb3_ws/install/amr_teleoperation/lib'
[27.689s] Level 1:colcon.colcon_core.environment:checking '/home/turtlebot/tb3_ws/install/amr_teleoperation/bin'
[27.690s] Level 1:colcon.colcon_core.environment:checking '/home/turtlebot/tb3_ws/install/amr_teleoperation/lib/pkgconfig/amr_teleoperation.pc'
[27.702s] Level 1:colcon.colcon_core.environment:checking '/home/turtlebot/tb3_ws/install/amr_teleoperation/lib/python3.10/site-packages'
[27.702s] Level 1:colcon.colcon_core.shell:create_environment_hook('amr_teleoperation', 'pythonpath')
[28.091s] INFO:colcon.colcon_core.shell:Creating environment hook '/home/turtlebot/tb3_ws/install/amr_teleoperation/share/amr_teleoperation/hook/pythonpath.ps1'
[28.101s] INFO:colcon.colcon_core.shell:Creating environment descriptor '/home/turtlebot/tb3_ws/install/amr_teleoperation/share/amr_teleoperation/hook/pythonpath.dsv'
[28.104s] INFO:colcon.colcon_core.shell:Creating environment hook '/home/turtlebot/tb3_ws/install/amr_teleoperation/share/amr_teleoperation/hook/pythonpath.sh'
[28.117s] Level 1:colcon.colcon_core.environment:checking '/home/turtlebot/tb3_ws/install/amr_teleoperation/bin'
[28.118s] Level 1:colcon.colcon_core.environment:create_environment_scripts_only(amr_teleoperation)
[28.378s] INFO:colcon.colcon_core.shell:Creating package script '/home/turtlebot/tb3_ws/install/amr_teleoperation/share/amr_teleoperation/package.ps1'
[28.386s] INFO:colcon.colcon_core.shell:Creating package descriptor '/home/turtlebot/tb3_ws/install/amr_teleoperation/share/amr_teleoperation/package.dsv'
[28.392s] INFO:colcon.colcon_core.shell:Creating package script '/home/turtlebot/tb3_ws/install/amr_teleoperation/share/amr_teleoperation/package.sh'
[28.417s] INFO:colcon.colcon_core.shell:Creating package script '/home/turtlebot/tb3_ws/install/amr_teleoperation/share/amr_teleoperation/package.bash'
[28.422s] INFO:colcon.colcon_core.shell:Creating package script '/home/turtlebot/tb3_ws/install/amr_teleoperation/share/amr_teleoperation/package.zsh'
[28.452s] Level 1:colcon.colcon_core.environment:create_file_with_runtime_dependencies(/home/turtlebot/tb3_ws/install/amr_teleoperation/share/colcon-core/packages/amr_teleoperation)
[34.338s] DEBUG:colcon.colcon_core.event_handler.log_command:Invoked command in '/home/turtlebot/tb3_ws/build/amr_msgs' returned '0': CMAKE_PREFIX_PATH=${CMAKE_PREFIX_PATH}:/home/turtlebot/turtlebot3_ws/install/turtlebot3_teleop:/home/turtlebot/turtlebot3_ws/install/turtlebot3_example:/opt/ros/humble /usr/bin/cmake /home/turtlebot/tb3_ws/src/amr_msgs -DAMENT_CMAKE_SYMLINK_INSTALL=1 -DCMAKE_INSTALL_PREFIX=/home/turtlebot/tb3_ws/install/amr_msgs
[34.340s] DEBUG:colcon.colcon_core.event_handler.log_command:Invoking command in '/home/turtlebot/tb3_ws/build/amr_msgs': CMAKE_PREFIX_PATH=${CMAKE_PREFIX_PATH}:/home/turtlebot/turtlebot3_ws/install/turtlebot3_teleop:/home/turtlebot/turtlebot3_ws/install/turtlebot3_example:/opt/ros/humble /usr/bin/cmake --build /home/turtlebot/tb3_ws/build/amr_msgs -- -j4 -l4
[75.398s] DEBUG:colcon.colcon_core.event_handler.log_command:Invoked command in '/home/turtlebot/tb3_ws/build/amr_msgs' returned '0': CMAKE_PREFIX_PATH=${CMAKE_PREFIX_PATH}:/home/turtlebot/turtlebot3_ws/install/turtlebot3_teleop:/home/turtlebot/turtlebot3_ws/install/turtlebot3_example:/opt/ros/humble /usr/bin/cmake --build /home/turtlebot/tb3_ws/build/amr_msgs -- -j4 -l4
[75.917s] DEBUG:colcon.colcon_core.event_handler.log_command:Invoking command in '/home/turtlebot/tb3_ws/build/amr_msgs': CMAKE_PREFIX_PATH=${CMAKE_PREFIX_PATH}:/home/turtlebot/turtlebot3_ws/install/turtlebot3_teleop:/home/turtlebot/turtlebot3_ws/install/turtlebot3_example:/opt/ros/humble /usr/bin/cmake --install /home/turtlebot/tb3_ws/build/amr_msgs
[79.634s] Level 1:colcon.colcon_core.environment:create_environment_scripts_only(amr_msgs)
[79.651s] DEBUG:colcon.colcon_core.event_handler.log_command:Invoked command in '/home/turtlebot/tb3_ws/build/amr_msgs' returned '0': CMAKE_PREFIX_PATH=${CMAKE_PREFIX_PATH}:/home/turtlebot/turtlebot3_ws/install/turtlebot3_teleop:/home/turtlebot/turtlebot3_ws/install/turtlebot3_example:/opt/ros/humble /usr/bin/cmake --install /home/turtlebot/tb3_ws/build/amr_msgs
[79.749s] Level 1:colcon.colcon_core.environment:checking '/home/turtlebot/tb3_ws/install/amr_msgs' for CMake module files
[79.754s] Level 1:colcon.colcon_core.environment:checking '/home/turtlebot/tb3_ws/install/amr_msgs' for CMake config files
[79.759s] Level 1:colcon.colcon_core.shell:create_environment_hook('amr_msgs', 'cmake_prefix_path')
[79.836s] INFO:colcon.colcon_core.shell:Creating environment hook '/home/turtlebot/tb3_ws/install/amr_msgs/share/amr_msgs/hook/cmake_prefix_path.ps1'
[79.838s] INFO:colcon.colcon_core.shell:Creating environment descriptor '/home/turtlebot/tb3_ws/install/amr_msgs/share/amr_msgs/hook/cmake_prefix_path.dsv'
[79.840s] INFO:colcon.colcon_core.shell:Creating environment hook '/home/turtlebot/tb3_ws/install/amr_msgs/share/amr_msgs/hook/cmake_prefix_path.sh'
[79.843s] Level 1:colcon.colcon_core.environment:checking '/home/turtlebot/tb3_ws/install/amr_msgs/lib'
[79.843s] Level 1:colcon.colcon_core.shell:create_environment_hook('amr_msgs', 'ld_library_path_lib')
[79.944s] INFO:colcon.colcon_core.shell:Creating environment hook '/home/turtlebot/tb3_ws/install/amr_msgs/share/amr_msgs/hook/ld_library_path_lib.ps1'
[79.946s] INFO:colcon.colcon_core.shell:Creating environment descriptor '/home/turtlebot/tb3_ws/install/amr_msgs/share/amr_msgs/hook/ld_library_path_lib.dsv'
[79.953s] INFO:colcon.colcon_core.shell:Creating environment hook '/home/turtlebot/tb3_ws/install/amr_msgs/share/amr_msgs/hook/ld_library_path_lib.sh'
[79.958s] Level 1:colcon.colcon_core.environment:checking '/home/turtlebot/tb3_ws/install/amr_msgs/bin'
[79.963s] Level 1:colcon.colcon_core.environment:checking '/home/turtlebot/tb3_ws/install/amr_msgs/lib/pkgconfig/amr_msgs.pc'
[79.966s] Level 1:colcon.colcon_core.environment:checking '/home/turtlebot/tb3_ws/install/amr_msgs/lib/python3.10/site-packages'
[79.968s] Level 1:colcon.colcon_core.environment:checking '/home/turtlebot/tb3_ws/install/amr_msgs/bin'
[80.157s] INFO:colcon.colcon_core.shell:Creating package script '/home/turtlebot/tb3_ws/install/amr_msgs/share/amr_msgs/package.ps1'
[80.159s] INFO:colcon.colcon_core.shell:Creating package descriptor '/home/turtlebot/tb3_ws/install/amr_msgs/share/amr_msgs/package.dsv'
[80.162s] INFO:colcon.colcon_core.shell:Creating package script '/home/turtlebot/tb3_ws/install/amr_msgs/share/amr_msgs/package.sh'
[80.165s] INFO:colcon.colcon_core.shell:Creating package script '/home/turtlebot/tb3_ws/install/amr_msgs/share/amr_msgs/package.bash'
[80.167s] INFO:colcon.colcon_core.shell:Creating package script '/home/turtlebot/tb3_ws/install/amr_msgs/share/amr_msgs/package.zsh'
[80.169s] Level 1:colcon.colcon_core.environment:create_file_with_runtime_dependencies(/home/turtlebot/tb3_ws/install/amr_msgs/share/colcon-core/packages/amr_msgs)
[80.734s] Level 1:colcon.colcon_core.environment:create_environment_scripts_only(amr_msgs)
[80.860s] Level 1:colcon.colcon_core.environment:checking '/home/turtlebot/tb3_ws/install/amr_msgs' for CMake module files
[80.867s] Level 1:colcon.colcon_core.environment:checking '/home/turtlebot/tb3_ws/install/amr_msgs' for CMake config files
[80.878s] Level 1:colcon.colcon_core.shell:create_environment_hook('amr_msgs', 'cmake_prefix_path')
[81.026s] INFO:colcon.colcon_core.shell:Creating environment hook '/home/turtlebot/tb3_ws/install/amr_msgs/share/amr_msgs/hook/cmake_prefix_path.ps1'
[81.030s] INFO:colcon.colcon_core.shell:Creating environment descriptor '/home/turtlebot/tb3_ws/install/amr_msgs/share/amr_msgs/hook/cmake_prefix_path.dsv'
[81.036s] INFO:colcon.colcon_core.shell:Creating environment hook '/home/turtlebot/tb3_ws/install/amr_msgs/share/amr_msgs/hook/cmake_prefix_path.sh'
[81.040s] Level 1:colcon.colcon_core.environment:checking '/home/turtlebot/tb3_ws/install/amr_msgs/lib'
[81.042s] Level 1:colcon.colcon_core.shell:create_environment_hook('amr_msgs', 'ld_library_path_lib')
[81.242s] INFO:colcon.colcon_core.shell:Creating environment hook '/home/turtlebot/tb3_ws/install/amr_msgs/share/amr_msgs/hook/ld_library_path_lib.ps1'
[81.247s] INFO:colcon.colcon_core.shell:Creating environment descriptor '/home/turtlebot/tb3_ws/install/amr_msgs/share/amr_msgs/hook/ld_library_path_lib.dsv'
[81.249s] INFO:colcon.colcon_core.shell:Creating environment hook '/home/turtlebot/tb3_ws/install/amr_msgs/share/amr_msgs/hook/ld_library_path_lib.sh'
[81.252s] Level 1:colcon.colcon_core.environment:checking '/home/turtlebot/tb3_ws/install/amr_msgs/bin'
[81.253s] Level 1:colcon.colcon_core.environment:checking '/home/turtlebot/tb3_ws/install/amr_msgs/lib/pkgconfig/amr_msgs.pc'
[81.254s] Level 1:colcon.colcon_core.environment:checking '/home/turtlebot/tb3_ws/install/amr_msgs/lib/python3.10/site-packages'
[81.255s] Level 1:colcon.colcon_core.environment:checking '/home/turtlebot/tb3_ws/install/amr_msgs/bin'
[81.334s] INFO:colcon.colcon_core.shell:Creating package script '/home/turtlebot/tb3_ws/install/amr_msgs/share/amr_msgs/package.ps1'
[81.336s] INFO:colcon.colcon_core.shell:Creating package descriptor '/home/turtlebot/tb3_ws/install/amr_msgs/share/amr_msgs/package.dsv'
[81.339s] INFO:colcon.colcon_core.shell:Creating package script '/home/turtlebot/tb3_ws/install/amr_msgs/share/amr_msgs/package.sh'
[81.341s] INFO:colcon.colcon_core.shell:Creating package script '/home/turtlebot/tb3_ws/install/amr_msgs/share/amr_msgs/package.bash'
[81.344s] INFO:colcon.colcon_core.shell:Creating package script '/home/turtlebot/tb3_ws/install/amr_msgs/share/amr_msgs/package.zsh'
[81.348s] Level 1:colcon.colcon_core.environment:create_file_with_runtime_dependencies(/home/turtlebot/tb3_ws/install/amr_msgs/share/colcon-core/packages/amr_msgs)
[81.351s] DEBUG:colcon.colcon_parallel_executor.executor.parallel:closing loop
[81.353s] DEBUG:colcon.colcon_parallel_executor.executor.parallel:loop closed
[81.353s] DEBUG:colcon.colcon_parallel_executor.executor.parallel:run_until_complete finished with '0'
[81.354s] DEBUG:colcon.colcon_core.event_reactor:joining thread
[81.510s] INFO:colcon.colcon_core.plugin_system:Skipping extension 'colcon_notification.desktop_notification.terminal_notifier': Not used on non-Darwin systems
[81.511s] INFO:colcon.colcon_core.plugin_system:Skipping extension 'colcon_notification.desktop_notification.win32': Not used on non-Windows systems
[81.511s] INFO:colcon.colcon_notification.desktop_notification:Sending desktop notification using 'notify2'
[81.653s] DEBUG:colcon.colcon_core.event_reactor:joined thread
[81.760s] INFO:colcon.colcon_core.shell:Creating prefix script '/home/turtlebot/tb3_ws/install/local_setup.ps1'
[81.767s] INFO:colcon.colcon_core.shell:Creating prefix util module '/home/turtlebot/tb3_ws/install/_local_setup_util_ps1.py'
[81.774s] INFO:colcon.colcon_core.shell:Creating prefix chain script '/home/turtlebot/tb3_ws/install/setup.ps1'
[81.925s] INFO:colcon.colcon_core.shell:Creating prefix script '/home/turtlebot/tb3_ws/install/local_setup.sh'
[81.932s] INFO:colcon.colcon_core.shell:Creating prefix util module '/home/turtlebot/tb3_ws/install/_local_setup_util_sh.py'
[81.942s] INFO:colcon.colcon_core.shell:Creating prefix chain script '/home/turtlebot/tb3_ws/install/setup.sh'
[82.093s] INFO:colcon.colcon_core.shell:Creating prefix script '/home/turtlebot/tb3_ws/install/local_setup.bash'
[82.098s] INFO:colcon.colcon_core.shell:Creating prefix chain script '/home/turtlebot/tb3_ws/install/setup.bash'
[82.210s] INFO:colcon.colcon_core.shell:Creating prefix script '/home/turtlebot/tb3_ws/install/local_setup.zsh'
[82.215s] INFO:colcon.colcon_core.shell:Creating prefix chain script '/home/turtlebot/tb3_ws/install/setup.zsh'
