[3.952s] Invoking command in '/home/turtlebot/tb3_ws/src/amr_teleoperation': PYTHONPATH=/home/turtlebot/tb3_ws/build/amr_teleoperation/prefix_override:/home/turtlebot/tb3_ws/install/amr_teleoperation/lib/python3.10/site-packages:${PYTHONPATH} /usr/bin/python3 setup.py egg_info --egg-base ../../build/amr_teleoperation build --build-base /home/turtlebot/tb3_ws/build/amr_teleoperation/build install --record /home/turtlebot/tb3_ws/build/amr_teleoperation/install.log --single-version-externally-managed
[5.272s] running egg_info
[5.275s] writing ../../build/amr_teleoperation/amr_teleoperation.egg-info/PKG-INFO
[5.276s] writing dependency_links to ../../build/amr_teleoperation/amr_teleoperation.egg-info/dependency_links.txt
[5.277s] writing entry points to ../../build/amr_teleoperation/amr_teleoperation.egg-info/entry_points.txt
[5.278s] writing requirements to ../../build/amr_teleoperation/amr_teleoperation.egg-info/requires.txt
[5.280s] writing top-level names to ../../build/amr_teleoperation/amr_teleoperation.egg-info/top_level.txt
[5.288s] reading manifest file '../../build/amr_teleoperation/amr_teleoperation.egg-info/SOURCES.txt'
[5.292s] writing manifest file '../../build/amr_teleoperation/amr_teleoperation.egg-info/SOURCES.txt'
[5.293s] running build
[5.294s] running build_py
[5.295s] copying amr_teleoperation/teleoperation_node.py -> /home/turtlebot/tb3_ws/build/amr_teleoperation/build/lib/amr_teleoperation
[5.296s] copying amr_teleoperation/keyboard_node.py -> /home/turtlebot/tb3_ws/build/amr_teleoperation/build/lib/amr_teleoperation
[5.298s] running install
[5.299s] running install_lib
[5.302s] copying /home/turtlebot/tb3_ws/build/amr_teleoperation/build/lib/amr_teleoperation/teleoperation_node.py -> /home/turtlebot/tb3_ws/install/amr_teleoperation/lib/python3.10/site-packages/amr_teleoperation
[5.303s] copying /home/turtlebot/tb3_ws/build/amr_teleoperation/build/lib/amr_teleoperation/keyboard_node.py -> /home/turtlebot/tb3_ws/install/amr_teleoperation/lib/python3.10/site-packages/amr_teleoperation
[5.307s] byte-compiling /home/turtlebot/tb3_ws/install/amr_teleoperation/lib/python3.10/site-packages/amr_teleoperation/teleoperation_node.py to teleoperation_node.cpython-310.pyc
[5.310s] byte-compiling /home/turtlebot/tb3_ws/install/amr_teleoperation/lib/python3.10/site-packages/amr_teleoperation/keyboard_node.py to keyboard_node.cpython-310.pyc
[5.312s] running install_data
[5.315s] running install_egg_info
[5.322s] removing '/home/turtlebot/tb3_ws/install/amr_teleoperation/lib/python3.10/site-packages/amr_teleoperation-0.0.0-py3.10.egg-info' (and everything under it)
[5.324s] Copying ../../build/amr_teleoperation/amr_teleoperation.egg-info to /home/turtlebot/tb3_ws/install/amr_teleoperation/lib/python3.10/site-packages/amr_teleoperation-0.0.0-py3.10.egg-info
[5.331s] running install_scripts
[5.415s] Installing keyboard_node script to /home/turtlebot/tb3_ws/install/amr_teleoperation/lib/amr_teleoperation
[5.416s] Installing teleoperation_node script to /home/turtlebot/tb3_ws/install/amr_teleoperation/lib/amr_teleoperation
[5.418s] writing list of installed files to '/home/turtlebot/tb3_ws/build/amr_teleoperation/install.log'
[5.570s] Invoked command in '/home/turtlebot/tb3_ws/src/amr_teleoperation' returned '0': PYTHONPATH=/home/turtlebot/tb3_ws/build/amr_teleoperation/prefix_override:/home/turtlebot/tb3_ws/install/amr_teleoperation/lib/python3.10/site-packages:${PYTHONPATH} /usr/bin/python3 setup.py egg_info --egg-base ../../build/amr_teleoperation build --build-base /home/turtlebot/tb3_ws/build/amr_teleoperation/build install --record /home/turtlebot/tb3_ws/build/amr_teleoperation/install.log --single-version-externally-managed
