[5.825s] DEBUG:colcon:Command line arguments: ['/usr/bin/colcon', 'build', '--packages-select', 'amr_teleoperation']
[5.825s] DEBUG:colcon:Parsed command line arguments: Namespace(log_base=None, log_level=None, verb_name='build', build_base='build', install_base='install', merge_install=False, symlink_install=False, test_result_base=None, continue_on_error=False, executor='parallel', parallel_workers=4, event_handlers=None, ignore_user_meta=False, metas=['./colcon.meta'], base_paths=['.'], packages_ignore=None, packages_ignore_regex=None, paths=None, packages_up_to=None, packages_up_to_regex=None, packages_above=None, packages_above_and_dependencies=None, packages_above_depth=None, packages_select_by_dep=None, packages_skip_by_dep=None, packages_skip_up_to=None, packages_select_build_failed=False, packages_skip_build_finished=False, packages_select_test_failures=False, packages_skip_test_passed=False, packages_select=['amr_teleoperation'], packages_skip=None, packages_select_regex=None, packages_skip_regex=None, packages_start=None, packages_end=None, allow_overriding=[], cmake_args=None, cmake_target=None, cmake_target_skip_unavailable=False, cmake_clean_cache=False, cmake_clean_first=False, cmake_force_configure=False, ament_cmake_args=None, catkin_cmake_args=None, catkin_skip_building_tests=False, verb_parser=<colcon_defaults.argument_parser.defaults.DefaultArgumentsDecorator object at 0xffff82475a50>, verb_extension=<colcon_core.verb.build.BuildVerb object at 0xffff827144c0>, main=<bound method BuildVerb.main of <colcon_core.verb.build.BuildVerb object at 0xffff827144c0>>)
[6.021s] Level 1:colcon.colcon_core.package_discovery:discover_packages(colcon_meta) check parameters
[6.022s] Level 1:colcon.colcon_core.package_discovery:discover_packages(recursive) check parameters
[6.022s] Level 1:colcon.colcon_core.package_discovery:discover_packages(ignore) check parameters
[6.022s] Level 1:colcon.colcon_core.package_discovery:discover_packages(path) check parameters
[6.023s] Level 1:colcon.colcon_core.package_discovery:discover_packages(colcon_meta) discover
[6.023s] Level 1:colcon.colcon_core.package_discovery:discover_packages(recursive) discover
[6.023s] INFO:colcon.colcon_core.package_discovery:Crawling recursively for packages in '/home/turtlebot/tb3_ws'
[6.023s] Level 1:colcon.colcon_core.package_identification:_identify(.) by extensions ['ignore', 'ignore_ament_install']
[6.024s] Level 1:colcon.colcon_core.package_identification:_identify(.) by extension 'ignore'
[6.024s] Level 1:colcon.colcon_core.package_identification:_identify(.) by extension 'ignore_ament_install'
[6.024s] Level 1:colcon.colcon_core.package_identification:_identify(.) by extensions ['colcon_pkg']
[6.024s] Level 1:colcon.colcon_core.package_identification:_identify(.) by extension 'colcon_pkg'
[6.025s] Level 1:colcon.colcon_core.package_identification:_identify(.) by extensions ['colcon_meta']
[6.025s] Level 1:colcon.colcon_core.package_identification:_identify(.) by extension 'colcon_meta'
[6.025s] Level 1:colcon.colcon_core.package_identification:_identify(.) by extensions ['ros']
[6.025s] Level 1:colcon.colcon_core.package_identification:_identify(.) by extension 'ros'
[6.072s] Level 1:colcon.colcon_core.package_identification:_identify(.) by extensions ['cmake', 'python']
[6.072s] Level 1:colcon.colcon_core.package_identification:_identify(.) by extension 'cmake'
[6.072s] Level 1:colcon.colcon_core.package_identification:_identify(.) by extension 'python'
[6.073s] Level 1:colcon.colcon_core.package_identification:_identify(.) by extensions ['python_setup_py']
[6.073s] Level 1:colcon.colcon_core.package_identification:_identify(.) by extension 'python_setup_py'
[6.073s] Level 1:colcon.colcon_core.package_identification:_identify(build) by extensions ['ignore', 'ignore_ament_install']
[6.074s] Level 1:colcon.colcon_core.package_identification:_identify(build) by extension 'ignore'
[6.074s] Level 1:colcon.colcon_core.package_identification:_identify(build) ignored
[6.075s] Level 1:colcon.colcon_core.package_identification:_identify(install) by extensions ['ignore', 'ignore_ament_install']
[6.075s] Level 1:colcon.colcon_core.package_identification:_identify(install) by extension 'ignore'
[6.075s] Level 1:colcon.colcon_core.package_identification:_identify(install) ignored
[6.076s] Level 1:colcon.colcon_core.package_identification:_identify(log) by extensions ['ignore', 'ignore_ament_install']
[6.076s] Level 1:colcon.colcon_core.package_identification:_identify(log) by extension 'ignore'
[6.076s] Level 1:colcon.colcon_core.package_identification:_identify(log) ignored
[6.077s] Level 1:colcon.colcon_core.package_identification:_identify(src) by extensions ['ignore', 'ignore_ament_install']
[6.077s] Level 1:colcon.colcon_core.package_identification:_identify(src) by extension 'ignore'
[6.077s] Level 1:colcon.colcon_core.package_identification:_identify(src) by extension 'ignore_ament_install'
[6.077s] Level 1:colcon.colcon_core.package_identification:_identify(src) by extensions ['colcon_pkg']
[6.078s] Level 1:colcon.colcon_core.package_identification:_identify(src) by extension 'colcon_pkg'
[6.078s] Level 1:colcon.colcon_core.package_identification:_identify(src) by extensions ['colcon_meta']
[6.078s] Level 1:colcon.colcon_core.package_identification:_identify(src) by extension 'colcon_meta'
[6.078s] Level 1:colcon.colcon_core.package_identification:_identify(src) by extensions ['ros']
[6.078s] Level 1:colcon.colcon_core.package_identification:_identify(src) by extension 'ros'
[6.079s] Level 1:colcon.colcon_core.package_identification:_identify(src) by extensions ['cmake', 'python']
[6.079s] Level 1:colcon.colcon_core.package_identification:_identify(src) by extension 'cmake'
[6.079s] Level 1:colcon.colcon_core.package_identification:_identify(src) by extension 'python'
[6.079s] Level 1:colcon.colcon_core.package_identification:_identify(src) by extensions ['python_setup_py']
[6.079s] Level 1:colcon.colcon_core.package_identification:_identify(src) by extension 'python_setup_py'
[6.080s] Level 1:colcon.colcon_core.package_identification:_identify(src/amr_msgs) by extensions ['ignore', 'ignore_ament_install']
[6.080s] Level 1:colcon.colcon_core.package_identification:_identify(src/amr_msgs) by extension 'ignore'
[6.080s] Level 1:colcon.colcon_core.package_identification:_identify(src/amr_msgs) by extension 'ignore_ament_install'
[6.081s] Level 1:colcon.colcon_core.package_identification:_identify(src/amr_msgs) by extensions ['colcon_pkg']
[6.081s] Level 1:colcon.colcon_core.package_identification:_identify(src/amr_msgs) by extension 'colcon_pkg'
[6.081s] Level 1:colcon.colcon_core.package_identification:_identify(src/amr_msgs) by extensions ['colcon_meta']
[6.081s] Level 1:colcon.colcon_core.package_identification:_identify(src/amr_msgs) by extension 'colcon_meta'
[6.081s] Level 1:colcon.colcon_core.package_identification:_identify(src/amr_msgs) by extensions ['ros']
[6.081s] Level 1:colcon.colcon_core.package_identification:_identify(src/amr_msgs) by extension 'ros'
[6.090s] DEBUG:colcon.colcon_core.package_identification:Package 'src/amr_msgs' with type 'ros.ament_cmake' and name 'amr_msgs'
[6.091s] Level 1:colcon.colcon_core.package_identification:_identify(src/amr_teleoperation) by extensions ['ignore', 'ignore_ament_install']
[6.091s] Level 1:colcon.colcon_core.package_identification:_identify(src/amr_teleoperation) by extension 'ignore'
[6.091s] Level 1:colcon.colcon_core.package_identification:_identify(src/amr_teleoperation) by extension 'ignore_ament_install'
[6.092s] Level 1:colcon.colcon_core.package_identification:_identify(src/amr_teleoperation) by extensions ['colcon_pkg']
[6.092s] Level 1:colcon.colcon_core.package_identification:_identify(src/amr_teleoperation) by extension 'colcon_pkg'
[6.092s] Level 1:colcon.colcon_core.package_identification:_identify(src/amr_teleoperation) by extensions ['colcon_meta']
[6.092s] Level 1:colcon.colcon_core.package_identification:_identify(src/amr_teleoperation) by extension 'colcon_meta'
[6.092s] Level 1:colcon.colcon_core.package_identification:_identify(src/amr_teleoperation) by extensions ['ros']
[6.092s] Level 1:colcon.colcon_core.package_identification:_identify(src/amr_teleoperation) by extension 'ros'
[6.094s] DEBUG:colcon.colcon_core.package_identification:Package 'src/amr_teleoperation' with type 'ros.ament_python' and name 'amr_teleoperation'
[6.095s] Level 1:colcon.colcon_core.package_discovery:discover_packages(recursive) using defaults
[6.095s] Level 1:colcon.colcon_core.package_discovery:discover_packages(ignore) discover
[6.095s] Level 1:colcon.colcon_core.package_discovery:discover_packages(ignore) using defaults
[6.095s] Level 1:colcon.colcon_core.package_discovery:discover_packages(path) discover
[6.095s] Level 1:colcon.colcon_core.package_discovery:discover_packages(path) using defaults
[6.355s] INFO:colcon.colcon_core.package_selection:Skipping not selected package 'amr_msgs' in 'src/amr_msgs'
[6.475s] Level 1:colcon.colcon_core.package_discovery:discover_packages(prefix_path) check parameters
[6.475s] Level 1:colcon.colcon_core.package_discovery:discover_packages(prefix_path) discover
[6.615s] DEBUG:colcon.colcon_installed_package_information.package_discovery:Found 2 installed packages in /home/turtlebot/tb3_ws/install
[6.683s] DEBUG:colcon.colcon_installed_package_information.package_discovery:Found 9 installed packages in /home/turtlebot/turtlebot3_ws/install
[6.761s] DEBUG:colcon.colcon_installed_package_information.package_discovery:Found 336 installed packages in /opt/ros/humble
[6.771s] Level 1:colcon.colcon_core.package_discovery:discover_packages(prefix_path) using defaults
[7.204s] Level 5:colcon.colcon_core.verb:set package 'amr_teleoperation' build argument 'cmake_args' from command line to 'None'
[7.205s] Level 5:colcon.colcon_core.verb:set package 'amr_teleoperation' build argument 'cmake_target' from command line to 'None'
[7.205s] Level 5:colcon.colcon_core.verb:set package 'amr_teleoperation' build argument 'cmake_target_skip_unavailable' from command line to 'False'
[7.205s] Level 5:colcon.colcon_core.verb:set package 'amr_teleoperation' build argument 'cmake_clean_cache' from command line to 'False'
[7.205s] Level 5:colcon.colcon_core.verb:set package 'amr_teleoperation' build argument 'cmake_clean_first' from command line to 'False'
[7.205s] Level 5:colcon.colcon_core.verb:set package 'amr_teleoperation' build argument 'cmake_force_configure' from command line to 'False'
[7.205s] Level 5:colcon.colcon_core.verb:set package 'amr_teleoperation' build argument 'ament_cmake_args' from command line to 'None'
[7.205s] Level 5:colcon.colcon_core.verb:set package 'amr_teleoperation' build argument 'catkin_cmake_args' from command line to 'None'
[7.205s] Level 5:colcon.colcon_core.verb:set package 'amr_teleoperation' build argument 'catkin_skip_building_tests' from command line to 'False'
[7.205s] DEBUG:colcon.colcon_core.verb:Building package 'amr_teleoperation' with the following arguments: {'ament_cmake_args': None, 'build_base': '/home/turtlebot/tb3_ws/build/amr_teleoperation', 'catkin_cmake_args': None, 'catkin_skip_building_tests': False, 'cmake_args': None, 'cmake_clean_cache': False, 'cmake_clean_first': False, 'cmake_force_configure': False, 'cmake_target': None, 'cmake_target_skip_unavailable': False, 'install_base': '/home/turtlebot/tb3_ws/install/amr_teleoperation', 'merge_install': False, 'path': '/home/turtlebot/tb3_ws/src/amr_teleoperation', 'symlink_install': False, 'test_result_base': None}
[7.266s] INFO:colcon.colcon_core.executor:Executing jobs using 'parallel' executor
[7.329s] DEBUG:colcon.colcon_parallel_executor.executor.parallel:run_until_complete
[7.384s] INFO:colcon.colcon_ros.task.ament_python.build:Building ROS package in '/home/turtlebot/tb3_ws/src/amr_teleoperation' with build type 'ament_python'
[7.386s] Level 1:colcon.colcon_core.shell:create_environment_hook('amr_teleoperation', 'ament_prefix_path')
[7.466s] INFO:colcon.colcon_core.plugin_system:Skipping extension 'colcon_core.shell.bat': Not used on non-Windows systems
[7.468s] INFO:colcon.colcon_core.shell:Creating environment hook '/home/turtlebot/tb3_ws/install/amr_teleoperation/share/amr_teleoperation/hook/ament_prefix_path.ps1'
[7.470s] INFO:colcon.colcon_core.shell:Creating environment descriptor '/home/turtlebot/tb3_ws/install/amr_teleoperation/share/amr_teleoperation/hook/ament_prefix_path.dsv'
[7.472s] INFO:colcon.colcon_core.shell:Creating environment hook '/home/turtlebot/tb3_ws/install/amr_teleoperation/share/amr_teleoperation/hook/ament_prefix_path.sh'
[7.542s] INFO:colcon.colcon_core.shell:Skip shell extension 'powershell' for command environment: Not usable outside of PowerShell
[7.542s] DEBUG:colcon.colcon_core.shell:Skip shell extension 'dsv' for command environment
[9.102s] INFO:colcon.colcon_core.task.python.build:Building Python package in '/home/turtlebot/tb3_ws/src/amr_teleoperation'
[9.169s] INFO:colcon.colcon_core.shell:Skip shell extension 'powershell' for command environment: Not usable outside of PowerShell
[9.169s] DEBUG:colcon.colcon_core.shell:Skip shell extension 'dsv' for command environment
[11.028s] DEBUG:colcon.colcon_core.event_handler.log_command:Invoking command in '/home/turtlebot/tb3_ws/src/amr_teleoperation': PYTHONPATH=/home/turtlebot/tb3_ws/build/amr_teleoperation/prefix_override:/home/turtlebot/tb3_ws/install/amr_teleoperation/lib/python3.10/site-packages:${PYTHONPATH} /usr/bin/python3 setup.py egg_info --egg-base ../../build/amr_teleoperation build --build-base /home/turtlebot/tb3_ws/build/amr_teleoperation/build install --record /home/turtlebot/tb3_ws/build/amr_teleoperation/install.log --single-version-externally-managed
[12.480s] DEBUG:colcon.colcon_core.event_handler.log_command:Invoked command in '/home/turtlebot/tb3_ws/src/amr_teleoperation' returned '0': PYTHONPATH=/home/turtlebot/tb3_ws/build/amr_teleoperation/prefix_override:/home/turtlebot/tb3_ws/install/amr_teleoperation/lib/python3.10/site-packages:${PYTHONPATH} /usr/bin/python3 setup.py egg_info --egg-base ../../build/amr_teleoperation build --build-base /home/turtlebot/tb3_ws/build/amr_teleoperation/build install --record /home/turtlebot/tb3_ws/build/amr_teleoperation/install.log --single-version-externally-managed
[12.557s] Level 1:colcon.colcon_core.environment:checking '/home/turtlebot/tb3_ws/install/amr_teleoperation' for CMake module files
[12.559s] Level 1:colcon.colcon_core.environment:checking '/home/turtlebot/tb3_ws/install/amr_teleoperation' for CMake config files
[12.563s] Level 1:colcon.colcon_core.environment:checking '/home/turtlebot/tb3_ws/install/amr_teleoperation/lib'
[12.564s] Level 1:colcon.colcon_core.environment:checking '/home/turtlebot/tb3_ws/install/amr_teleoperation/bin'
[12.564s] Level 1:colcon.colcon_core.environment:checking '/home/turtlebot/tb3_ws/install/amr_teleoperation/lib/pkgconfig/amr_teleoperation.pc'
[12.565s] Level 1:colcon.colcon_core.environment:checking '/home/turtlebot/tb3_ws/install/amr_teleoperation/lib/python3.10/site-packages'
[12.565s] Level 1:colcon.colcon_core.shell:create_environment_hook('amr_teleoperation', 'pythonpath')
[12.668s] INFO:colcon.colcon_core.shell:Creating environment hook '/home/turtlebot/tb3_ws/install/amr_teleoperation/share/amr_teleoperation/hook/pythonpath.ps1'
[12.671s] INFO:colcon.colcon_core.shell:Creating environment descriptor '/home/turtlebot/tb3_ws/install/amr_teleoperation/share/amr_teleoperation/hook/pythonpath.dsv'
[12.672s] INFO:colcon.colcon_core.shell:Creating environment hook '/home/turtlebot/tb3_ws/install/amr_teleoperation/share/amr_teleoperation/hook/pythonpath.sh'
[12.675s] Level 1:colcon.colcon_core.environment:checking '/home/turtlebot/tb3_ws/install/amr_teleoperation/bin'
[12.675s] Level 1:colcon.colcon_core.environment:create_environment_scripts_only(amr_teleoperation)
[12.742s] INFO:colcon.colcon_core.shell:Creating package script '/home/turtlebot/tb3_ws/install/amr_teleoperation/share/amr_teleoperation/package.ps1'
[12.745s] INFO:colcon.colcon_core.shell:Creating package descriptor '/home/turtlebot/tb3_ws/install/amr_teleoperation/share/amr_teleoperation/package.dsv'
[12.748s] INFO:colcon.colcon_core.shell:Creating package script '/home/turtlebot/tb3_ws/install/amr_teleoperation/share/amr_teleoperation/package.sh'
[12.751s] INFO:colcon.colcon_core.shell:Creating package script '/home/turtlebot/tb3_ws/install/amr_teleoperation/share/amr_teleoperation/package.bash'
[12.754s] INFO:colcon.colcon_core.shell:Creating package script '/home/turtlebot/tb3_ws/install/amr_teleoperation/share/amr_teleoperation/package.zsh'
[12.757s] Level 1:colcon.colcon_core.environment:create_file_with_runtime_dependencies(/home/turtlebot/tb3_ws/install/amr_teleoperation/share/colcon-core/packages/amr_teleoperation)
[12.759s] DEBUG:colcon.colcon_parallel_executor.executor.parallel:closing loop
[12.760s] DEBUG:colcon.colcon_parallel_executor.executor.parallel:loop closed
[12.760s] DEBUG:colcon.colcon_parallel_executor.executor.parallel:run_until_complete finished with '0'
[12.761s] DEBUG:colcon.colcon_core.event_reactor:joining thread
[12.847s] INFO:colcon.colcon_core.plugin_system:Skipping extension 'colcon_notification.desktop_notification.terminal_notifier': Not used on non-Darwin systems
[12.848s] INFO:colcon.colcon_core.plugin_system:Skipping extension 'colcon_notification.desktop_notification.win32': Not used on non-Windows systems
[12.848s] INFO:colcon.colcon_notification.desktop_notification:Sending desktop notification using 'notify2'
[12.853s] DEBUG:colcon.colcon_notification.desktop_notification.notify2:Failed to initialize notify2: org.freedesktop.DBus.Error.ServiceUnknown: The name org.freedesktop.Notifications was not provided by any .service files
[12.853s] DEBUG:colcon.colcon_core.event_reactor:joined thread
[12.918s] INFO:colcon.colcon_core.shell:Creating prefix script '/home/turtlebot/tb3_ws/install/local_setup.ps1'
[12.921s] INFO:colcon.colcon_core.shell:Creating prefix util module '/home/turtlebot/tb3_ws/install/_local_setup_util_ps1.py'
[12.926s] INFO:colcon.colcon_core.shell:Creating prefix chain script '/home/turtlebot/tb3_ws/install/setup.ps1'
[12.996s] INFO:colcon.colcon_core.shell:Creating prefix script '/home/turtlebot/tb3_ws/install/local_setup.sh'
[12.999s] INFO:colcon.colcon_core.shell:Creating prefix util module '/home/turtlebot/tb3_ws/install/_local_setup_util_sh.py'
[13.001s] INFO:colcon.colcon_core.shell:Creating prefix chain script '/home/turtlebot/tb3_ws/install/setup.sh'
[13.068s] INFO:colcon.colcon_core.shell:Creating prefix script '/home/turtlebot/tb3_ws/install/local_setup.bash'
[13.071s] INFO:colcon.colcon_core.shell:Creating prefix chain script '/home/turtlebot/tb3_ws/install/setup.bash'
[13.138s] INFO:colcon.colcon_core.shell:Creating prefix script '/home/turtlebot/tb3_ws/install/local_setup.zsh'
[13.141s] INFO:colcon.colcon_core.shell:Creating prefix chain script '/home/turtlebot/tb3_ws/install/setup.zsh'
