running develop
Removing /home/turtlebot/tb3_ws/install/amr_teleoperation/lib/python3.10/site-packages/amr-teleoperation.egg-link (link to .)
running egg_info
writing ../../build/amr_teleoperation/amr_teleoperation.egg-info/PKG-INFO
writing dependency_links to ../../build/amr_teleoperation/amr_teleoperation.egg-info/dependency_links.txt
writing entry points to ../../build/amr_teleoperation/amr_teleoperation.egg-info/entry_points.txt
writing requirements to ../../build/amr_teleoperation/amr_teleoperation.egg-info/requires.txt
writing top-level names to ../../build/amr_teleoperation/amr_teleoperation.egg-info/top_level.txt
reading manifest file '../../build/amr_teleoperation/amr_teleoperation.egg-info/SOURCES.txt'
writing manifest file '../../build/amr_teleoperation/amr_teleoperation.egg-info/SOURCES.txt'
running build
running build_py
creating /home/turtlebot/tb3_ws/build/amr_teleoperation/build
creating /home/turtlebot/tb3_ws/build/amr_teleoperation/build/lib
creating /home/turtlebot/tb3_ws/build/amr_teleoperation/build/lib/amr_teleoperation
copying amr_teleoperation/teleoperation_node.py -> /home/turtlebot/tb3_ws/build/amr_teleoperation/build/lib/amr_teleoperation
copying amr_teleoperation/keyboard_node.py -> /home/turtlebot/tb3_ws/build/amr_teleoperation/build/lib/amr_teleoperation
copying amr_teleoperation/__init__.py -> /home/turtlebot/tb3_ws/build/amr_teleoperation/build/lib/amr_teleoperation
running install
running install_lib
creating /home/turtlebot/tb3_ws/install/amr_teleoperation/lib/python3.10/site-packages/amr_teleoperation
copying /home/turtlebot/tb3_ws/build/amr_teleoperation/build/lib/amr_teleoperation/teleoperation_node.py -> /home/turtlebot/tb3_ws/install/amr_teleoperation/lib/python3.10/site-packages/amr_teleoperation
copying /home/turtlebot/tb3_ws/build/amr_teleoperation/build/lib/amr_teleoperation/keyboard_node.py -> /home/turtlebot/tb3_ws/install/amr_teleoperation/lib/python3.10/site-packages/amr_teleoperation
copying /home/turtlebot/tb3_ws/build/amr_teleoperation/build/lib/amr_teleoperation/__init__.py -> /home/turtlebot/tb3_ws/install/amr_teleoperation/lib/python3.10/site-packages/amr_teleoperation
byte-compiling /home/turtlebot/tb3_ws/install/amr_teleoperation/lib/python3.10/site-packages/amr_teleoperation/teleoperation_node.py to teleoperation_node.cpython-310.pyc
byte-compiling /home/turtlebot/tb3_ws/install/amr_teleoperation/lib/python3.10/site-packages/amr_teleoperation/keyboard_node.py to keyboard_node.cpython-310.pyc
byte-compiling /home/turtlebot/tb3_ws/install/amr_teleoperation/lib/python3.10/site-packages/amr_teleoperation/__init__.py to __init__.cpython-310.pyc
running install_data
copying package.xml -> /home/turtlebot/tb3_ws/install/amr_teleoperation/share/amr_teleoperation
running install_egg_info
Copying ../../build/amr_teleoperation/amr_teleoperation.egg-info to /home/turtlebot/tb3_ws/install/amr_teleoperation/lib/python3.10/site-packages/amr_teleoperation-0.0.0-py3.10.egg-info
running install_scripts
Installing keyboard_node script to /home/turtlebot/tb3_ws/install/amr_teleoperation/lib/amr_teleoperation
writing list of installed files to '/home/turtlebot/tb3_ws/build/amr_teleoperation/install.log'
