[8.025s] DEBUG:colcon:Command line arguments: ['/usr/bin/colcon', 'build', '--packages-select', 'amr_teleoperation']
[8.027s] DEBUG:colcon:Parsed command line arguments: Namespace(log_base=None, log_level=None, verb_name='build', build_base='build', install_base='install', merge_install=False, symlink_install=False, test_result_base=None, continue_on_error=False, executor='parallel', parallel_workers=4, event_handlers=None, ignore_user_meta=False, metas=['./colcon.meta'], base_paths=['.'], packages_ignore=None, packages_ignore_regex=None, paths=None, packages_up_to=None, packages_up_to_regex=None, packages_above=None, packages_above_and_dependencies=None, packages_above_depth=None, packages_select_by_dep=None, packages_skip_by_dep=None, packages_skip_up_to=None, packages_select_build_failed=False, packages_skip_build_finished=False, packages_select_test_failures=False, packages_skip_test_passed=False, packages_select=['amr_teleoperation'], packages_skip=None, packages_select_regex=None, packages_skip_regex=None, packages_start=None, packages_end=None, allow_overriding=[], cmake_args=None, cmake_target=None, cmake_target_skip_unavailable=False, cmake_clean_cache=False, cmake_clean_first=False, cmake_force_configure=False, ament_cmake_args=None, catkin_cmake_args=None, catkin_skip_building_tests=False, verb_parser=<colcon_defaults.argument_parser.defaults.DefaultArgumentsDecorator object at 0xffff7edba320>, verb_extension=<colcon_core.verb.build.BuildVerb object at 0xffff7f03ba30>, main=<bound method BuildVerb.main of <colcon_core.verb.build.BuildVerb object at 0xffff7f03ba30>>)
[8.330s] Level 1:colcon.colcon_core.package_discovery:discover_packages(colcon_meta) check parameters
[8.331s] Level 1:colcon.colcon_core.package_discovery:discover_packages(recursive) check parameters
[8.332s] Level 1:colcon.colcon_core.package_discovery:discover_packages(ignore) check parameters
[8.332s] Level 1:colcon.colcon_core.package_discovery:discover_packages(path) check parameters
[8.333s] Level 1:colcon.colcon_core.package_discovery:discover_packages(colcon_meta) discover
[8.334s] Level 1:colcon.colcon_core.package_discovery:discover_packages(recursive) discover
[8.335s] INFO:colcon.colcon_core.package_discovery:Crawling recursively for packages in '/home/turtlebot/tb3_ws'
[8.336s] Level 1:colcon.colcon_core.package_identification:_identify(.) by extensions ['ignore', 'ignore_ament_install']
[8.337s] Level 1:colcon.colcon_core.package_identification:_identify(.) by extension 'ignore'
[8.338s] Level 1:colcon.colcon_core.package_identification:_identify(.) by extension 'ignore_ament_install'
[8.339s] Level 1:colcon.colcon_core.package_identification:_identify(.) by extensions ['colcon_pkg']
[8.340s] Level 1:colcon.colcon_core.package_identification:_identify(.) by extension 'colcon_pkg'
[8.341s] Level 1:colcon.colcon_core.package_identification:_identify(.) by extensions ['colcon_meta']
[8.341s] Level 1:colcon.colcon_core.package_identification:_identify(.) by extension 'colcon_meta'
[8.342s] Level 1:colcon.colcon_core.package_identification:_identify(.) by extensions ['ros']
[8.343s] Level 1:colcon.colcon_core.package_identification:_identify(.) by extension 'ros'
[8.417s] Level 1:colcon.colcon_core.package_identification:_identify(.) by extensions ['cmake', 'python']
[8.419s] Level 1:colcon.colcon_core.package_identification:_identify(.) by extension 'cmake'
[8.423s] Level 1:colcon.colcon_core.package_identification:_identify(.) by extension 'python'
[8.424s] Level 1:colcon.colcon_core.package_identification:_identify(.) by extensions ['python_setup_py']
[8.426s] Level 1:colcon.colcon_core.package_identification:_identify(.) by extension 'python_setup_py'
[8.427s] Level 1:colcon.colcon_core.package_identification:_identify(build) by extensions ['ignore', 'ignore_ament_install']
[8.429s] Level 1:colcon.colcon_core.package_identification:_identify(build) by extension 'ignore'
[8.430s] Level 1:colcon.colcon_core.package_identification:_identify(build) ignored
[8.432s] Level 1:colcon.colcon_core.package_identification:_identify(install) by extensions ['ignore', 'ignore_ament_install']
[8.433s] Level 1:colcon.colcon_core.package_identification:_identify(install) by extension 'ignore'
[8.435s] Level 1:colcon.colcon_core.package_identification:_identify(install) ignored
[8.436s] Level 1:colcon.colcon_core.package_identification:_identify(log) by extensions ['ignore', 'ignore_ament_install']
[8.438s] Level 1:colcon.colcon_core.package_identification:_identify(log) by extension 'ignore'
[8.439s] Level 1:colcon.colcon_core.package_identification:_identify(log) ignored
[8.440s] Level 1:colcon.colcon_core.package_identification:_identify(src) by extensions ['ignore', 'ignore_ament_install']
[8.442s] Level 1:colcon.colcon_core.package_identification:_identify(src) by extension 'ignore'
[8.443s] Level 1:colcon.colcon_core.package_identification:_identify(src) by extension 'ignore_ament_install'
[8.444s] Level 1:colcon.colcon_core.package_identification:_identify(src) by extensions ['colcon_pkg']
[8.445s] Level 1:colcon.colcon_core.package_identification:_identify(src) by extension 'colcon_pkg'
[8.446s] Level 1:colcon.colcon_core.package_identification:_identify(src) by extensions ['colcon_meta']
[8.447s] Level 1:colcon.colcon_core.package_identification:_identify(src) by extension 'colcon_meta'
[8.448s] Level 1:colcon.colcon_core.package_identification:_identify(src) by extensions ['ros']
[8.449s] Level 1:colcon.colcon_core.package_identification:_identify(src) by extension 'ros'
[8.451s] Level 1:colcon.colcon_core.package_identification:_identify(src) by extensions ['cmake', 'python']
[8.452s] Level 1:colcon.colcon_core.package_identification:_identify(src) by extension 'cmake'
[8.453s] Level 1:colcon.colcon_core.package_identification:_identify(src) by extension 'python'
[8.454s] Level 1:colcon.colcon_core.package_identification:_identify(src) by extensions ['python_setup_py']
[8.455s] Level 1:colcon.colcon_core.package_identification:_identify(src) by extension 'python_setup_py'
[8.457s] Level 1:colcon.colcon_core.package_identification:_identify(src/amr_msgs) by extensions ['ignore', 'ignore_ament_install']
[8.459s] Level 1:colcon.colcon_core.package_identification:_identify(src/amr_msgs) by extension 'ignore'
[8.460s] Level 1:colcon.colcon_core.package_identification:_identify(src/amr_msgs) by extension 'ignore_ament_install'
[8.462s] Level 1:colcon.colcon_core.package_identification:_identify(src/amr_msgs) by extensions ['colcon_pkg']
[8.463s] Level 1:colcon.colcon_core.package_identification:_identify(src/amr_msgs) by extension 'colcon_pkg'
[8.464s] Level 1:colcon.colcon_core.package_identification:_identify(src/amr_msgs) by extensions ['colcon_meta']
[8.465s] Level 1:colcon.colcon_core.package_identification:_identify(src/amr_msgs) by extension 'colcon_meta'
[8.467s] Level 1:colcon.colcon_core.package_identification:_identify(src/amr_msgs) by extensions ['ros']
[8.468s] Level 1:colcon.colcon_core.package_identification:_identify(src/amr_msgs) by extension 'ros'
[8.486s] DEBUG:colcon.colcon_core.package_identification:Package 'src/amr_msgs' with type 'ros.ament_cmake' and name 'amr_msgs'
[8.487s] Level 1:colcon.colcon_core.package_identification:_identify(src/amr_teleoperation) by extensions ['ignore', 'ignore_ament_install']
[8.488s] Level 1:colcon.colcon_core.package_identification:_identify(src/amr_teleoperation) by extension 'ignore'
[8.489s] Level 1:colcon.colcon_core.package_identification:_identify(src/amr_teleoperation) by extension 'ignore_ament_install'
[8.490s] Level 1:colcon.colcon_core.package_identification:_identify(src/amr_teleoperation) by extensions ['colcon_pkg']
[8.490s] Level 1:colcon.colcon_core.package_identification:_identify(src/amr_teleoperation) by extension 'colcon_pkg'
[8.491s] Level 1:colcon.colcon_core.package_identification:_identify(src/amr_teleoperation) by extensions ['colcon_meta']
[8.491s] Level 1:colcon.colcon_core.package_identification:_identify(src/amr_teleoperation) by extension 'colcon_meta'
[8.492s] Level 1:colcon.colcon_core.package_identification:_identify(src/amr_teleoperation) by extensions ['ros']
[8.492s] Level 1:colcon.colcon_core.package_identification:_identify(src/amr_teleoperation) by extension 'ros'
[8.495s] DEBUG:colcon.colcon_core.package_identification:Package 'src/amr_teleoperation' with type 'ros.ament_python' and name 'amr_teleoperation'
[8.495s] Level 1:colcon.colcon_core.package_discovery:discover_packages(recursive) using defaults
[8.496s] Level 1:colcon.colcon_core.package_discovery:discover_packages(ignore) discover
[8.496s] Level 1:colcon.colcon_core.package_discovery:discover_packages(ignore) using defaults
[8.496s] Level 1:colcon.colcon_core.package_discovery:discover_packages(path) discover
[8.496s] Level 1:colcon.colcon_core.package_discovery:discover_packages(path) using defaults
[8.997s] INFO:colcon.colcon_core.package_selection:Skipping not selected package 'amr_msgs' in 'src/amr_msgs'
[9.216s] Level 1:colcon.colcon_core.package_discovery:discover_packages(prefix_path) check parameters
[9.217s] Level 1:colcon.colcon_core.package_discovery:discover_packages(prefix_path) discover
[9.500s] DEBUG:colcon.colcon_installed_package_information.package_discovery:Found 2 installed packages in /home/turtlebot/tb3_ws/install
[9.642s] DEBUG:colcon.colcon_installed_package_information.package_discovery:Found 9 installed packages in /home/turtlebot/turtlebot3_ws/install
[9.711s] DEBUG:colcon.colcon_installed_package_information.package_discovery:Found 2 installed packages in /home/turtlebot/install
[9.811s] DEBUG:colcon.colcon_installed_package_information.package_discovery:Found 336 installed packages in /opt/ros/humble
[9.822s] Level 1:colcon.colcon_core.package_discovery:discover_packages(prefix_path) using defaults
[10.515s] Level 5:colcon.colcon_core.verb:set package 'amr_teleoperation' build argument 'cmake_args' from command line to 'None'
[10.515s] Level 5:colcon.colcon_core.verb:set package 'amr_teleoperation' build argument 'cmake_target' from command line to 'None'
[10.515s] Level 5:colcon.colcon_core.verb:set package 'amr_teleoperation' build argument 'cmake_target_skip_unavailable' from command line to 'False'
[10.516s] Level 5:colcon.colcon_core.verb:set package 'amr_teleoperation' build argument 'cmake_clean_cache' from command line to 'False'
[10.516s] Level 5:colcon.colcon_core.verb:set package 'amr_teleoperation' build argument 'cmake_clean_first' from command line to 'False'
[10.516s] Level 5:colcon.colcon_core.verb:set package 'amr_teleoperation' build argument 'cmake_force_configure' from command line to 'False'
[10.516s] Level 5:colcon.colcon_core.verb:set package 'amr_teleoperation' build argument 'ament_cmake_args' from command line to 'None'
[10.516s] Level 5:colcon.colcon_core.verb:set package 'amr_teleoperation' build argument 'catkin_cmake_args' from command line to 'None'
[10.516s] Level 5:colcon.colcon_core.verb:set package 'amr_teleoperation' build argument 'catkin_skip_building_tests' from command line to 'False'
[10.516s] DEBUG:colcon.colcon_core.verb:Building package 'amr_teleoperation' with the following arguments: {'ament_cmake_args': None, 'build_base': '/home/turtlebot/tb3_ws/build/amr_teleoperation', 'catkin_cmake_args': None, 'catkin_skip_building_tests': False, 'cmake_args': None, 'cmake_clean_cache': False, 'cmake_clean_first': False, 'cmake_force_configure': False, 'cmake_target': None, 'cmake_target_skip_unavailable': False, 'install_base': '/home/turtlebot/tb3_ws/install/amr_teleoperation', 'merge_install': False, 'path': '/home/turtlebot/tb3_ws/src/amr_teleoperation', 'symlink_install': False, 'test_result_base': None}
[10.638s] INFO:colcon.colcon_core.executor:Executing jobs using 'parallel' executor
[10.796s] DEBUG:colcon.colcon_parallel_executor.executor.parallel:run_until_complete
[10.798s] INFO:colcon.colcon_ros.task.ament_python.build:Building ROS package in '/home/turtlebot/tb3_ws/src/amr_teleoperation' with build type 'ament_python'
[10.799s] Level 1:colcon.colcon_core.shell:create_environment_hook('amr_teleoperation', 'ament_prefix_path')
[10.986s] INFO:colcon.colcon_core.plugin_system:Skipping extension 'colcon_core.shell.bat': Not used on non-Windows systems
[10.987s] INFO:colcon.colcon_core.shell:Creating environment hook '/home/turtlebot/tb3_ws/install/amr_teleoperation/share/amr_teleoperation/hook/ament_prefix_path.ps1'
[10.991s] INFO:colcon.colcon_core.shell:Creating environment descriptor '/home/turtlebot/tb3_ws/install/amr_teleoperation/share/amr_teleoperation/hook/ament_prefix_path.dsv'
[10.993s] INFO:colcon.colcon_core.shell:Creating environment hook '/home/turtlebot/tb3_ws/install/amr_teleoperation/share/amr_teleoperation/hook/ament_prefix_path.sh'
[11.161s] INFO:colcon.colcon_core.shell:Skip shell extension 'powershell' for command environment: Not usable outside of PowerShell
[11.162s] DEBUG:colcon.colcon_core.shell:Skip shell extension 'dsv' for command environment
[14.079s] INFO:colcon.colcon_core.task.python.build:Building Python package in '/home/turtlebot/tb3_ws/src/amr_teleoperation'
[14.214s] INFO:colcon.colcon_core.shell:Skip shell extension 'powershell' for command environment: Not usable outside of PowerShell
[14.214s] DEBUG:colcon.colcon_core.shell:Skip shell extension 'dsv' for command environment
[17.638s] DEBUG:colcon.colcon_core.event_handler.log_command:Invoking command in '/home/turtlebot/tb3_ws/src/amr_teleoperation': PYTHONPATH=/home/turtlebot/tb3_ws/build/amr_teleoperation/prefix_override:/home/turtlebot/tb3_ws/install/amr_teleoperation/lib/python3.10/site-packages:${PYTHONPATH} /usr/bin/python3 setup.py egg_info --egg-base ../../build/amr_teleoperation build --build-base /home/turtlebot/tb3_ws/build/amr_teleoperation/build install --record /home/turtlebot/tb3_ws/build/amr_teleoperation/install.log --single-version-externally-managed
[20.244s] DEBUG:colcon.colcon_core.event_handler.log_command:Invoked command in '/home/turtlebot/tb3_ws/src/amr_teleoperation' returned '0': PYTHONPATH=/home/turtlebot/tb3_ws/build/amr_teleoperation/prefix_override:/home/turtlebot/tb3_ws/install/amr_teleoperation/lib/python3.10/site-packages:${PYTHONPATH} /usr/bin/python3 setup.py egg_info --egg-base ../../build/amr_teleoperation build --build-base /home/turtlebot/tb3_ws/build/amr_teleoperation/build install --record /home/turtlebot/tb3_ws/build/amr_teleoperation/install.log --single-version-externally-managed
[20.375s] Level 1:colcon.colcon_core.environment:checking '/home/turtlebot/tb3_ws/install/amr_teleoperation' for CMake module files
[20.378s] Level 1:colcon.colcon_core.environment:checking '/home/turtlebot/tb3_ws/install/amr_teleoperation' for CMake config files
[20.383s] Level 1:colcon.colcon_core.environment:checking '/home/turtlebot/tb3_ws/install/amr_teleoperation/lib'
[20.384s] Level 1:colcon.colcon_core.environment:checking '/home/turtlebot/tb3_ws/install/amr_teleoperation/bin'
[20.386s] Level 1:colcon.colcon_core.environment:checking '/home/turtlebot/tb3_ws/install/amr_teleoperation/lib/pkgconfig/amr_teleoperation.pc'
[20.387s] Level 1:colcon.colcon_core.environment:checking '/home/turtlebot/tb3_ws/install/amr_teleoperation/lib/python3.10/site-packages'
[20.388s] Level 1:colcon.colcon_core.shell:create_environment_hook('amr_teleoperation', 'pythonpath')
[20.613s] INFO:colcon.colcon_core.shell:Creating environment hook '/home/turtlebot/tb3_ws/install/amr_teleoperation/share/amr_teleoperation/hook/pythonpath.ps1'
[20.622s] INFO:colcon.colcon_core.shell:Creating environment descriptor '/home/turtlebot/tb3_ws/install/amr_teleoperation/share/amr_teleoperation/hook/pythonpath.dsv'
[20.625s] INFO:colcon.colcon_core.shell:Creating environment hook '/home/turtlebot/tb3_ws/install/amr_teleoperation/share/amr_teleoperation/hook/pythonpath.sh'
[20.641s] Level 1:colcon.colcon_core.environment:checking '/home/turtlebot/tb3_ws/install/amr_teleoperation/bin'
[20.641s] Level 1:colcon.colcon_core.environment:create_environment_scripts_only(amr_teleoperation)
[20.843s] INFO:colcon.colcon_core.shell:Creating package script '/home/turtlebot/tb3_ws/install/amr_teleoperation/share/amr_teleoperation/package.ps1'
[20.848s] INFO:colcon.colcon_core.shell:Creating package descriptor '/home/turtlebot/tb3_ws/install/amr_teleoperation/share/amr_teleoperation/package.dsv'
[20.851s] INFO:colcon.colcon_core.shell:Creating package script '/home/turtlebot/tb3_ws/install/amr_teleoperation/share/amr_teleoperation/package.sh'
[20.856s] INFO:colcon.colcon_core.shell:Creating package script '/home/turtlebot/tb3_ws/install/amr_teleoperation/share/amr_teleoperation/package.bash'
[20.861s] INFO:colcon.colcon_core.shell:Creating package script '/home/turtlebot/tb3_ws/install/amr_teleoperation/share/amr_teleoperation/package.zsh'
[20.865s] Level 1:colcon.colcon_core.environment:create_file_with_runtime_dependencies(/home/turtlebot/tb3_ws/install/amr_teleoperation/share/colcon-core/packages/amr_teleoperation)
[20.875s] DEBUG:colcon.colcon_parallel_executor.executor.parallel:closing loop
[20.875s] DEBUG:colcon.colcon_parallel_executor.executor.parallel:loop closed
[20.876s] DEBUG:colcon.colcon_parallel_executor.executor.parallel:run_until_complete finished with '0'
[20.876s] DEBUG:colcon.colcon_core.event_reactor:joining thread
[21.094s] INFO:colcon.colcon_core.plugin_system:Skipping extension 'colcon_notification.desktop_notification.terminal_notifier': Not used on non-Darwin systems
[21.095s] INFO:colcon.colcon_core.plugin_system:Skipping extension 'colcon_notification.desktop_notification.win32': Not used on non-Windows systems
[21.095s] INFO:colcon.colcon_notification.desktop_notification:Sending desktop notification using 'notify2'
[21.201s] DEBUG:colcon.colcon_core.event_reactor:joined thread
[21.377s] INFO:colcon.colcon_core.shell:Creating prefix script '/home/turtlebot/tb3_ws/install/local_setup.ps1'
[21.382s] INFO:colcon.colcon_core.shell:Creating prefix util module '/home/turtlebot/tb3_ws/install/_local_setup_util_ps1.py'
[21.389s] INFO:colcon.colcon_core.shell:Creating prefix chain script '/home/turtlebot/tb3_ws/install/setup.ps1'
[21.564s] INFO:colcon.colcon_core.shell:Creating prefix script '/home/turtlebot/tb3_ws/install/local_setup.sh'
[21.573s] INFO:colcon.colcon_core.shell:Creating prefix util module '/home/turtlebot/tb3_ws/install/_local_setup_util_sh.py'
[21.577s] INFO:colcon.colcon_core.shell:Creating prefix chain script '/home/turtlebot/tb3_ws/install/setup.sh'
[21.768s] INFO:colcon.colcon_core.shell:Creating prefix script '/home/turtlebot/tb3_ws/install/local_setup.bash'
[21.771s] INFO:colcon.colcon_core.shell:Creating prefix chain script '/home/turtlebot/tb3_ws/install/setup.bash'
[21.915s] INFO:colcon.colcon_core.shell:Creating prefix script '/home/turtlebot/tb3_ws/install/local_setup.zsh'
[21.918s] INFO:colcon.colcon_core.shell:Creating prefix chain script '/home/turtlebot/tb3_ws/install/setup.zsh'
