[4.361s] DEBUG:colcon:Command line arguments: ['/usr/bin/colcon', 'build', '--packages-select', 'amr_msgs']
[4.361s] DEBUG:colcon:Parsed command line arguments: Namespace(log_base=None, log_level=None, verb_name='build', build_base='build', install_base='install', merge_install=False, symlink_install=False, test_result_base=None, continue_on_error=False, executor='parallel', parallel_workers=4, event_handlers=None, ignore_user_meta=False, metas=['./colcon.meta'], base_paths=['.'], packages_ignore=None, packages_ignore_regex=None, paths=None, packages_up_to=None, packages_up_to_regex=None, packages_above=None, packages_above_and_dependencies=None, packages_above_depth=None, packages_select_by_dep=None, packages_skip_by_dep=None, packages_skip_up_to=None, packages_select_build_failed=False, packages_skip_build_finished=False, packages_select_test_failures=False, packages_skip_test_passed=False, packages_select=['amr_msgs'], packages_skip=None, packages_select_regex=None, packages_skip_regex=None, packages_start=None, packages_end=None, allow_overriding=[], cmake_args=None, cmake_target=None, cmake_target_skip_unavailable=False, cmake_clean_cache=False, cmake_clean_first=False, cmake_force_configure=False, ament_cmake_args=None, catkin_cmake_args=None, catkin_skip_building_tests=False, verb_parser=<colcon_defaults.argument_parser.defaults.DefaultArgumentsDecorator object at 0xffff8875dcf0>, verb_extension=<colcon_core.verb.build.BuildVerb object at 0xffff889f4760>, main=<bound method BuildVerb.main of <colcon_core.verb.build.BuildVerb object at 0xffff889f4760>>)
[4.558s] Level 1:colcon.colcon_core.package_discovery:discover_packages(colcon_meta) check parameters
[4.558s] Level 1:colcon.colcon_core.package_discovery:discover_packages(recursive) check parameters
[4.559s] Level 1:colcon.colcon_core.package_discovery:discover_packages(ignore) check parameters
[4.559s] Level 1:colcon.colcon_core.package_discovery:discover_packages(path) check parameters
[4.559s] Level 1:colcon.colcon_core.package_discovery:discover_packages(colcon_meta) discover
[4.559s] Level 1:colcon.colcon_core.package_discovery:discover_packages(recursive) discover
[4.559s] INFO:colcon.colcon_core.package_discovery:Crawling recursively for packages in '/home/turtlebot/tb3_ws'
[4.560s] Level 1:colcon.colcon_core.package_identification:_identify(.) by extensions ['ignore', 'ignore_ament_install']
[4.560s] Level 1:colcon.colcon_core.package_identification:_identify(.) by extension 'ignore'
[4.560s] Level 1:colcon.colcon_core.package_identification:_identify(.) by extension 'ignore_ament_install'
[4.561s] Level 1:colcon.colcon_core.package_identification:_identify(.) by extensions ['colcon_pkg']
[4.561s] Level 1:colcon.colcon_core.package_identification:_identify(.) by extension 'colcon_pkg'
[4.561s] Level 1:colcon.colcon_core.package_identification:_identify(.) by extensions ['colcon_meta']
[4.561s] Level 1:colcon.colcon_core.package_identification:_identify(.) by extension 'colcon_meta'
[4.561s] Level 1:colcon.colcon_core.package_identification:_identify(.) by extensions ['ros']
[4.561s] Level 1:colcon.colcon_core.package_identification:_identify(.) by extension 'ros'
[4.608s] Level 1:colcon.colcon_core.package_identification:_identify(.) by extensions ['cmake', 'python']
[4.608s] Level 1:colcon.colcon_core.package_identification:_identify(.) by extension 'cmake'
[4.608s] Level 1:colcon.colcon_core.package_identification:_identify(.) by extension 'python'
[4.608s] Level 1:colcon.colcon_core.package_identification:_identify(.) by extensions ['python_setup_py']
[4.609s] Level 1:colcon.colcon_core.package_identification:_identify(.) by extension 'python_setup_py'
[4.609s] Level 1:colcon.colcon_core.package_identification:_identify(build) by extensions ['ignore', 'ignore_ament_install']
[4.610s] Level 1:colcon.colcon_core.package_identification:_identify(build) by extension 'ignore'
[4.610s] Level 1:colcon.colcon_core.package_identification:_identify(build) ignored
[4.610s] Level 1:colcon.colcon_core.package_identification:_identify(install) by extensions ['ignore', 'ignore_ament_install']
[4.611s] Level 1:colcon.colcon_core.package_identification:_identify(install) by extension 'ignore'
[4.611s] Level 1:colcon.colcon_core.package_identification:_identify(install) ignored
[4.612s] Level 1:colcon.colcon_core.package_identification:_identify(log) by extensions ['ignore', 'ignore_ament_install']
[4.612s] Level 1:colcon.colcon_core.package_identification:_identify(log) by extension 'ignore'
[4.612s] Level 1:colcon.colcon_core.package_identification:_identify(log) ignored
[4.613s] Level 1:colcon.colcon_core.package_identification:_identify(src) by extensions ['ignore', 'ignore_ament_install']
[4.613s] Level 1:colcon.colcon_core.package_identification:_identify(src) by extension 'ignore'
[4.613s] Level 1:colcon.colcon_core.package_identification:_identify(src) by extension 'ignore_ament_install'
[4.613s] Level 1:colcon.colcon_core.package_identification:_identify(src) by extensions ['colcon_pkg']
[4.613s] Level 1:colcon.colcon_core.package_identification:_identify(src) by extension 'colcon_pkg'
[4.614s] Level 1:colcon.colcon_core.package_identification:_identify(src) by extensions ['colcon_meta']
[4.614s] Level 1:colcon.colcon_core.package_identification:_identify(src) by extension 'colcon_meta'
[4.614s] Level 1:colcon.colcon_core.package_identification:_identify(src) by extensions ['ros']
[4.614s] Level 1:colcon.colcon_core.package_identification:_identify(src) by extension 'ros'
[4.615s] Level 1:colcon.colcon_core.package_identification:_identify(src) by extensions ['cmake', 'python']
[4.615s] Level 1:colcon.colcon_core.package_identification:_identify(src) by extension 'cmake'
[4.615s] Level 1:colcon.colcon_core.package_identification:_identify(src) by extension 'python'
[4.615s] Level 1:colcon.colcon_core.package_identification:_identify(src) by extensions ['python_setup_py']
[4.615s] Level 1:colcon.colcon_core.package_identification:_identify(src) by extension 'python_setup_py'
[4.616s] Level 1:colcon.colcon_core.package_identification:_identify(src/amr_msgs) by extensions ['ignore', 'ignore_ament_install']
[4.616s] Level 1:colcon.colcon_core.package_identification:_identify(src/amr_msgs) by extension 'ignore'
[4.616s] Level 1:colcon.colcon_core.package_identification:_identify(src/amr_msgs) by extension 'ignore_ament_install'
[4.616s] Level 1:colcon.colcon_core.package_identification:_identify(src/amr_msgs) by extensions ['colcon_pkg']
[4.617s] Level 1:colcon.colcon_core.package_identification:_identify(src/amr_msgs) by extension 'colcon_pkg'
[4.617s] Level 1:colcon.colcon_core.package_identification:_identify(src/amr_msgs) by extensions ['colcon_meta']
[4.617s] Level 1:colcon.colcon_core.package_identification:_identify(src/amr_msgs) by extension 'colcon_meta'
[4.617s] Level 1:colcon.colcon_core.package_identification:_identify(src/amr_msgs) by extensions ['ros']
[4.617s] Level 1:colcon.colcon_core.package_identification:_identify(src/amr_msgs) by extension 'ros'
[4.626s] DEBUG:colcon.colcon_core.package_identification:Package 'src/amr_msgs' with type 'ros.ament_cmake' and name 'amr_msgs'
[4.627s] Level 1:colcon.colcon_core.package_identification:_identify(src/amr_teleoperation) by extensions ['ignore', 'ignore_ament_install']
[4.627s] Level 1:colcon.colcon_core.package_identification:_identify(src/amr_teleoperation) by extension 'ignore'
[4.627s] Level 1:colcon.colcon_core.package_identification:_identify(src/amr_teleoperation) by extension 'ignore_ament_install'
[4.628s] Level 1:colcon.colcon_core.package_identification:_identify(src/amr_teleoperation) by extensions ['colcon_pkg']
[4.628s] Level 1:colcon.colcon_core.package_identification:_identify(src/amr_teleoperation) by extension 'colcon_pkg'
[4.628s] Level 1:colcon.colcon_core.package_identification:_identify(src/amr_teleoperation) by extensions ['colcon_meta']
[4.628s] Level 1:colcon.colcon_core.package_identification:_identify(src/amr_teleoperation) by extension 'colcon_meta'
[4.628s] Level 1:colcon.colcon_core.package_identification:_identify(src/amr_teleoperation) by extensions ['ros']
[4.628s] Level 1:colcon.colcon_core.package_identification:_identify(src/amr_teleoperation) by extension 'ros'
[4.630s] DEBUG:colcon.colcon_core.package_identification:Package 'src/amr_teleoperation' with type 'ros.ament_python' and name 'amr_teleoperation'
[4.631s] Level 1:colcon.colcon_core.package_discovery:discover_packages(recursive) using defaults
[4.631s] Level 1:colcon.colcon_core.package_discovery:discover_packages(ignore) discover
[4.631s] Level 1:colcon.colcon_core.package_discovery:discover_packages(ignore) using defaults
[4.631s] Level 1:colcon.colcon_core.package_discovery:discover_packages(path) discover
[4.631s] Level 1:colcon.colcon_core.package_discovery:discover_packages(path) using defaults
[4.893s] INFO:colcon.colcon_core.package_selection:Skipping not selected package 'amr_teleoperation' in 'src/amr_teleoperation'
[5.015s] Level 1:colcon.colcon_core.package_discovery:discover_packages(prefix_path) check parameters
[5.015s] Level 1:colcon.colcon_core.package_discovery:discover_packages(prefix_path) discover
[5.153s] DEBUG:colcon.colcon_installed_package_information.package_discovery:Found 9 installed packages in /home/turtlebot/turtlebot3_ws/install
[5.225s] DEBUG:colcon.colcon_installed_package_information.package_discovery:Found 336 installed packages in /opt/ros/humble
[5.235s] Level 1:colcon.colcon_core.package_discovery:discover_packages(prefix_path) using defaults
[5.672s] Level 5:colcon.colcon_core.verb:set package 'amr_msgs' build argument 'cmake_args' from command line to 'None'
[5.672s] Level 5:colcon.colcon_core.verb:set package 'amr_msgs' build argument 'cmake_target' from command line to 'None'
[5.673s] Level 5:colcon.colcon_core.verb:set package 'amr_msgs' build argument 'cmake_target_skip_unavailable' from command line to 'False'
[5.673s] Level 5:colcon.colcon_core.verb:set package 'amr_msgs' build argument 'cmake_clean_cache' from command line to 'False'
[5.673s] Level 5:colcon.colcon_core.verb:set package 'amr_msgs' build argument 'cmake_clean_first' from command line to 'False'
[5.673s] Level 5:colcon.colcon_core.verb:set package 'amr_msgs' build argument 'cmake_force_configure' from command line to 'False'
[5.673s] Level 5:colcon.colcon_core.verb:set package 'amr_msgs' build argument 'ament_cmake_args' from command line to 'None'
[5.673s] Level 5:colcon.colcon_core.verb:set package 'amr_msgs' build argument 'catkin_cmake_args' from command line to 'None'
[5.673s] Level 5:colcon.colcon_core.verb:set package 'amr_msgs' build argument 'catkin_skip_building_tests' from command line to 'False'
[5.673s] DEBUG:colcon.colcon_core.verb:Building package 'amr_msgs' with the following arguments: {'ament_cmake_args': None, 'build_base': '/home/turtlebot/tb3_ws/build/amr_msgs', 'catkin_cmake_args': None, 'catkin_skip_building_tests': False, 'cmake_args': None, 'cmake_clean_cache': False, 'cmake_clean_first': False, 'cmake_force_configure': False, 'cmake_target': None, 'cmake_target_skip_unavailable': False, 'install_base': '/home/turtlebot/tb3_ws/install/amr_msgs', 'merge_install': False, 'path': '/home/turtlebot/tb3_ws/src/amr_msgs', 'symlink_install': False, 'test_result_base': None}
[5.733s] INFO:colcon.colcon_core.executor:Executing jobs using 'parallel' executor
[5.797s] DEBUG:colcon.colcon_parallel_executor.executor.parallel:run_until_complete
[5.798s] INFO:colcon.colcon_ros.task.ament_cmake.build:Building ROS package in '/home/turtlebot/tb3_ws/src/amr_msgs' with build type 'ament_cmake'
[5.798s] INFO:colcon.colcon_cmake.task.cmake.build:Building CMake package in '/home/turtlebot/tb3_ws/src/amr_msgs'
[5.869s] INFO:colcon.colcon_core.plugin_system:Skipping extension 'colcon_core.shell.bat': Not used on non-Windows systems
[5.870s] INFO:colcon.colcon_core.shell:Skip shell extension 'powershell' for command environment: Not usable outside of PowerShell
[5.870s] DEBUG:colcon.colcon_core.shell:Skip shell extension 'dsv' for command environment
[6.110s] DEBUG:colcon.colcon_core.event_handler.log_command:Invoking command in '/home/turtlebot/tb3_ws/build/amr_msgs': CMAKE_PREFIX_PATH=${CMAKE_PREFIX_PATH}:/home/turtlebot/turtlebot3_ws/install/turtlebot3_teleop:/home/turtlebot/turtlebot3_ws/install/turtlebot3_example:/opt/ros/humble /usr/bin/cmake --build /home/turtlebot/tb3_ws/build/amr_msgs -- -j4 -l4
[7.960s] DEBUG:colcon.colcon_core.event_handler.log_command:Invoked command in '/home/turtlebot/tb3_ws/build/amr_msgs' returned '0': CMAKE_PREFIX_PATH=${CMAKE_PREFIX_PATH}:/home/turtlebot/turtlebot3_ws/install/turtlebot3_teleop:/home/turtlebot/turtlebot3_ws/install/turtlebot3_example:/opt/ros/humble /usr/bin/cmake --build /home/turtlebot/tb3_ws/build/amr_msgs -- -j4 -l4
[8.354s] DEBUG:colcon.colcon_core.event_handler.log_command:Invoking command in '/home/turtlebot/tb3_ws/build/amr_msgs': CMAKE_PREFIX_PATH=${CMAKE_PREFIX_PATH}:/home/turtlebot/turtlebot3_ws/install/turtlebot3_teleop:/home/turtlebot/turtlebot3_ws/install/turtlebot3_example:/opt/ros/humble /usr/bin/cmake --install /home/turtlebot/tb3_ws/build/amr_msgs
[8.763s] Level 1:colcon.colcon_core.environment:create_environment_scripts_only(amr_msgs)
[8.765s] DEBUG:colcon.colcon_core.event_handler.log_command:Invoked command in '/home/turtlebot/tb3_ws/build/amr_msgs' returned '0': CMAKE_PREFIX_PATH=${CMAKE_PREFIX_PATH}:/home/turtlebot/turtlebot3_ws/install/turtlebot3_teleop:/home/turtlebot/turtlebot3_ws/install/turtlebot3_example:/opt/ros/humble /usr/bin/cmake --install /home/turtlebot/tb3_ws/build/amr_msgs
[8.878s] Level 1:colcon.colcon_core.environment:checking '/home/turtlebot/tb3_ws/install/amr_msgs' for CMake module files
[8.883s] Level 1:colcon.colcon_core.environment:checking '/home/turtlebot/tb3_ws/install/amr_msgs' for CMake config files
[8.889s] Level 1:colcon.colcon_core.shell:create_environment_hook('amr_msgs', 'cmake_prefix_path')
[9.031s] INFO:colcon.colcon_core.shell:Creating environment hook '/home/turtlebot/tb3_ws/install/amr_msgs/share/amr_msgs/hook/cmake_prefix_path.ps1'
[9.035s] INFO:colcon.colcon_core.shell:Creating environment descriptor '/home/turtlebot/tb3_ws/install/amr_msgs/share/amr_msgs/hook/cmake_prefix_path.dsv'
[9.038s] INFO:colcon.colcon_core.shell:Creating environment hook '/home/turtlebot/tb3_ws/install/amr_msgs/share/amr_msgs/hook/cmake_prefix_path.sh'
[9.043s] Level 1:colcon.colcon_core.environment:checking '/home/turtlebot/tb3_ws/install/amr_msgs/lib'
[9.044s] Level 1:colcon.colcon_core.shell:create_environment_hook('amr_msgs', 'ld_library_path_lib')
[9.163s] INFO:colcon.colcon_core.shell:Creating environment hook '/home/turtlebot/tb3_ws/install/amr_msgs/share/amr_msgs/hook/ld_library_path_lib.ps1'
[9.165s] INFO:colcon.colcon_core.shell:Creating environment descriptor '/home/turtlebot/tb3_ws/install/amr_msgs/share/amr_msgs/hook/ld_library_path_lib.dsv'
[9.168s] INFO:colcon.colcon_core.shell:Creating environment hook '/home/turtlebot/tb3_ws/install/amr_msgs/share/amr_msgs/hook/ld_library_path_lib.sh'
[9.172s] Level 1:colcon.colcon_core.environment:checking '/home/turtlebot/tb3_ws/install/amr_msgs/bin'
[9.173s] Level 1:colcon.colcon_core.environment:checking '/home/turtlebot/tb3_ws/install/amr_msgs/lib/pkgconfig/amr_msgs.pc'
[9.174s] Level 1:colcon.colcon_core.environment:checking '/home/turtlebot/tb3_ws/install/amr_msgs/lib/python3.10/site-packages'
[9.175s] Level 1:colcon.colcon_core.environment:checking '/home/turtlebot/tb3_ws/install/amr_msgs/bin'
[9.336s] INFO:colcon.colcon_core.shell:Creating package script '/home/turtlebot/tb3_ws/install/amr_msgs/share/amr_msgs/package.ps1'
[9.348s] INFO:colcon.colcon_core.shell:Creating package descriptor '/home/turtlebot/tb3_ws/install/amr_msgs/share/amr_msgs/package.dsv'
[9.352s] INFO:colcon.colcon_core.shell:Creating package script '/home/turtlebot/tb3_ws/install/amr_msgs/share/amr_msgs/package.sh'
[9.356s] INFO:colcon.colcon_core.shell:Creating package script '/home/turtlebot/tb3_ws/install/amr_msgs/share/amr_msgs/package.bash'
[9.361s] INFO:colcon.colcon_core.shell:Creating package script '/home/turtlebot/tb3_ws/install/amr_msgs/share/amr_msgs/package.zsh'
[9.366s] Level 1:colcon.colcon_core.environment:create_file_with_runtime_dependencies(/home/turtlebot/tb3_ws/install/amr_msgs/share/colcon-core/packages/amr_msgs)
[9.937s] Level 1:colcon.colcon_core.environment:create_environment_scripts_only(amr_msgs)
[10.029s] Level 1:colcon.colcon_core.environment:checking '/home/turtlebot/tb3_ws/install/amr_msgs' for CMake module files
[10.032s] Level 1:colcon.colcon_core.environment:checking '/home/turtlebot/tb3_ws/install/amr_msgs' for CMake config files
[10.037s] Level 1:colcon.colcon_core.shell:create_environment_hook('amr_msgs', 'cmake_prefix_path')
[10.103s] INFO:colcon.colcon_core.shell:Creating environment hook '/home/turtlebot/tb3_ws/install/amr_msgs/share/amr_msgs/hook/cmake_prefix_path.ps1'
[10.106s] INFO:colcon.colcon_core.shell:Creating environment descriptor '/home/turtlebot/tb3_ws/install/amr_msgs/share/amr_msgs/hook/cmake_prefix_path.dsv'
[10.107s] INFO:colcon.colcon_core.shell:Creating environment hook '/home/turtlebot/tb3_ws/install/amr_msgs/share/amr_msgs/hook/cmake_prefix_path.sh'
[10.110s] Level 1:colcon.colcon_core.environment:checking '/home/turtlebot/tb3_ws/install/amr_msgs/lib'
[10.111s] Level 1:colcon.colcon_core.shell:create_environment_hook('amr_msgs', 'ld_library_path_lib')
[10.211s] INFO:colcon.colcon_core.shell:Creating environment hook '/home/turtlebot/tb3_ws/install/amr_msgs/share/amr_msgs/hook/ld_library_path_lib.ps1'
[10.213s] INFO:colcon.colcon_core.shell:Creating environment descriptor '/home/turtlebot/tb3_ws/install/amr_msgs/share/amr_msgs/hook/ld_library_path_lib.dsv'
[10.215s] INFO:colcon.colcon_core.shell:Creating environment hook '/home/turtlebot/tb3_ws/install/amr_msgs/share/amr_msgs/hook/ld_library_path_lib.sh'
[10.217s] Level 1:colcon.colcon_core.environment:checking '/home/turtlebot/tb3_ws/install/amr_msgs/bin'
[10.217s] Level 1:colcon.colcon_core.environment:checking '/home/turtlebot/tb3_ws/install/amr_msgs/lib/pkgconfig/amr_msgs.pc'
[10.218s] Level 1:colcon.colcon_core.environment:checking '/home/turtlebot/tb3_ws/install/amr_msgs/lib/python3.10/site-packages'
[10.219s] Level 1:colcon.colcon_core.environment:checking '/home/turtlebot/tb3_ws/install/amr_msgs/bin'
[10.315s] INFO:colcon.colcon_core.shell:Creating package script '/home/turtlebot/tb3_ws/install/amr_msgs/share/amr_msgs/package.ps1'
[10.319s] INFO:colcon.colcon_core.shell:Creating package descriptor '/home/turtlebot/tb3_ws/install/amr_msgs/share/amr_msgs/package.dsv'
[10.321s] INFO:colcon.colcon_core.shell:Creating package script '/home/turtlebot/tb3_ws/install/amr_msgs/share/amr_msgs/package.sh'
[10.325s] INFO:colcon.colcon_core.shell:Creating package script '/home/turtlebot/tb3_ws/install/amr_msgs/share/amr_msgs/package.bash'
[10.327s] INFO:colcon.colcon_core.shell:Creating package script '/home/turtlebot/tb3_ws/install/amr_msgs/share/amr_msgs/package.zsh'
[10.329s] Level 1:colcon.colcon_core.environment:create_file_with_runtime_dependencies(/home/turtlebot/tb3_ws/install/amr_msgs/share/colcon-core/packages/amr_msgs)
[10.331s] DEBUG:colcon.colcon_parallel_executor.executor.parallel:closing loop
[10.332s] DEBUG:colcon.colcon_parallel_executor.executor.parallel:loop closed
[10.333s] DEBUG:colcon.colcon_parallel_executor.executor.parallel:run_until_complete finished with '0'
[10.333s] DEBUG:colcon.colcon_core.event_reactor:joining thread
[10.453s] INFO:colcon.colcon_core.plugin_system:Skipping extension 'colcon_notification.desktop_notification.terminal_notifier': Not used on non-Darwin systems
[10.454s] INFO:colcon.colcon_core.plugin_system:Skipping extension 'colcon_notification.desktop_notification.win32': Not used on non-Windows systems
[10.454s] INFO:colcon.colcon_notification.desktop_notification:Sending desktop notification using 'notify2'
[10.460s] DEBUG:colcon.colcon_notification.desktop_notification.notify2:Failed to initialize notify2: org.freedesktop.DBus.Error.ServiceUnknown: The name org.freedesktop.Notifications was not provided by any .service files
[10.461s] DEBUG:colcon.colcon_core.event_reactor:joined thread
[10.610s] INFO:colcon.colcon_core.shell:Creating prefix script '/home/turtlebot/tb3_ws/install/local_setup.ps1'
[10.615s] INFO:colcon.colcon_core.shell:Creating prefix util module '/home/turtlebot/tb3_ws/install/_local_setup_util_ps1.py'
[10.622s] INFO:colcon.colcon_core.shell:Creating prefix chain script '/home/turtlebot/tb3_ws/install/setup.ps1'
[10.756s] INFO:colcon.colcon_core.shell:Creating prefix script '/home/turtlebot/tb3_ws/install/local_setup.sh'
[10.760s] INFO:colcon.colcon_core.shell:Creating prefix util module '/home/turtlebot/tb3_ws/install/_local_setup_util_sh.py'
[10.763s] INFO:colcon.colcon_core.shell:Creating prefix chain script '/home/turtlebot/tb3_ws/install/setup.sh'
[10.865s] INFO:colcon.colcon_core.shell:Creating prefix script '/home/turtlebot/tb3_ws/install/local_setup.bash'
[10.868s] INFO:colcon.colcon_core.shell:Creating prefix chain script '/home/turtlebot/tb3_ws/install/setup.bash'
[10.939s] INFO:colcon.colcon_core.shell:Creating prefix script '/home/turtlebot/tb3_ws/install/local_setup.zsh'
[10.941s] INFO:colcon.colcon_core.shell:Creating prefix chain script '/home/turtlebot/tb3_ws/install/setup.zsh'
