[0.309s] Invoking command in '/home/turtlebot/tb3_ws/build/amr_msgs': CMAKE_PREFIX_PATH=${CMAKE_PREFIX_PATH}:/home/turtlebot/turtlebot3_ws/install/turtlebot3_teleop:/home/turtlebot/turtlebot3_ws/install/turtlebot3_example:/opt/ros/humble /usr/bin/cmake --build /home/turtlebot/tb3_ws/build/amr_msgs -- -j4 -l4
[0.533s] [  3%] Built target amr_msgs__cpp
[0.538s] [ 12%] Built target amr_msgs__rosidl_generator_c
[0.568s] [ 12%] Built target ament_cmake_python_symlink_amr_msgs
[0.638s] [ 22%] Built target amr_msgs__rosidl_typesupport_cpp
[0.651s] [ 32%] Built target amr_msgs__rosidl_typesupport_fastrtps_cpp
[0.661s] [ 41%] Built target amr_msgs__rosidl_typesupport_introspection_cpp
[0.684s] [ 51%] Built target amr_msgs__rosidl_typesupport_fastrtps_c
[0.751s] [ 61%] Built target amr_msgs__rosidl_typesupport_introspection_c
[0.756s] [ 70%] Built target amr_msgs__rosidl_typesupport_c
[0.841s] [ 70%] Built target amr_msgs
[0.927s] [ 74%] Built target amr_msgs__py
[1.026s] [ 80%] Built target amr_msgs__rosidl_generator_py
[1.167s] [ 87%] Built target amr_msgs__rosidl_typesupport_fastrtps_c__pyext
[1.173s] [ 93%] Built target amr_msgs__rosidl_typesupport_introspection_c__pyext
[1.201s] [100%] Built target amr_msgs__rosidl_typesupport_c__pyext
[1.976s] running egg_info
[1.978s] writing amr_msgs.egg-info/PKG-INFO
[1.979s] writing dependency_links to amr_msgs.egg-info/dependency_links.txt
[1.980s] writing top-level names to amr_msgs.egg-info/top_level.txt
[1.991s] reading manifest file 'amr_msgs.egg-info/SOURCES.txt'
[1.994s] writing manifest file 'amr_msgs.egg-info/SOURCES.txt'
[2.118s] [100%] Built target ament_cmake_python_build_amr_msgs_egg
[2.160s] Invoked command in '/home/turtlebot/tb3_ws/build/amr_msgs' returned '0': CMAKE_PREFIX_PATH=${CMAKE_PREFIX_PATH}:/home/turtlebot/turtlebot3_ws/install/turtlebot3_teleop:/home/turtlebot/turtlebot3_ws/install/turtlebot3_example:/opt/ros/humble /usr/bin/cmake --build /home/turtlebot/tb3_ws/build/amr_msgs -- -j4 -l4
[2.554s] Invoking command in '/home/turtlebot/tb3_ws/build/amr_msgs': CMAKE_PREFIX_PATH=${CMAKE_PREFIX_PATH}:/home/turtlebot/turtlebot3_ws/install/turtlebot3_teleop:/home/turtlebot/turtlebot3_ws/install/turtlebot3_example:/opt/ros/humble /usr/bin/cmake --install /home/turtlebot/tb3_ws/build/amr_msgs
[2.584s] -- Install configuration: ""
[2.587s] -- Execute custom install script
[2.590s] -- Up-to-date symlink: /home/turtlebot/tb3_ws/install/amr_msgs/share/ament_index/resource_index/rosidl_interfaces/amr_msgs
[2.592s] -- Up-to-date symlink: /home/turtlebot/tb3_ws/install/amr_msgs/include/amr_msgs/amr_msgs/msg/detail/key__functions.h
[2.593s] -- Up-to-date symlink: /home/turtlebot/tb3_ws/install/amr_msgs/include/amr_msgs/amr_msgs/msg/detail/key__struct.h
[2.595s] -- Up-to-date symlink: /home/turtlebot/tb3_ws/install/amr_msgs/include/amr_msgs/amr_msgs/msg/detail/key__type_support.h
[2.596s] -- Up-to-date symlink: /home/turtlebot/tb3_ws/install/amr_msgs/include/amr_msgs/amr_msgs/msg/key.h
[2.597s] -- Up-to-date symlink: /home/turtlebot/tb3_ws/install/amr_msgs/include/amr_msgs/amr_msgs/msg/rosidl_generator_c__visibility_control.h
[2.598s] -- Up-to-date symlink: /home/turtlebot/tb3_ws/install/amr_msgs/share/amr_msgs/environment/library_path.sh
[2.599s] -- Up-to-date symlink: /home/turtlebot/tb3_ws/install/amr_msgs/share/amr_msgs/environment/library_path.dsv
[2.602s] -- Up-to-date symlink: /home/turtlebot/tb3_ws/install/amr_msgs/include/amr_msgs/amr_msgs/msg/detail/key__rosidl_typesupport_fastrtps_c.h
[2.604s] -- Up-to-date symlink: /home/turtlebot/tb3_ws/install/amr_msgs/include/amr_msgs/amr_msgs/msg/rosidl_typesupport_fastrtps_c__visibility_control.h
[2.606s] -- Up-to-date symlink: /home/turtlebot/tb3_ws/install/amr_msgs/include/amr_msgs/amr_msgs/msg/detail/key__rosidl_typesupport_introspection_c.h
[2.607s] -- Up-to-date symlink: /home/turtlebot/tb3_ws/install/amr_msgs/include/amr_msgs/amr_msgs/msg/rosidl_typesupport_introspection_c__visibility_control.h
[2.609s] -- Up-to-date symlink: /home/turtlebot/tb3_ws/install/amr_msgs/include/amr_msgs/amr_msgs/msg/detail/key__builder.hpp
[2.610s] -- Up-to-date symlink: /home/turtlebot/tb3_ws/install/amr_msgs/include/amr_msgs/amr_msgs/msg/detail/key__struct.hpp
[2.611s] -- Up-to-date symlink: /home/turtlebot/tb3_ws/install/amr_msgs/include/amr_msgs/amr_msgs/msg/detail/key__traits.hpp
[2.612s] -- Up-to-date symlink: /home/turtlebot/tb3_ws/install/amr_msgs/include/amr_msgs/amr_msgs/msg/key.hpp
[2.615s] -- Up-to-date symlink: /home/turtlebot/tb3_ws/install/amr_msgs/include/amr_msgs/amr_msgs/msg/detail/key__rosidl_typesupport_fastrtps_cpp.hpp
[2.617s] -- Up-to-date symlink: /home/turtlebot/tb3_ws/install/amr_msgs/include/amr_msgs/amr_msgs/msg/rosidl_typesupport_fastrtps_cpp__visibility_control.h
[2.619s] -- Up-to-date symlink: /home/turtlebot/tb3_ws/install/amr_msgs/include/amr_msgs/amr_msgs/msg/detail/key__rosidl_typesupport_introspection_cpp.hpp
[2.622s] -- Up-to-date symlink: /home/turtlebot/tb3_ws/install/amr_msgs/share/amr_msgs/environment/pythonpath.sh
[2.622s] -- Up-to-date symlink: /home/turtlebot/tb3_ws/install/amr_msgs/share/amr_msgs/environment/pythonpath.dsv
[2.624s] -- Up-to-date symlink: /home/turtlebot/tb3_ws/install/amr_msgs/local/lib/python3.10/dist-packages/amr_msgs-0.0.0-py3.10.egg-info/PKG-INFO
[2.624s] -- Up-to-date symlink: /home/turtlebot/tb3_ws/install/amr_msgs/local/lib/python3.10/dist-packages/amr_msgs-0.0.0-py3.10.egg-info/SOURCES.txt
[2.625s] -- Up-to-date symlink: /home/turtlebot/tb3_ws/install/amr_msgs/local/lib/python3.10/dist-packages/amr_msgs-0.0.0-py3.10.egg-info/dependency_links.txt
[2.626s] -- Up-to-date symlink: /home/turtlebot/tb3_ws/install/amr_msgs/local/lib/python3.10/dist-packages/amr_msgs-0.0.0-py3.10.egg-info/top_level.txt
[2.631s] -- Up-to-date symlink: /home/turtlebot/tb3_ws/install/amr_msgs/local/lib/python3.10/dist-packages/amr_msgs/__init__.py
[2.632s] -- Up-to-date symlink: /home/turtlebot/tb3_ws/install/amr_msgs/local/lib/python3.10/dist-packages/amr_msgs/_amr_msgs_s.ep.rosidl_typesupport_c.c
[2.633s] -- Up-to-date symlink: /home/turtlebot/tb3_ws/install/amr_msgs/local/lib/python3.10/dist-packages/amr_msgs/_amr_msgs_s.ep.rosidl_typesupport_fastrtps_c.c
[2.634s] -- Up-to-date symlink: /home/turtlebot/tb3_ws/install/amr_msgs/local/lib/python3.10/dist-packages/amr_msgs/_amr_msgs_s.ep.rosidl_typesupport_introspection_c.c
[2.635s] -- Up-to-date symlink: /home/turtlebot/tb3_ws/install/amr_msgs/local/lib/python3.10/dist-packages/amr_msgs/amr_msgs_s__rosidl_typesupport_c.cpython-310-aarch64-linux-gnu.so
[2.636s] -- Up-to-date symlink: /home/turtlebot/tb3_ws/install/amr_msgs/local/lib/python3.10/dist-packages/amr_msgs/amr_msgs_s__rosidl_typesupport_fastrtps_c.cpython-310-aarch64-linux-gnu.so
[2.637s] -- Up-to-date symlink: /home/turtlebot/tb3_ws/install/amr_msgs/local/lib/python3.10/dist-packages/amr_msgs/amr_msgs_s__rosidl_typesupport_introspection_c.cpython-310-aarch64-linux-gnu.so
[2.638s] -- Up-to-date symlink: /home/turtlebot/tb3_ws/install/amr_msgs/local/lib/python3.10/dist-packages/amr_msgs/libamr_msgs__rosidl_generator_py.so
[2.638s] -- Up-to-date symlink: /home/turtlebot/tb3_ws/install/amr_msgs/local/lib/python3.10/dist-packages/amr_msgs/msg/__init__.py
[2.639s] -- Up-to-date symlink: /home/turtlebot/tb3_ws/install/amr_msgs/local/lib/python3.10/dist-packages/amr_msgs/msg/_key.py
[2.640s] -- Up-to-date symlink: /home/turtlebot/tb3_ws/install/amr_msgs/local/lib/python3.10/dist-packages/amr_msgs/msg/_key_s.c
[2.642s] -- Up-to-date symlink: /home/turtlebot/tb3_ws/install/amr_msgs/local/lib/python3.10/dist-packages/amr_msgs/amr_msgs_s__rosidl_typesupport_fastrtps_c.cpython-310-aarch64-linux-gnu.so
[2.644s] -- Up-to-date symlink: /home/turtlebot/tb3_ws/install/amr_msgs/local/lib/python3.10/dist-packages/amr_msgs/amr_msgs_s__rosidl_typesupport_introspection_c.cpython-310-aarch64-linux-gnu.so
[2.646s] -- Up-to-date symlink: /home/turtlebot/tb3_ws/install/amr_msgs/local/lib/python3.10/dist-packages/amr_msgs/amr_msgs_s__rosidl_typesupport_c.cpython-310-aarch64-linux-gnu.so
[2.647s] -- Up-to-date symlink: /home/turtlebot/tb3_ws/install/amr_msgs/share/amr_msgs/msg/Key.idl
[2.648s] -- Up-to-date symlink: /home/turtlebot/tb3_ws/install/amr_msgs/share/amr_msgs/msg/Key.msg
[2.649s] -- Up-to-date symlink: /home/turtlebot/tb3_ws/install/amr_msgs/share/ament_index/resource_index/package_run_dependencies/amr_msgs
[2.650s] -- Up-to-date symlink: /home/turtlebot/tb3_ws/install/amr_msgs/share/ament_index/resource_index/parent_prefix_path/amr_msgs
[2.651s] -- Up-to-date symlink: /home/turtlebot/tb3_ws/install/amr_msgs/share/amr_msgs/environment/ament_prefix_path.sh
[2.652s] -- Up-to-date symlink: /home/turtlebot/tb3_ws/install/amr_msgs/share/amr_msgs/environment/ament_prefix_path.dsv
[2.654s] -- Up-to-date symlink: /home/turtlebot/tb3_ws/install/amr_msgs/share/amr_msgs/environment/path.sh
[2.655s] -- Up-to-date symlink: /home/turtlebot/tb3_ws/install/amr_msgs/share/amr_msgs/environment/path.dsv
[2.656s] -- Up-to-date symlink: /home/turtlebot/tb3_ws/install/amr_msgs/share/amr_msgs/local_setup.bash
[2.657s] -- Up-to-date symlink: /home/turtlebot/tb3_ws/install/amr_msgs/share/amr_msgs/local_setup.sh
[2.658s] -- Up-to-date symlink: /home/turtlebot/tb3_ws/install/amr_msgs/share/amr_msgs/local_setup.zsh
[2.659s] -- Up-to-date symlink: /home/turtlebot/tb3_ws/install/amr_msgs/share/amr_msgs/local_setup.dsv
[2.660s] -- Symlinking: /home/turtlebot/tb3_ws/install/amr_msgs/share/amr_msgs/package.dsv
[2.693s] -- Up-to-date symlink: /home/turtlebot/tb3_ws/install/amr_msgs/share/ament_index/resource_index/packages/amr_msgs
[2.695s] -- Up-to-date symlink: /home/turtlebot/tb3_ws/install/amr_msgs/share/amr_msgs/cmake/rosidl_cmake-extras.cmake
[2.696s] -- Up-to-date symlink: /home/turtlebot/tb3_ws/install/amr_msgs/share/amr_msgs/cmake/ament_cmake_export_include_directories-extras.cmake
[2.698s] -- Up-to-date symlink: /home/turtlebot/tb3_ws/install/amr_msgs/share/amr_msgs/cmake/ament_cmake_export_libraries-extras.cmake
[2.700s] -- Up-to-date symlink: /home/turtlebot/tb3_ws/install/amr_msgs/share/amr_msgs/cmake/ament_cmake_export_targets-extras.cmake
[2.700s] -- Up-to-date symlink: /home/turtlebot/tb3_ws/install/amr_msgs/share/amr_msgs/cmake/rosidl_cmake_export_typesupport_targets-extras.cmake
[2.701s] -- Up-to-date symlink: /home/turtlebot/tb3_ws/install/amr_msgs/share/amr_msgs/cmake/ament_cmake_export_dependencies-extras.cmake
[2.703s] -- Up-to-date symlink: /home/turtlebot/tb3_ws/install/amr_msgs/share/amr_msgs/cmake/rosidl_cmake_export_typesupport_libraries-extras.cmake
[2.704s] -- Up-to-date symlink: /home/turtlebot/tb3_ws/install/amr_msgs/share/amr_msgs/cmake/amr_msgsConfig.cmake
[2.705s] -- Up-to-date symlink: /home/turtlebot/tb3_ws/install/amr_msgs/share/amr_msgs/cmake/amr_msgsConfig-version.cmake
[2.706s] -- Up-to-date symlink: /home/turtlebot/tb3_ws/install/amr_msgs/share/amr_msgs/package.xml
[2.707s] -- Up-to-date: /home/turtlebot/tb3_ws/install/amr_msgs/lib/libamr_msgs__rosidl_generator_c.so
[2.715s] -- Up-to-date: /home/turtlebot/tb3_ws/install/amr_msgs/lib/libamr_msgs__rosidl_typesupport_fastrtps_c.so
[2.717s] -- Up-to-date: /home/turtlebot/tb3_ws/install/amr_msgs/lib/libamr_msgs__rosidl_typesupport_introspection_c.so
[2.717s] -- Up-to-date: /home/turtlebot/tb3_ws/install/amr_msgs/lib/libamr_msgs__rosidl_typesupport_c.so
[2.718s] -- Up-to-date: /home/turtlebot/tb3_ws/install/amr_msgs/lib/libamr_msgs__rosidl_typesupport_fastrtps_cpp.so
[2.719s] -- Up-to-date: /home/turtlebot/tb3_ws/install/amr_msgs/lib/libamr_msgs__rosidl_typesupport_introspection_cpp.so
[2.722s] -- Up-to-date: /home/turtlebot/tb3_ws/install/amr_msgs/lib/libamr_msgs__rosidl_typesupport_cpp.so
[2.909s] Listing '/home/turtlebot/tb3_ws/install/amr_msgs/local/lib/python3.10/dist-packages/amr_msgs'...
[2.911s] Listing '/home/turtlebot/tb3_ws/install/amr_msgs/local/lib/python3.10/dist-packages/amr_msgs/msg'...
[2.936s] -- Up-to-date: /home/turtlebot/tb3_ws/install/amr_msgs/lib/libamr_msgs__rosidl_generator_py.so
[2.937s] -- Up-to-date: /home/turtlebot/tb3_ws/install/amr_msgs/share/amr_msgs/cmake/export_amr_msgs__rosidl_generator_cExport.cmake
[2.938s] -- Up-to-date: /home/turtlebot/tb3_ws/install/amr_msgs/share/amr_msgs/cmake/export_amr_msgs__rosidl_generator_cExport-noconfig.cmake
[2.939s] -- Up-to-date: /home/turtlebot/tb3_ws/install/amr_msgs/share/amr_msgs/cmake/export_amr_msgs__rosidl_typesupport_fastrtps_cExport.cmake
[2.940s] -- Up-to-date: /home/turtlebot/tb3_ws/install/amr_msgs/share/amr_msgs/cmake/export_amr_msgs__rosidl_typesupport_fastrtps_cExport-noconfig.cmake
[2.941s] -- Up-to-date: /home/turtlebot/tb3_ws/install/amr_msgs/share/amr_msgs/cmake/amr_msgs__rosidl_typesupport_introspection_cExport.cmake
[2.942s] -- Up-to-date: /home/turtlebot/tb3_ws/install/amr_msgs/share/amr_msgs/cmake/amr_msgs__rosidl_typesupport_introspection_cExport-noconfig.cmake
[2.943s] -- Up-to-date: /home/turtlebot/tb3_ws/install/amr_msgs/share/amr_msgs/cmake/amr_msgs__rosidl_typesupport_cExport.cmake
[2.944s] -- Up-to-date: /home/turtlebot/tb3_ws/install/amr_msgs/share/amr_msgs/cmake/amr_msgs__rosidl_typesupport_cExport-noconfig.cmake
[2.945s] -- Up-to-date: /home/turtlebot/tb3_ws/install/amr_msgs/share/amr_msgs/cmake/export_amr_msgs__rosidl_generator_cppExport.cmake
[2.947s] -- Up-to-date: /home/turtlebot/tb3_ws/install/amr_msgs/share/amr_msgs/cmake/export_amr_msgs__rosidl_typesupport_fastrtps_cppExport.cmake
[2.948s] -- Up-to-date: /home/turtlebot/tb3_ws/install/amr_msgs/share/amr_msgs/cmake/export_amr_msgs__rosidl_typesupport_fastrtps_cppExport-noconfig.cmake
[2.950s] -- Up-to-date: /home/turtlebot/tb3_ws/install/amr_msgs/share/amr_msgs/cmake/amr_msgs__rosidl_typesupport_introspection_cppExport.cmake
[2.952s] -- Up-to-date: /home/turtlebot/tb3_ws/install/amr_msgs/share/amr_msgs/cmake/amr_msgs__rosidl_typesupport_introspection_cppExport-noconfig.cmake
[2.954s] -- Up-to-date: /home/turtlebot/tb3_ws/install/amr_msgs/share/amr_msgs/cmake/amr_msgs__rosidl_typesupport_cppExport.cmake
[2.956s] -- Up-to-date: /home/turtlebot/tb3_ws/install/amr_msgs/share/amr_msgs/cmake/amr_msgs__rosidl_typesupport_cppExport-noconfig.cmake
[2.956s] -- Up-to-date: /home/turtlebot/tb3_ws/install/amr_msgs/share/amr_msgs/cmake/export_amr_msgs__rosidl_generator_pyExport.cmake
[2.957s] -- Up-to-date: /home/turtlebot/tb3_ws/install/amr_msgs/share/amr_msgs/cmake/export_amr_msgs__rosidl_generator_pyExport-noconfig.cmake
[2.964s] Invoked command in '/home/turtlebot/tb3_ws/build/amr_msgs' returned '0': CMAKE_PREFIX_PATH=${CMAKE_PREFIX_PATH}:/home/turtlebot/turtlebot3_ws/install/turtlebot3_teleop:/home/turtlebot/turtlebot3_ws/install/turtlebot3_example:/opt/ros/humble /usr/bin/cmake --install /home/turtlebot/tb3_ws/build/amr_msgs
