[4.560s] DEBUG:colcon:Command line arguments: ['/usr/bin/colcon', 'build']
[4.561s] DEBUG:colcon:Parsed command line arguments: Namespace(log_base=None, log_level=None, verb_name='build', build_base='build', install_base='install', merge_install=False, symlink_install=False, test_result_base=None, continue_on_error=False, executor='parallel', parallel_workers=4, event_handlers=None, ignore_user_meta=False, metas=['./colcon.meta'], base_paths=['.'], packages_ignore=None, packages_ignore_regex=None, paths=None, packages_up_to=None, packages_up_to_regex=None, packages_above=None, packages_above_and_dependencies=None, packages_above_depth=None, packages_select_by_dep=None, packages_skip_by_dep=None, packages_skip_up_to=None, packages_select_build_failed=False, packages_skip_build_finished=False, packages_select_test_failures=False, packages_skip_test_passed=False, packages_select=None, packages_skip=None, packages_select_regex=None, packages_skip_regex=None, packages_start=None, packages_end=None, allow_overriding=[], cmake_args=None, cmake_target=None, cmake_target_skip_unavailable=False, cmake_clean_cache=False, cmake_clean_first=False, cmake_force_configure=False, ament_cmake_args=None, catkin_cmake_args=None, catkin_skip_building_tests=False, verb_parser=<colcon_defaults.argument_parser.defaults.DefaultArgumentsDecorator object at 0xffff88dd4640>, verb_extension=<colcon_core.verb.build.BuildVerb object at 0xffff89051a50>, main=<bound method BuildVerb.main of <colcon_core.verb.build.BuildVerb object at 0xffff89051a50>>)
[4.767s] Level 1:colcon.colcon_core.package_discovery:discover_packages(colcon_meta) check parameters
[4.767s] Level 1:colcon.colcon_core.package_discovery:discover_packages(recursive) check parameters
[4.768s] Level 1:colcon.colcon_core.package_discovery:discover_packages(ignore) check parameters
[4.768s] Level 1:colcon.colcon_core.package_discovery:discover_packages(path) check parameters
[4.768s] Level 1:colcon.colcon_core.package_discovery:discover_packages(colcon_meta) discover
[4.768s] Level 1:colcon.colcon_core.package_discovery:discover_packages(recursive) discover
[4.768s] INFO:colcon.colcon_core.package_discovery:Crawling recursively for packages in '/home/turtlebot/tb3_ws'
[4.769s] Level 1:colcon.colcon_core.package_identification:_identify(.) by extensions ['ignore', 'ignore_ament_install']
[4.769s] Level 1:colcon.colcon_core.package_identification:_identify(.) by extension 'ignore'
[4.769s] Level 1:colcon.colcon_core.package_identification:_identify(.) by extension 'ignore_ament_install'
[4.770s] Level 1:colcon.colcon_core.package_identification:_identify(.) by extensions ['colcon_pkg']
[4.770s] Level 1:colcon.colcon_core.package_identification:_identify(.) by extension 'colcon_pkg'
[4.770s] Level 1:colcon.colcon_core.package_identification:_identify(.) by extensions ['colcon_meta']
[4.770s] Level 1:colcon.colcon_core.package_identification:_identify(.) by extension 'colcon_meta'
[4.770s] Level 1:colcon.colcon_core.package_identification:_identify(.) by extensions ['ros']
[4.770s] Level 1:colcon.colcon_core.package_identification:_identify(.) by extension 'ros'
[4.817s] Level 1:colcon.colcon_core.package_identification:_identify(.) by extensions ['cmake', 'python']
[4.817s] Level 1:colcon.colcon_core.package_identification:_identify(.) by extension 'cmake'
[4.818s] Level 1:colcon.colcon_core.package_identification:_identify(.) by extension 'python'
[4.818s] Level 1:colcon.colcon_core.package_identification:_identify(.) by extensions ['python_setup_py']
[4.818s] Level 1:colcon.colcon_core.package_identification:_identify(.) by extension 'python_setup_py'
[4.819s] Level 1:colcon.colcon_core.package_identification:_identify(build) by extensions ['ignore', 'ignore_ament_install']
[4.819s] Level 1:colcon.colcon_core.package_identification:_identify(build) by extension 'ignore'
[4.819s] Level 1:colcon.colcon_core.package_identification:_identify(build) ignored
[4.820s] Level 1:colcon.colcon_core.package_identification:_identify(install) by extensions ['ignore', 'ignore_ament_install']
[4.820s] Level 1:colcon.colcon_core.package_identification:_identify(install) by extension 'ignore'
[4.821s] Level 1:colcon.colcon_core.package_identification:_identify(install) ignored
[4.822s] Level 1:colcon.colcon_core.package_identification:_identify(log) by extensions ['ignore', 'ignore_ament_install']
[4.822s] Level 1:colcon.colcon_core.package_identification:_identify(log) by extension 'ignore'
[4.822s] Level 1:colcon.colcon_core.package_identification:_identify(log) ignored
[4.823s] Level 1:colcon.colcon_core.package_identification:_identify(src) by extensions ['ignore', 'ignore_ament_install']
[4.823s] Level 1:colcon.colcon_core.package_identification:_identify(src) by extension 'ignore'
[4.823s] Level 1:colcon.colcon_core.package_identification:_identify(src) by extension 'ignore_ament_install'
[4.823s] Level 1:colcon.colcon_core.package_identification:_identify(src) by extensions ['colcon_pkg']
[4.824s] Level 1:colcon.colcon_core.package_identification:_identify(src) by extension 'colcon_pkg'
[4.824s] Level 1:colcon.colcon_core.package_identification:_identify(src) by extensions ['colcon_meta']
[4.824s] Level 1:colcon.colcon_core.package_identification:_identify(src) by extension 'colcon_meta'
[4.824s] Level 1:colcon.colcon_core.package_identification:_identify(src) by extensions ['ros']
[4.824s] Level 1:colcon.colcon_core.package_identification:_identify(src) by extension 'ros'
[4.825s] Level 1:colcon.colcon_core.package_identification:_identify(src) by extensions ['cmake', 'python']
[4.825s] Level 1:colcon.colcon_core.package_identification:_identify(src) by extension 'cmake'
[4.825s] Level 1:colcon.colcon_core.package_identification:_identify(src) by extension 'python'
[4.825s] Level 1:colcon.colcon_core.package_identification:_identify(src) by extensions ['python_setup_py']
[4.825s] Level 1:colcon.colcon_core.package_identification:_identify(src) by extension 'python_setup_py'
[4.826s] Level 1:colcon.colcon_core.package_identification:_identify(src/amr_msgs) by extensions ['ignore', 'ignore_ament_install']
[4.826s] Level 1:colcon.colcon_core.package_identification:_identify(src/amr_msgs) by extension 'ignore'
[4.826s] Level 1:colcon.colcon_core.package_identification:_identify(src/amr_msgs) by extension 'ignore_ament_install'
[4.826s] Level 1:colcon.colcon_core.package_identification:_identify(src/amr_msgs) by extensions ['colcon_pkg']
[4.827s] Level 1:colcon.colcon_core.package_identification:_identify(src/amr_msgs) by extension 'colcon_pkg'
[4.827s] Level 1:colcon.colcon_core.package_identification:_identify(src/amr_msgs) by extensions ['colcon_meta']
[4.827s] Level 1:colcon.colcon_core.package_identification:_identify(src/amr_msgs) by extension 'colcon_meta'
[4.827s] Level 1:colcon.colcon_core.package_identification:_identify(src/amr_msgs) by extensions ['ros']
[4.827s] Level 1:colcon.colcon_core.package_identification:_identify(src/amr_msgs) by extension 'ros'
[4.836s] DEBUG:colcon.colcon_core.package_identification:Package 'src/amr_msgs' with type 'ros.ament_cmake' and name 'amr_msgs'
[4.837s] Level 1:colcon.colcon_core.package_identification:_identify(src/amr_teleoperation) by extensions ['ignore', 'ignore_ament_install']
[4.837s] Level 1:colcon.colcon_core.package_identification:_identify(src/amr_teleoperation) by extension 'ignore'
[4.837s] Level 1:colcon.colcon_core.package_identification:_identify(src/amr_teleoperation) by extension 'ignore_ament_install'
[4.838s] Level 1:colcon.colcon_core.package_identification:_identify(src/amr_teleoperation) by extensions ['colcon_pkg']
[4.838s] Level 1:colcon.colcon_core.package_identification:_identify(src/amr_teleoperation) by extension 'colcon_pkg'
[4.838s] Level 1:colcon.colcon_core.package_identification:_identify(src/amr_teleoperation) by extensions ['colcon_meta']
[4.838s] Level 1:colcon.colcon_core.package_identification:_identify(src/amr_teleoperation) by extension 'colcon_meta'
[4.838s] Level 1:colcon.colcon_core.package_identification:_identify(src/amr_teleoperation) by extensions ['ros']
[4.838s] Level 1:colcon.colcon_core.package_identification:_identify(src/amr_teleoperation) by extension 'ros'
[4.841s] DEBUG:colcon.colcon_core.package_identification:Package 'src/amr_teleoperation' with type 'ros.ament_python' and name 'amr_teleoperation'
[4.841s] Level 1:colcon.colcon_core.package_discovery:discover_packages(recursive) using defaults
[4.841s] Level 1:colcon.colcon_core.package_discovery:discover_packages(ignore) discover
[4.841s] Level 1:colcon.colcon_core.package_discovery:discover_packages(ignore) using defaults
[4.841s] Level 1:colcon.colcon_core.package_discovery:discover_packages(path) discover
[4.841s] Level 1:colcon.colcon_core.package_discovery:discover_packages(path) using defaults
[5.242s] Level 1:colcon.colcon_core.package_discovery:discover_packages(prefix_path) check parameters
[5.242s] Level 1:colcon.colcon_core.package_discovery:discover_packages(prefix_path) discover
[5.388s] DEBUG:colcon.colcon_installed_package_information.package_discovery:Found 2 installed packages in /home/turtlebot/tb3_ws/install
[5.453s] DEBUG:colcon.colcon_installed_package_information.package_discovery:Found 9 installed packages in /home/turtlebot/turtlebot3_ws/install
[5.527s] DEBUG:colcon.colcon_installed_package_information.package_discovery:Found 336 installed packages in /opt/ros/humble
[5.536s] Level 1:colcon.colcon_core.package_discovery:discover_packages(prefix_path) using defaults
[5.986s] Level 5:colcon.colcon_core.verb:set package 'amr_msgs' build argument 'cmake_args' from command line to 'None'
[5.986s] Level 5:colcon.colcon_core.verb:set package 'amr_msgs' build argument 'cmake_target' from command line to 'None'
[5.986s] Level 5:colcon.colcon_core.verb:set package 'amr_msgs' build argument 'cmake_target_skip_unavailable' from command line to 'False'
[5.986s] Level 5:colcon.colcon_core.verb:set package 'amr_msgs' build argument 'cmake_clean_cache' from command line to 'False'
[5.986s] Level 5:colcon.colcon_core.verb:set package 'amr_msgs' build argument 'cmake_clean_first' from command line to 'False'
[5.986s] Level 5:colcon.colcon_core.verb:set package 'amr_msgs' build argument 'cmake_force_configure' from command line to 'False'
[5.987s] Level 5:colcon.colcon_core.verb:set package 'amr_msgs' build argument 'ament_cmake_args' from command line to 'None'
[5.987s] Level 5:colcon.colcon_core.verb:set package 'amr_msgs' build argument 'catkin_cmake_args' from command line to 'None'
[5.987s] Level 5:colcon.colcon_core.verb:set package 'amr_msgs' build argument 'catkin_skip_building_tests' from command line to 'False'
[5.987s] DEBUG:colcon.colcon_core.verb:Building package 'amr_msgs' with the following arguments: {'ament_cmake_args': None, 'build_base': '/home/turtlebot/tb3_ws/build/amr_msgs', 'catkin_cmake_args': None, 'catkin_skip_building_tests': False, 'cmake_args': None, 'cmake_clean_cache': False, 'cmake_clean_first': False, 'cmake_force_configure': False, 'cmake_target': None, 'cmake_target_skip_unavailable': False, 'install_base': '/home/turtlebot/tb3_ws/install/amr_msgs', 'merge_install': False, 'path': '/home/turtlebot/tb3_ws/src/amr_msgs', 'symlink_install': False, 'test_result_base': None}
[6.051s] Level 5:colcon.colcon_core.verb:set package 'amr_teleoperation' build argument 'cmake_args' from command line to 'None'
[6.051s] Level 5:colcon.colcon_core.verb:set package 'amr_teleoperation' build argument 'cmake_target' from command line to 'None'
[6.051s] Level 5:colcon.colcon_core.verb:set package 'amr_teleoperation' build argument 'cmake_target_skip_unavailable' from command line to 'False'
[6.052s] Level 5:colcon.colcon_core.verb:set package 'amr_teleoperation' build argument 'cmake_clean_cache' from command line to 'False'
[6.052s] Level 5:colcon.colcon_core.verb:set package 'amr_teleoperation' build argument 'cmake_clean_first' from command line to 'False'
[6.052s] Level 5:colcon.colcon_core.verb:set package 'amr_teleoperation' build argument 'cmake_force_configure' from command line to 'False'
[6.052s] Level 5:colcon.colcon_core.verb:set package 'amr_teleoperation' build argument 'ament_cmake_args' from command line to 'None'
[6.052s] Level 5:colcon.colcon_core.verb:set package 'amr_teleoperation' build argument 'catkin_cmake_args' from command line to 'None'
[6.052s] Level 5:colcon.colcon_core.verb:set package 'amr_teleoperation' build argument 'catkin_skip_building_tests' from command line to 'False'
[6.052s] DEBUG:colcon.colcon_core.verb:Building package 'amr_teleoperation' with the following arguments: {'ament_cmake_args': None, 'build_base': '/home/turtlebot/tb3_ws/build/amr_teleoperation', 'catkin_cmake_args': None, 'catkin_skip_building_tests': False, 'cmake_args': None, 'cmake_clean_cache': False, 'cmake_clean_first': False, 'cmake_force_configure': False, 'cmake_target': None, 'cmake_target_skip_unavailable': False, 'install_base': '/home/turtlebot/tb3_ws/install/amr_teleoperation', 'merge_install': False, 'path': '/home/turtlebot/tb3_ws/src/amr_teleoperation', 'symlink_install': False, 'test_result_base': None}
[6.116s] INFO:colcon.colcon_core.executor:Executing jobs using 'parallel' executor
[6.184s] DEBUG:colcon.colcon_parallel_executor.executor.parallel:run_until_complete
[6.185s] INFO:colcon.colcon_ros.task.ament_cmake.build:Building ROS package in '/home/turtlebot/tb3_ws/src/amr_msgs' with build type 'ament_cmake'
[6.185s] INFO:colcon.colcon_cmake.task.cmake.build:Building CMake package in '/home/turtlebot/tb3_ws/src/amr_msgs'
[6.262s] INFO:colcon.colcon_core.plugin_system:Skipping extension 'colcon_core.shell.bat': Not used on non-Windows systems
[6.263s] INFO:colcon.colcon_core.shell:Skip shell extension 'powershell' for command environment: Not usable outside of PowerShell
[6.264s] DEBUG:colcon.colcon_core.shell:Skip shell extension 'dsv' for command environment
[6.553s] INFO:colcon.colcon_ros.task.ament_python.build:Building ROS package in '/home/turtlebot/tb3_ws/src/amr_teleoperation' with build type 'ament_python'
[6.555s] Level 1:colcon.colcon_core.shell:create_environment_hook('amr_teleoperation', 'ament_prefix_path')
[6.626s] INFO:colcon.colcon_core.shell:Creating environment hook '/home/turtlebot/tb3_ws/install/amr_teleoperation/share/amr_teleoperation/hook/ament_prefix_path.ps1'
[6.629s] INFO:colcon.colcon_core.shell:Creating environment descriptor '/home/turtlebot/tb3_ws/install/amr_teleoperation/share/amr_teleoperation/hook/ament_prefix_path.dsv'
[6.632s] INFO:colcon.colcon_core.shell:Creating environment hook '/home/turtlebot/tb3_ws/install/amr_teleoperation/share/amr_teleoperation/hook/ament_prefix_path.sh'
[6.700s] INFO:colcon.colcon_core.shell:Skip shell extension 'powershell' for command environment: Not usable outside of PowerShell
[6.701s] DEBUG:colcon.colcon_core.shell:Skip shell extension 'dsv' for command environment
[7.051s] DEBUG:colcon.colcon_core.event_handler.log_command:Invoking command in '/home/turtlebot/tb3_ws/build/amr_msgs': CMAKE_PREFIX_PATH=${CMAKE_PREFIX_PATH}:/home/turtlebot/tb3_ws/install/amr_teleoperation:/home/turtlebot/turtlebot3_ws/install/turtlebot3_teleop:/home/turtlebot/turtlebot3_ws/install/turtlebot3_example:/opt/ros/humble /usr/bin/cmake --build /home/turtlebot/tb3_ws/build/amr_msgs -- -j4 -l4
[8.836s] INFO:colcon.colcon_core.task.python.build:Building Python package in '/home/turtlebot/tb3_ws/src/amr_teleoperation'
[8.915s] INFO:colcon.colcon_core.shell:Skip shell extension 'powershell' for command environment: Not usable outside of PowerShell
[8.916s] DEBUG:colcon.colcon_core.shell:Skip shell extension 'dsv' for command environment
[9.564s] DEBUG:colcon.colcon_core.event_handler.log_command:Invoked command in '/home/turtlebot/tb3_ws/build/amr_msgs' returned '0': CMAKE_PREFIX_PATH=${CMAKE_PREFIX_PATH}:/home/turtlebot/tb3_ws/install/amr_teleoperation:/home/turtlebot/turtlebot3_ws/install/turtlebot3_teleop:/home/turtlebot/turtlebot3_ws/install/turtlebot3_example:/opt/ros/humble /usr/bin/cmake --build /home/turtlebot/tb3_ws/build/amr_msgs -- -j4 -l4
[10.026s] DEBUG:colcon.colcon_core.event_handler.log_command:Invoking command in '/home/turtlebot/tb3_ws/build/amr_msgs': CMAKE_PREFIX_PATH=${CMAKE_PREFIX_PATH}:/home/turtlebot/tb3_ws/install/amr_teleoperation:/home/turtlebot/turtlebot3_ws/install/turtlebot3_teleop:/home/turtlebot/turtlebot3_ws/install/turtlebot3_example:/opt/ros/humble /usr/bin/cmake --install /home/turtlebot/tb3_ws/build/amr_msgs
[10.443s] Level 1:colcon.colcon_core.environment:create_environment_scripts_only(amr_msgs)
[10.488s] DEBUG:colcon.colcon_core.event_handler.log_command:Invoked command in '/home/turtlebot/tb3_ws/build/amr_msgs' returned '0': CMAKE_PREFIX_PATH=${CMAKE_PREFIX_PATH}:/home/turtlebot/tb3_ws/install/amr_teleoperation:/home/turtlebot/turtlebot3_ws/install/turtlebot3_teleop:/home/turtlebot/turtlebot3_ws/install/turtlebot3_example:/opt/ros/humble /usr/bin/cmake --install /home/turtlebot/tb3_ws/build/amr_msgs
[10.563s] Level 1:colcon.colcon_core.environment:checking '/home/turtlebot/tb3_ws/install/amr_msgs' for CMake module files
[10.567s] Level 1:colcon.colcon_core.environment:checking '/home/turtlebot/tb3_ws/install/amr_msgs' for CMake config files
[10.573s] Level 1:colcon.colcon_core.shell:create_environment_hook('amr_msgs', 'cmake_prefix_path')
[10.659s] INFO:colcon.colcon_core.shell:Creating environment hook '/home/turtlebot/tb3_ws/install/amr_msgs/share/amr_msgs/hook/cmake_prefix_path.ps1'
[10.662s] INFO:colcon.colcon_core.shell:Creating environment descriptor '/home/turtlebot/tb3_ws/install/amr_msgs/share/amr_msgs/hook/cmake_prefix_path.dsv'
[10.666s] INFO:colcon.colcon_core.shell:Creating environment hook '/home/turtlebot/tb3_ws/install/amr_msgs/share/amr_msgs/hook/cmake_prefix_path.sh'
[10.671s] Level 1:colcon.colcon_core.environment:checking '/home/turtlebot/tb3_ws/install/amr_msgs/lib'
[10.672s] Level 1:colcon.colcon_core.shell:create_environment_hook('amr_msgs', 'ld_library_path_lib')
[10.762s] INFO:colcon.colcon_core.shell:Creating environment hook '/home/turtlebot/tb3_ws/install/amr_msgs/share/amr_msgs/hook/ld_library_path_lib.ps1'
[10.766s] INFO:colcon.colcon_core.shell:Creating environment descriptor '/home/turtlebot/tb3_ws/install/amr_msgs/share/amr_msgs/hook/ld_library_path_lib.dsv'
[10.769s] INFO:colcon.colcon_core.shell:Creating environment hook '/home/turtlebot/tb3_ws/install/amr_msgs/share/amr_msgs/hook/ld_library_path_lib.sh'
[10.772s] Level 1:colcon.colcon_core.environment:checking '/home/turtlebot/tb3_ws/install/amr_msgs/bin'
[10.774s] Level 1:colcon.colcon_core.environment:checking '/home/turtlebot/tb3_ws/install/amr_msgs/lib/pkgconfig/amr_msgs.pc'
[10.775s] Level 1:colcon.colcon_core.environment:checking '/home/turtlebot/tb3_ws/install/amr_msgs/lib/python3.10/site-packages'
[10.777s] Level 1:colcon.colcon_core.environment:checking '/home/turtlebot/tb3_ws/install/amr_msgs/bin'
[10.868s] INFO:colcon.colcon_core.shell:Creating package script '/home/turtlebot/tb3_ws/install/amr_msgs/share/amr_msgs/package.ps1'
[10.873s] INFO:colcon.colcon_core.shell:Creating package descriptor '/home/turtlebot/tb3_ws/install/amr_msgs/share/amr_msgs/package.dsv'
[10.878s] INFO:colcon.colcon_core.shell:Creating package script '/home/turtlebot/tb3_ws/install/amr_msgs/share/amr_msgs/package.sh'
[10.884s] INFO:colcon.colcon_core.shell:Creating package script '/home/turtlebot/tb3_ws/install/amr_msgs/share/amr_msgs/package.bash'
[10.889s] INFO:colcon.colcon_core.shell:Creating package script '/home/turtlebot/tb3_ws/install/amr_msgs/share/amr_msgs/package.zsh'
[10.894s] Level 1:colcon.colcon_core.environment:create_file_with_runtime_dependencies(/home/turtlebot/tb3_ws/install/amr_msgs/share/colcon-core/packages/amr_msgs)
[11.256s] DEBUG:colcon.colcon_core.event_handler.log_command:Invoking command in '/home/turtlebot/tb3_ws/src/amr_teleoperation': PYTHONPATH=/home/turtlebot/tb3_ws/build/amr_teleoperation/prefix_override:/home/turtlebot/tb3_ws/install/amr_teleoperation/lib/python3.10/site-packages:${PYTHONPATH} /usr/bin/python3 setup.py egg_info --egg-base ../../build/amr_teleoperation build --build-base /home/turtlebot/tb3_ws/build/amr_teleoperation/build install --record /home/turtlebot/tb3_ws/build/amr_teleoperation/install.log --single-version-externally-managed
[11.484s] Level 1:colcon.colcon_core.environment:create_environment_scripts_only(amr_msgs)
[11.576s] Level 1:colcon.colcon_core.environment:checking '/home/turtlebot/tb3_ws/install/amr_msgs' for CMake module files
[11.580s] Level 1:colcon.colcon_core.environment:checking '/home/turtlebot/tb3_ws/install/amr_msgs' for CMake config files
[11.586s] Level 1:colcon.colcon_core.shell:create_environment_hook('amr_msgs', 'cmake_prefix_path')
[11.673s] INFO:colcon.colcon_core.shell:Creating environment hook '/home/turtlebot/tb3_ws/install/amr_msgs/share/amr_msgs/hook/cmake_prefix_path.ps1'
[11.677s] INFO:colcon.colcon_core.shell:Creating environment descriptor '/home/turtlebot/tb3_ws/install/amr_msgs/share/amr_msgs/hook/cmake_prefix_path.dsv'
[11.680s] INFO:colcon.colcon_core.shell:Creating environment hook '/home/turtlebot/tb3_ws/install/amr_msgs/share/amr_msgs/hook/cmake_prefix_path.sh'
[11.684s] Level 1:colcon.colcon_core.environment:checking '/home/turtlebot/tb3_ws/install/amr_msgs/lib'
[11.685s] Level 1:colcon.colcon_core.shell:create_environment_hook('amr_msgs', 'ld_library_path_lib')
[11.767s] INFO:colcon.colcon_core.shell:Creating environment hook '/home/turtlebot/tb3_ws/install/amr_msgs/share/amr_msgs/hook/ld_library_path_lib.ps1'
[11.771s] INFO:colcon.colcon_core.shell:Creating environment descriptor '/home/turtlebot/tb3_ws/install/amr_msgs/share/amr_msgs/hook/ld_library_path_lib.dsv'
[11.774s] INFO:colcon.colcon_core.shell:Creating environment hook '/home/turtlebot/tb3_ws/install/amr_msgs/share/amr_msgs/hook/ld_library_path_lib.sh'
[11.777s] Level 1:colcon.colcon_core.environment:checking '/home/turtlebot/tb3_ws/install/amr_msgs/bin'
[11.778s] Level 1:colcon.colcon_core.environment:checking '/home/turtlebot/tb3_ws/install/amr_msgs/lib/pkgconfig/amr_msgs.pc'
[11.779s] Level 1:colcon.colcon_core.environment:checking '/home/turtlebot/tb3_ws/install/amr_msgs/lib/python3.10/site-packages'
[11.781s] Level 1:colcon.colcon_core.environment:checking '/home/turtlebot/tb3_ws/install/amr_msgs/bin'
[11.859s] INFO:colcon.colcon_core.shell:Creating package script '/home/turtlebot/tb3_ws/install/amr_msgs/share/amr_msgs/package.ps1'
[11.863s] INFO:colcon.colcon_core.shell:Creating package descriptor '/home/turtlebot/tb3_ws/install/amr_msgs/share/amr_msgs/package.dsv'
[11.867s] INFO:colcon.colcon_core.shell:Creating package script '/home/turtlebot/tb3_ws/install/amr_msgs/share/amr_msgs/package.sh'
[11.871s] INFO:colcon.colcon_core.shell:Creating package script '/home/turtlebot/tb3_ws/install/amr_msgs/share/amr_msgs/package.bash'
[11.874s] INFO:colcon.colcon_core.shell:Creating package script '/home/turtlebot/tb3_ws/install/amr_msgs/share/amr_msgs/package.zsh'
[11.877s] Level 1:colcon.colcon_core.environment:create_file_with_runtime_dependencies(/home/turtlebot/tb3_ws/install/amr_msgs/share/colcon-core/packages/amr_msgs)
[12.779s] DEBUG:colcon.colcon_core.event_handler.log_command:Invoked command in '/home/turtlebot/tb3_ws/src/amr_teleoperation' returned '0': PYTHONPATH=/home/turtlebot/tb3_ws/build/amr_teleoperation/prefix_override:/home/turtlebot/tb3_ws/install/amr_teleoperation/lib/python3.10/site-packages:${PYTHONPATH} /usr/bin/python3 setup.py egg_info --egg-base ../../build/amr_teleoperation build --build-base /home/turtlebot/tb3_ws/build/amr_teleoperation/build install --record /home/turtlebot/tb3_ws/build/amr_teleoperation/install.log --single-version-externally-managed
[12.845s] Level 1:colcon.colcon_core.environment:checking '/home/turtlebot/tb3_ws/install/amr_teleoperation' for CMake module files
[12.848s] Level 1:colcon.colcon_core.environment:checking '/home/turtlebot/tb3_ws/install/amr_teleoperation' for CMake config files
[12.851s] Level 1:colcon.colcon_core.environment:checking '/home/turtlebot/tb3_ws/install/amr_teleoperation/lib'
[12.852s] Level 1:colcon.colcon_core.environment:checking '/home/turtlebot/tb3_ws/install/amr_teleoperation/bin'
[12.852s] Level 1:colcon.colcon_core.environment:checking '/home/turtlebot/tb3_ws/install/amr_teleoperation/lib/pkgconfig/amr_teleoperation.pc'
[12.853s] Level 1:colcon.colcon_core.environment:checking '/home/turtlebot/tb3_ws/install/amr_teleoperation/lib/python3.10/site-packages'
[12.853s] Level 1:colcon.colcon_core.shell:create_environment_hook('amr_teleoperation', 'pythonpath')
[12.920s] INFO:colcon.colcon_core.shell:Creating environment hook '/home/turtlebot/tb3_ws/install/amr_teleoperation/share/amr_teleoperation/hook/pythonpath.ps1'
[12.923s] INFO:colcon.colcon_core.shell:Creating environment descriptor '/home/turtlebot/tb3_ws/install/amr_teleoperation/share/amr_teleoperation/hook/pythonpath.dsv'
[12.924s] INFO:colcon.colcon_core.shell:Creating environment hook '/home/turtlebot/tb3_ws/install/amr_teleoperation/share/amr_teleoperation/hook/pythonpath.sh'
[12.927s] Level 1:colcon.colcon_core.environment:checking '/home/turtlebot/tb3_ws/install/amr_teleoperation/bin'
[12.928s] Level 1:colcon.colcon_core.environment:create_environment_scripts_only(amr_teleoperation)
[12.994s] INFO:colcon.colcon_core.shell:Creating package script '/home/turtlebot/tb3_ws/install/amr_teleoperation/share/amr_teleoperation/package.ps1'
[12.996s] INFO:colcon.colcon_core.shell:Creating package descriptor '/home/turtlebot/tb3_ws/install/amr_teleoperation/share/amr_teleoperation/package.dsv'
[12.998s] INFO:colcon.colcon_core.shell:Creating package script '/home/turtlebot/tb3_ws/install/amr_teleoperation/share/amr_teleoperation/package.sh'
[13.000s] INFO:colcon.colcon_core.shell:Creating package script '/home/turtlebot/tb3_ws/install/amr_teleoperation/share/amr_teleoperation/package.bash'
[13.002s] INFO:colcon.colcon_core.shell:Creating package script '/home/turtlebot/tb3_ws/install/amr_teleoperation/share/amr_teleoperation/package.zsh'
[13.005s] Level 1:colcon.colcon_core.environment:create_file_with_runtime_dependencies(/home/turtlebot/tb3_ws/install/amr_teleoperation/share/colcon-core/packages/amr_teleoperation)
[13.006s] DEBUG:colcon.colcon_parallel_executor.executor.parallel:closing loop
[13.007s] DEBUG:colcon.colcon_parallel_executor.executor.parallel:loop closed
[13.008s] DEBUG:colcon.colcon_parallel_executor.executor.parallel:run_until_complete finished with '0'
[13.010s] DEBUG:colcon.colcon_core.event_reactor:joining thread
[13.097s] INFO:colcon.colcon_core.plugin_system:Skipping extension 'colcon_notification.desktop_notification.terminal_notifier': Not used on non-Darwin systems
[13.098s] INFO:colcon.colcon_core.plugin_system:Skipping extension 'colcon_notification.desktop_notification.win32': Not used on non-Windows systems
[13.098s] INFO:colcon.colcon_notification.desktop_notification:Sending desktop notification using 'notify2'
[13.160s] DEBUG:colcon.colcon_core.event_reactor:joined thread
[13.235s] INFO:colcon.colcon_core.shell:Creating prefix script '/home/turtlebot/tb3_ws/install/local_setup.ps1'
[13.239s] INFO:colcon.colcon_core.shell:Creating prefix util module '/home/turtlebot/tb3_ws/install/_local_setup_util_ps1.py'
[13.245s] INFO:colcon.colcon_core.shell:Creating prefix chain script '/home/turtlebot/tb3_ws/install/setup.ps1'
[13.318s] INFO:colcon.colcon_core.shell:Creating prefix script '/home/turtlebot/tb3_ws/install/local_setup.sh'
[13.320s] INFO:colcon.colcon_core.shell:Creating prefix util module '/home/turtlebot/tb3_ws/install/_local_setup_util_sh.py'
[13.323s] INFO:colcon.colcon_core.shell:Creating prefix chain script '/home/turtlebot/tb3_ws/install/setup.sh'
[13.404s] INFO:colcon.colcon_core.shell:Creating prefix script '/home/turtlebot/tb3_ws/install/local_setup.bash'
[13.407s] INFO:colcon.colcon_core.shell:Creating prefix chain script '/home/turtlebot/tb3_ws/install/setup.bash'
[13.480s] INFO:colcon.colcon_core.shell:Creating prefix script '/home/turtlebot/tb3_ws/install/local_setup.zsh'
[13.482s] INFO:colcon.colcon_core.shell:Creating prefix chain script '/home/turtlebot/tb3_ws/install/setup.zsh'
