[9.535s] Invoking command in '/home/turtlebot/tb3_ws/build/amr_teleoperation': PYTHONPATH=/home/turtlebot/tb3_ws/build/amr_teleoperation/prefix_override:/home/turtlebot/tb3_ws/install/amr_teleoperation/lib/python3.10/site-packages:${PYTHONPATH} /usr/bin/python3 setup.py develop --editable --build-directory /home/turtlebot/tb3_ws/build/amr_teleoperation/build --no-deps install_data
[13.139s] running develop
[15.761s] running egg_info
[15.761s] creating amr_teleoperation.egg-info
[15.762s] writing amr_teleoperation.egg-info/PKG-INFO
[15.764s] writing dependency_links to amr_teleoperation.egg-info/dependency_links.txt
[15.767s] writing entry points to amr_teleoperation.egg-info/entry_points.txt
[15.769s] writing requirements to amr_teleoperation.egg-info/requires.txt
[15.770s] writing top-level names to amr_teleoperation.egg-info/top_level.txt
[15.773s] writing manifest file 'amr_teleoperation.egg-info/SOURCES.txt'
[15.790s] reading manifest file 'amr_teleoperation.egg-info/SOURCES.txt'
[15.806s] writing manifest file 'amr_teleoperation.egg-info/SOURCES.txt'
[15.825s] running build_ext
[15.829s] Creating /home/turtlebot/tb3_ws/install/amr_teleoperation/lib/python3.10/site-packages/amr-teleoperation.egg-link (link to .)
[15.837s] Installing teleoperation_node.py script to /home/turtlebot/tb3_ws/install/amr_teleoperation/lib/amr_teleoperation
[15.843s] 
[15.845s] Installed /home/turtlebot/tb3_ws/build/amr_teleoperation
[15.849s] running install_data
[15.852s] creating /home/turtlebot/tb3_ws/install/amr_teleoperation/share/ament_index
[15.857s] creating /home/turtlebot/tb3_ws/install/amr_teleoperation/share/ament_index/resource_index
[15.862s] creating /home/turtlebot/tb3_ws/install/amr_teleoperation/share/ament_index/resource_index/packages
[15.863s] copying resource/amr_teleoperation -> /home/turtlebot/tb3_ws/install/amr_teleoperation/share/ament_index/resource_index/packages
[15.864s] copying package.xml -> /home/turtlebot/tb3_ws/install/amr_teleoperation/share/amr_teleoperation
[16.240s] Invoked command in '/home/turtlebot/tb3_ws/build/amr_teleoperation' returned '0': PYTHONPATH=/home/turtlebot/tb3_ws/build/amr_teleoperation/prefix_override:/home/turtlebot/tb3_ws/install/amr_teleoperation/lib/python3.10/site-packages:${PYTHONPATH} /usr/bin/python3 setup.py develop --editable --build-directory /home/turtlebot/tb3_ws/build/amr_teleoperation/build --no-deps install_data
