[4.443s] DEBUG:colcon:Command line arguments: ['/usr/bin/colcon', 'build', '--packages-select', 'amr_teleoperation']
[4.443s] DEBUG:colcon:Parsed command line arguments: Namespace(log_base=None, log_level=None, verb_name='build', build_base='build', install_base='install', merge_install=False, symlink_install=False, test_result_base=None, continue_on_error=False, executor='parallel', parallel_workers=4, event_handlers=None, ignore_user_meta=False, metas=['./colcon.meta'], base_paths=['.'], packages_ignore=None, packages_ignore_regex=None, paths=None, packages_up_to=None, packages_up_to_regex=None, packages_above=None, packages_above_and_dependencies=None, packages_above_depth=None, packages_select_by_dep=None, packages_skip_by_dep=None, packages_skip_up_to=None, packages_select_build_failed=False, packages_skip_build_finished=False, packages_select_test_failures=False, packages_skip_test_passed=False, packages_select=['amr_teleoperation'], packages_skip=None, packages_select_regex=None, packages_skip_regex=None, packages_start=None, packages_end=None, allow_overriding=[], cmake_args=None, cmake_target=None, cmake_target_skip_unavailable=False, cmake_clean_cache=False, cmake_clean_first=False, cmake_force_configure=False, ament_cmake_args=None, catkin_cmake_args=None, catkin_skip_building_tests=False, verb_parser=<colcon_defaults.argument_parser.defaults.DefaultArgumentsDecorator object at 0xffffa08e5c30>, verb_extension=<colcon_core.verb.build.BuildVerb object at 0xffffa0b50190>, main=<bound method BuildVerb.main of <colcon_core.verb.build.BuildVerb object at 0xffffa0b50190>>)
[4.647s] Level 1:colcon.colcon_core.package_discovery:discover_packages(colcon_meta) check parameters
[4.648s] Level 1:colcon.colcon_core.package_discovery:discover_packages(recursive) check parameters
[4.648s] Level 1:colcon.colcon_core.package_discovery:discover_packages(ignore) check parameters
[4.648s] Level 1:colcon.colcon_core.package_discovery:discover_packages(path) check parameters
[4.648s] Level 1:colcon.colcon_core.package_discovery:discover_packages(colcon_meta) discover
[4.648s] Level 1:colcon.colcon_core.package_discovery:discover_packages(recursive) discover
[4.648s] INFO:colcon.colcon_core.package_discovery:Crawling recursively for packages in '/home/turtlebot/tb3_ws'
[4.649s] Level 1:colcon.colcon_core.package_identification:_identify(.) by extensions ['ignore', 'ignore_ament_install']
[4.649s] Level 1:colcon.colcon_core.package_identification:_identify(.) by extension 'ignore'
[4.650s] Level 1:colcon.colcon_core.package_identification:_identify(.) by extension 'ignore_ament_install'
[4.650s] Level 1:colcon.colcon_core.package_identification:_identify(.) by extensions ['colcon_pkg']
[4.650s] Level 1:colcon.colcon_core.package_identification:_identify(.) by extension 'colcon_pkg'
[4.650s] Level 1:colcon.colcon_core.package_identification:_identify(.) by extensions ['colcon_meta']
[4.650s] Level 1:colcon.colcon_core.package_identification:_identify(.) by extension 'colcon_meta'
[4.650s] Level 1:colcon.colcon_core.package_identification:_identify(.) by extensions ['ros']
[4.651s] Level 1:colcon.colcon_core.package_identification:_identify(.) by extension 'ros'
[4.697s] Level 1:colcon.colcon_core.package_identification:_identify(.) by extensions ['cmake', 'python']
[4.698s] Level 1:colcon.colcon_core.package_identification:_identify(.) by extension 'cmake'
[4.698s] Level 1:colcon.colcon_core.package_identification:_identify(.) by extension 'python'
[4.698s] Level 1:colcon.colcon_core.package_identification:_identify(.) by extensions ['python_setup_py']
[4.699s] Level 1:colcon.colcon_core.package_identification:_identify(.) by extension 'python_setup_py'
[4.699s] Level 1:colcon.colcon_core.package_identification:_identify(build) by extensions ['ignore', 'ignore_ament_install']
[4.700s] Level 1:colcon.colcon_core.package_identification:_identify(build) by extension 'ignore'
[4.700s] Level 1:colcon.colcon_core.package_identification:_identify(build) ignored
[4.701s] Level 1:colcon.colcon_core.package_identification:_identify(install) by extensions ['ignore', 'ignore_ament_install']
[4.701s] Level 1:colcon.colcon_core.package_identification:_identify(install) by extension 'ignore'
[4.702s] Level 1:colcon.colcon_core.package_identification:_identify(install) ignored
[4.703s] Level 1:colcon.colcon_core.package_identification:_identify(log) by extensions ['ignore', 'ignore_ament_install']
[4.703s] Level 1:colcon.colcon_core.package_identification:_identify(log) by extension 'ignore'
[4.703s] Level 1:colcon.colcon_core.package_identification:_identify(log) ignored
[4.703s] Level 1:colcon.colcon_core.package_identification:_identify(src) by extensions ['ignore', 'ignore_ament_install']
[4.704s] Level 1:colcon.colcon_core.package_identification:_identify(src) by extension 'ignore'
[4.704s] Level 1:colcon.colcon_core.package_identification:_identify(src) by extension 'ignore_ament_install'
[4.704s] Level 1:colcon.colcon_core.package_identification:_identify(src) by extensions ['colcon_pkg']
[4.704s] Level 1:colcon.colcon_core.package_identification:_identify(src) by extension 'colcon_pkg'
[4.705s] Level 1:colcon.colcon_core.package_identification:_identify(src) by extensions ['colcon_meta']
[4.705s] Level 1:colcon.colcon_core.package_identification:_identify(src) by extension 'colcon_meta'
[4.705s] Level 1:colcon.colcon_core.package_identification:_identify(src) by extensions ['ros']
[4.705s] Level 1:colcon.colcon_core.package_identification:_identify(src) by extension 'ros'
[4.705s] Level 1:colcon.colcon_core.package_identification:_identify(src) by extensions ['cmake', 'python']
[4.706s] Level 1:colcon.colcon_core.package_identification:_identify(src) by extension 'cmake'
[4.706s] Level 1:colcon.colcon_core.package_identification:_identify(src) by extension 'python'
[4.706s] Level 1:colcon.colcon_core.package_identification:_identify(src) by extensions ['python_setup_py']
[4.706s] Level 1:colcon.colcon_core.package_identification:_identify(src) by extension 'python_setup_py'
[4.707s] Level 1:colcon.colcon_core.package_identification:_identify(src/amr_msgs) by extensions ['ignore', 'ignore_ament_install']
[4.707s] Level 1:colcon.colcon_core.package_identification:_identify(src/amr_msgs) by extension 'ignore'
[4.707s] Level 1:colcon.colcon_core.package_identification:_identify(src/amr_msgs) by extension 'ignore_ament_install'
[4.707s] Level 1:colcon.colcon_core.package_identification:_identify(src/amr_msgs) by extensions ['colcon_pkg']
[4.708s] Level 1:colcon.colcon_core.package_identification:_identify(src/amr_msgs) by extension 'colcon_pkg'
[4.708s] Level 1:colcon.colcon_core.package_identification:_identify(src/amr_msgs) by extensions ['colcon_meta']
[4.708s] Level 1:colcon.colcon_core.package_identification:_identify(src/amr_msgs) by extension 'colcon_meta'
[4.708s] Level 1:colcon.colcon_core.package_identification:_identify(src/amr_msgs) by extensions ['ros']
[4.708s] Level 1:colcon.colcon_core.package_identification:_identify(src/amr_msgs) by extension 'ros'
[4.717s] DEBUG:colcon.colcon_core.package_identification:Package 'src/amr_msgs' with type 'ros.ament_cmake' and name 'amr_msgs'
[4.718s] Level 1:colcon.colcon_core.package_identification:_identify(src/amr_teleoperation) by extensions ['ignore', 'ignore_ament_install']
[4.718s] Level 1:colcon.colcon_core.package_identification:_identify(src/amr_teleoperation) by extension 'ignore'
[4.718s] Level 1:colcon.colcon_core.package_identification:_identify(src/amr_teleoperation) by extension 'ignore_ament_install'
[4.719s] Level 1:colcon.colcon_core.package_identification:_identify(src/amr_teleoperation) by extensions ['colcon_pkg']
[4.719s] Level 1:colcon.colcon_core.package_identification:_identify(src/amr_teleoperation) by extension 'colcon_pkg'
[4.719s] Level 1:colcon.colcon_core.package_identification:_identify(src/amr_teleoperation) by extensions ['colcon_meta']
[4.719s] Level 1:colcon.colcon_core.package_identification:_identify(src/amr_teleoperation) by extension 'colcon_meta'
[4.719s] Level 1:colcon.colcon_core.package_identification:_identify(src/amr_teleoperation) by extensions ['ros']
[4.719s] Level 1:colcon.colcon_core.package_identification:_identify(src/amr_teleoperation) by extension 'ros'
[4.721s] DEBUG:colcon.colcon_core.package_identification:Package 'src/amr_teleoperation' with type 'ros.ament_python' and name 'amr_teleoperation'
[4.722s] Level 1:colcon.colcon_core.package_discovery:discover_packages(recursive) using defaults
[4.722s] Level 1:colcon.colcon_core.package_discovery:discover_packages(ignore) discover
[4.722s] Level 1:colcon.colcon_core.package_discovery:discover_packages(ignore) using defaults
[4.722s] Level 1:colcon.colcon_core.package_discovery:discover_packages(path) discover
[4.722s] Level 1:colcon.colcon_core.package_discovery:discover_packages(path) using defaults
[5.007s] INFO:colcon.colcon_core.package_selection:Skipping not selected package 'amr_msgs' in 'src/amr_msgs'
[5.131s] Level 1:colcon.colcon_core.package_discovery:discover_packages(prefix_path) check parameters
[5.131s] Level 1:colcon.colcon_core.package_discovery:discover_packages(prefix_path) discover
[5.270s] DEBUG:colcon.colcon_installed_package_information.package_discovery:Found 2 installed packages in /home/turtlebot/tb3_ws/install
[5.335s] DEBUG:colcon.colcon_installed_package_information.package_discovery:Found 9 installed packages in /home/turtlebot/turtlebot3_ws/install
[5.407s] DEBUG:colcon.colcon_installed_package_information.package_discovery:Found 336 installed packages in /opt/ros/humble
[5.416s] Level 1:colcon.colcon_core.package_discovery:discover_packages(prefix_path) using defaults
[5.857s] Level 5:colcon.colcon_core.verb:set package 'amr_teleoperation' build argument 'cmake_args' from command line to 'None'
[5.858s] Level 5:colcon.colcon_core.verb:set package 'amr_teleoperation' build argument 'cmake_target' from command line to 'None'
[5.858s] Level 5:colcon.colcon_core.verb:set package 'amr_teleoperation' build argument 'cmake_target_skip_unavailable' from command line to 'False'
[5.858s] Level 5:colcon.colcon_core.verb:set package 'amr_teleoperation' build argument 'cmake_clean_cache' from command line to 'False'
[5.858s] Level 5:colcon.colcon_core.verb:set package 'amr_teleoperation' build argument 'cmake_clean_first' from command line to 'False'
[5.858s] Level 5:colcon.colcon_core.verb:set package 'amr_teleoperation' build argument 'cmake_force_configure' from command line to 'False'
[5.858s] Level 5:colcon.colcon_core.verb:set package 'amr_teleoperation' build argument 'ament_cmake_args' from command line to 'None'
[5.858s] Level 5:colcon.colcon_core.verb:set package 'amr_teleoperation' build argument 'catkin_cmake_args' from command line to 'None'
[5.858s] Level 5:colcon.colcon_core.verb:set package 'amr_teleoperation' build argument 'catkin_skip_building_tests' from command line to 'False'
[5.859s] DEBUG:colcon.colcon_core.verb:Building package 'amr_teleoperation' with the following arguments: {'ament_cmake_args': None, 'build_base': '/home/turtlebot/tb3_ws/build/amr_teleoperation', 'catkin_cmake_args': None, 'catkin_skip_building_tests': False, 'cmake_args': None, 'cmake_clean_cache': False, 'cmake_clean_first': False, 'cmake_force_configure': False, 'cmake_target': None, 'cmake_target_skip_unavailable': False, 'install_base': '/home/turtlebot/tb3_ws/install/amr_teleoperation', 'merge_install': False, 'path': '/home/turtlebot/tb3_ws/src/amr_teleoperation', 'symlink_install': False, 'test_result_base': None}
[5.920s] INFO:colcon.colcon_core.executor:Executing jobs using 'parallel' executor
[5.990s] DEBUG:colcon.colcon_parallel_executor.executor.parallel:run_until_complete
[5.991s] INFO:colcon.colcon_ros.task.ament_python.build:Building ROS package in '/home/turtlebot/tb3_ws/src/amr_teleoperation' with build type 'ament_python'
[5.992s] Level 1:colcon.colcon_core.shell:create_environment_hook('amr_teleoperation', 'ament_prefix_path')
[6.065s] INFO:colcon.colcon_core.plugin_system:Skipping extension 'colcon_core.shell.bat': Not used on non-Windows systems
[6.066s] INFO:colcon.colcon_core.shell:Creating environment hook '/home/turtlebot/tb3_ws/install/amr_teleoperation/share/amr_teleoperation/hook/ament_prefix_path.ps1'
[6.069s] INFO:colcon.colcon_core.shell:Creating environment descriptor '/home/turtlebot/tb3_ws/install/amr_teleoperation/share/amr_teleoperation/hook/ament_prefix_path.dsv'
[6.071s] INFO:colcon.colcon_core.shell:Creating environment hook '/home/turtlebot/tb3_ws/install/amr_teleoperation/share/amr_teleoperation/hook/ament_prefix_path.sh'
[6.139s] INFO:colcon.colcon_core.shell:Skip shell extension 'powershell' for command environment: Not usable outside of PowerShell
[6.139s] DEBUG:colcon.colcon_core.shell:Skip shell extension 'dsv' for command environment
[7.683s] INFO:colcon.colcon_core.task.python.build:Building Python package in '/home/turtlebot/tb3_ws/src/amr_teleoperation'
[7.751s] INFO:colcon.colcon_core.shell:Skip shell extension 'powershell' for command environment: Not usable outside of PowerShell
[7.751s] DEBUG:colcon.colcon_core.shell:Skip shell extension 'dsv' for command environment
[9.651s] DEBUG:colcon.colcon_core.event_handler.log_command:Invoking command in '/home/turtlebot/tb3_ws/src/amr_teleoperation': PYTHONPATH=/home/turtlebot/tb3_ws/build/amr_teleoperation/prefix_override:/home/turtlebot/tb3_ws/install/amr_teleoperation/lib/python3.10/site-packages:${PYTHONPATH} /usr/bin/python3 setup.py egg_info --egg-base ../../build/amr_teleoperation build --build-base /home/turtlebot/tb3_ws/build/amr_teleoperation/build install --record /home/turtlebot/tb3_ws/build/amr_teleoperation/install.log --single-version-externally-managed
[11.087s] DEBUG:colcon.colcon_core.event_handler.log_command:Invoked command in '/home/turtlebot/tb3_ws/src/amr_teleoperation' returned '0': PYTHONPATH=/home/turtlebot/tb3_ws/build/amr_teleoperation/prefix_override:/home/turtlebot/tb3_ws/install/amr_teleoperation/lib/python3.10/site-packages:${PYTHONPATH} /usr/bin/python3 setup.py egg_info --egg-base ../../build/amr_teleoperation build --build-base /home/turtlebot/tb3_ws/build/amr_teleoperation/build install --record /home/turtlebot/tb3_ws/build/amr_teleoperation/install.log --single-version-externally-managed
[11.201s] Level 1:colcon.colcon_core.environment:checking '/home/turtlebot/tb3_ws/install/amr_teleoperation' for CMake module files
[11.203s] Level 1:colcon.colcon_core.environment:checking '/home/turtlebot/tb3_ws/install/amr_teleoperation' for CMake config files
[11.207s] Level 1:colcon.colcon_core.environment:checking '/home/turtlebot/tb3_ws/install/amr_teleoperation/lib'
[11.208s] Level 1:colcon.colcon_core.environment:checking '/home/turtlebot/tb3_ws/install/amr_teleoperation/bin'
[11.208s] Level 1:colcon.colcon_core.environment:checking '/home/turtlebot/tb3_ws/install/amr_teleoperation/lib/pkgconfig/amr_teleoperation.pc'
[11.209s] Level 1:colcon.colcon_core.environment:checking '/home/turtlebot/tb3_ws/install/amr_teleoperation/lib/python3.10/site-packages'
[11.209s] Level 1:colcon.colcon_core.shell:create_environment_hook('amr_teleoperation', 'pythonpath')
[11.276s] INFO:colcon.colcon_core.shell:Creating environment hook '/home/turtlebot/tb3_ws/install/amr_teleoperation/share/amr_teleoperation/hook/pythonpath.ps1'
[11.279s] INFO:colcon.colcon_core.shell:Creating environment descriptor '/home/turtlebot/tb3_ws/install/amr_teleoperation/share/amr_teleoperation/hook/pythonpath.dsv'
[11.280s] INFO:colcon.colcon_core.shell:Creating environment hook '/home/turtlebot/tb3_ws/install/amr_teleoperation/share/amr_teleoperation/hook/pythonpath.sh'
[11.283s] Level 1:colcon.colcon_core.environment:checking '/home/turtlebot/tb3_ws/install/amr_teleoperation/bin'
[11.283s] Level 1:colcon.colcon_core.environment:create_environment_scripts_only(amr_teleoperation)
[11.349s] INFO:colcon.colcon_core.shell:Creating package script '/home/turtlebot/tb3_ws/install/amr_teleoperation/share/amr_teleoperation/package.ps1'
[11.352s] INFO:colcon.colcon_core.shell:Creating package descriptor '/home/turtlebot/tb3_ws/install/amr_teleoperation/share/amr_teleoperation/package.dsv'
[11.355s] INFO:colcon.colcon_core.shell:Creating package script '/home/turtlebot/tb3_ws/install/amr_teleoperation/share/amr_teleoperation/package.sh'
[11.359s] INFO:colcon.colcon_core.shell:Creating package script '/home/turtlebot/tb3_ws/install/amr_teleoperation/share/amr_teleoperation/package.bash'
[11.362s] INFO:colcon.colcon_core.shell:Creating package script '/home/turtlebot/tb3_ws/install/amr_teleoperation/share/amr_teleoperation/package.zsh'
[11.365s] Level 1:colcon.colcon_core.environment:create_file_with_runtime_dependencies(/home/turtlebot/tb3_ws/install/amr_teleoperation/share/colcon-core/packages/amr_teleoperation)
[11.366s] DEBUG:colcon.colcon_parallel_executor.executor.parallel:closing loop
[11.368s] DEBUG:colcon.colcon_parallel_executor.executor.parallel:loop closed
[11.368s] DEBUG:colcon.colcon_parallel_executor.executor.parallel:run_until_complete finished with '0'
[11.369s] DEBUG:colcon.colcon_core.event_reactor:joining thread
[11.455s] INFO:colcon.colcon_core.plugin_system:Skipping extension 'colcon_notification.desktop_notification.terminal_notifier': Not used on non-Darwin systems
[11.456s] INFO:colcon.colcon_core.plugin_system:Skipping extension 'colcon_notification.desktop_notification.win32': Not used on non-Windows systems
[11.456s] INFO:colcon.colcon_notification.desktop_notification:Sending desktop notification using 'notify2'
[11.505s] DEBUG:colcon.colcon_core.event_reactor:joined thread
[11.586s] INFO:colcon.colcon_core.shell:Creating prefix script '/home/turtlebot/tb3_ws/install/local_setup.ps1'
[11.589s] INFO:colcon.colcon_core.shell:Creating prefix util module '/home/turtlebot/tb3_ws/install/_local_setup_util_ps1.py'
[11.595s] INFO:colcon.colcon_core.shell:Creating prefix chain script '/home/turtlebot/tb3_ws/install/setup.ps1'
[11.664s] INFO:colcon.colcon_core.shell:Creating prefix script '/home/turtlebot/tb3_ws/install/local_setup.sh'
[11.666s] INFO:colcon.colcon_core.shell:Creating prefix util module '/home/turtlebot/tb3_ws/install/_local_setup_util_sh.py'
[11.669s] INFO:colcon.colcon_core.shell:Creating prefix chain script '/home/turtlebot/tb3_ws/install/setup.sh'
[11.739s] INFO:colcon.colcon_core.shell:Creating prefix script '/home/turtlebot/tb3_ws/install/local_setup.bash'
[11.741s] INFO:colcon.colcon_core.shell:Creating prefix chain script '/home/turtlebot/tb3_ws/install/setup.bash'
[11.810s] INFO:colcon.colcon_core.shell:Creating prefix script '/home/turtlebot/tb3_ws/install/local_setup.zsh'
[11.812s] INFO:colcon.colcon_core.shell:Creating prefix chain script '/home/turtlebot/tb3_ws/install/setup.zsh'
