[4.385s] Invoking command in '/home/turtlebot/tb3_ws/src/amr_teleoperation': PYTHONPATH=/home/turtlebot/tb3_ws/build/amr_teleoperation/prefix_override:/home/turtlebot/tb3_ws/install/amr_teleoperation/lib/python3.10/site-packages:${PYTHONPATH} /usr/bin/python3 setup.py egg_info --egg-base ../../build/amr_teleoperation build --build-base /home/turtlebot/tb3_ws/build/amr_teleoperation/build install --record /home/turtlebot/tb3_ws/build/amr_teleoperation/install.log --single-version-externally-managed
[5.582s] running egg_info
[5.584s] writing ../../build/amr_teleoperation/amr_teleoperation.egg-info/PKG-INFO
[5.585s] writing dependency_links to ../../build/amr_teleoperation/amr_teleoperation.egg-info/dependency_links.txt
[5.586s] writing entry points to ../../build/amr_teleoperation/amr_teleoperation.egg-info/entry_points.txt
[5.587s] writing requirements to ../../build/amr_teleoperation/amr_teleoperation.egg-info/requires.txt
[5.588s] writing top-level names to ../../build/amr_teleoperation/amr_teleoperation.egg-info/top_level.txt
[5.596s] reading manifest file '../../build/amr_teleoperation/amr_teleoperation.egg-info/SOURCES.txt'
[5.600s] writing manifest file '../../build/amr_teleoperation/amr_teleoperation.egg-info/SOURCES.txt'
[5.601s] running build
[5.602s] running build_py
[5.603s] running install
[5.605s] running install_lib
[5.610s] running install_data
[5.613s] running install_egg_info
[5.619s] removing '/home/turtlebot/tb3_ws/install/amr_teleoperation/lib/python3.10/site-packages/amr_teleoperation-0.0.0-py3.10.egg-info' (and everything under it)
[5.621s] Copying ../../build/amr_teleoperation/amr_teleoperation.egg-info to /home/turtlebot/tb3_ws/install/amr_teleoperation/lib/python3.10/site-packages/amr_teleoperation-0.0.0-py3.10.egg-info
[5.627s] running install_scripts
[5.706s] Installing keyboard_node script to /home/turtlebot/tb3_ws/install/amr_teleoperation/lib/amr_teleoperation
[5.707s] Installing teleoperation_node script to /home/turtlebot/tb3_ws/install/amr_teleoperation/lib/amr_teleoperation
[5.709s] writing list of installed files to '/home/turtlebot/tb3_ws/build/amr_teleoperation/install.log'
[5.829s] Invoked command in '/home/turtlebot/tb3_ws/src/amr_teleoperation' returned '0': PYTHONPATH=/home/turtlebot/tb3_ws/build/amr_teleoperation/prefix_override:/home/turtlebot/tb3_ws/install/amr_teleoperation/lib/python3.10/site-packages:${PYTHONPATH} /usr/bin/python3 setup.py egg_info --egg-base ../../build/amr_teleoperation build --build-base /home/turtlebot/tb3_ws/build/amr_teleoperation/build install --record /home/turtlebot/tb3_ws/build/amr_teleoperation/install.log --single-version-externally-managed
