[0.844s] Invoking command in '/home/turtlebot/tb3_ws/build/amr_msgs': CMAKE_PREFIX_PATH=${CMAKE_PREFIX_PATH}:/home/turtlebot/tb3_ws/install/amr_teleoperation:/home/turtlebot/turtlebot3_ws/install/turtlebot3_teleop:/home/turtlebot/turtlebot3_ws/install/turtlebot3_example:/opt/ros/humble /usr/bin/cmake --build /home/turtlebot/tb3_ws/build/amr_msgs -- -j4 -l4
[1.128s] [  3%] Built target amr_msgs__cpp
[1.129s] [ 12%] Built target amr_msgs__rosidl_generator_c
[1.239s] [ 12%] Built target ament_cmake_python_symlink_amr_msgs
[1.291s] [ 22%] Built target amr_msgs__rosidl_typesupport_c
[1.298s] [ 32%] Built target amr_msgs__rosidl_typesupport_fastrtps_c
[1.304s] [ 41%] Built target amr_msgs__rosidl_typesupport_introspection_c
[1.416s] [ 51%] Built target amr_msgs__rosidl_typesupport_fastrtps_cpp
[1.443s] [ 61%] Built target amr_msgs__rosidl_typesupport_introspection_cpp
[1.535s] [ 70%] Built target amr_msgs__rosidl_typesupport_cpp
[1.641s] [ 70%] Built target amr_msgs
[1.752s] [ 74%] Built target amr_msgs__py
[1.865s] [ 80%] Built target amr_msgs__rosidl_generator_py
[2.022s] [ 87%] Built target amr_msgs__rosidl_typesupport_introspection_c__pyext
[2.037s] [ 93%] Built target amr_msgs__rosidl_typesupport_c__pyext
[2.065s] [100%] Built target amr_msgs__rosidl_typesupport_fastrtps_c__pyext
[2.923s] running egg_info
[2.925s] writing amr_msgs.egg-info/PKG-INFO
[2.928s] writing dependency_links to amr_msgs.egg-info/dependency_links.txt
[2.931s] writing top-level names to amr_msgs.egg-info/top_level.txt
[2.940s] reading manifest file 'amr_msgs.egg-info/SOURCES.txt'
[2.944s] writing manifest file 'amr_msgs.egg-info/SOURCES.txt'
[3.081s] [100%] Built target ament_cmake_python_build_amr_msgs_egg
[3.130s] Invoked command in '/home/turtlebot/tb3_ws/build/amr_msgs' returned '0': CMAKE_PREFIX_PATH=${CMAKE_PREFIX_PATH}:/home/turtlebot/tb3_ws/install/amr_teleoperation:/home/turtlebot/turtlebot3_ws/install/turtlebot3_teleop:/home/turtlebot/turtlebot3_ws/install/turtlebot3_example:/opt/ros/humble /usr/bin/cmake --build /home/turtlebot/tb3_ws/build/amr_msgs -- -j4 -l4
[3.562s] Invoking command in '/home/turtlebot/tb3_ws/build/amr_msgs': CMAKE_PREFIX_PATH=${CMAKE_PREFIX_PATH}:/home/turtlebot/tb3_ws/install/amr_teleoperation:/home/turtlebot/turtlebot3_ws/install/turtlebot3_teleop:/home/turtlebot/turtlebot3_ws/install/turtlebot3_example:/opt/ros/humble /usr/bin/cmake --install /home/turtlebot/tb3_ws/build/amr_msgs
[3.592s] -- Install configuration: ""
[3.594s] -- Execute custom install script
[3.595s] -- Up-to-date symlink: /home/turtlebot/tb3_ws/install/amr_msgs/share/ament_index/resource_index/rosidl_interfaces/amr_msgs
[3.598s] -- Up-to-date symlink: /home/turtlebot/tb3_ws/install/amr_msgs/include/amr_msgs/amr_msgs/msg/detail/key__functions.h
[3.599s] -- Up-to-date symlink: /home/turtlebot/tb3_ws/install/amr_msgs/include/amr_msgs/amr_msgs/msg/detail/key__struct.h
[3.600s] -- Up-to-date symlink: /home/turtlebot/tb3_ws/install/amr_msgs/include/amr_msgs/amr_msgs/msg/detail/key__type_support.h
[3.601s] -- Up-to-date symlink: /home/turtlebot/tb3_ws/install/amr_msgs/include/amr_msgs/amr_msgs/msg/key.h
[3.602s] -- Up-to-date symlink: /home/turtlebot/tb3_ws/install/amr_msgs/include/amr_msgs/amr_msgs/msg/rosidl_generator_c__visibility_control.h
[3.603s] -- Up-to-date symlink: /home/turtlebot/tb3_ws/install/amr_msgs/share/amr_msgs/environment/library_path.sh
[3.605s] -- Up-to-date symlink: /home/turtlebot/tb3_ws/install/amr_msgs/share/amr_msgs/environment/library_path.dsv
[3.607s] -- Up-to-date symlink: /home/turtlebot/tb3_ws/install/amr_msgs/include/amr_msgs/amr_msgs/msg/detail/key__rosidl_typesupport_fastrtps_c.h
[3.608s] -- Up-to-date symlink: /home/turtlebot/tb3_ws/install/amr_msgs/include/amr_msgs/amr_msgs/msg/rosidl_typesupport_fastrtps_c__visibility_control.h
[3.611s] -- Up-to-date symlink: /home/turtlebot/tb3_ws/install/amr_msgs/include/amr_msgs/amr_msgs/msg/detail/key__rosidl_typesupport_introspection_c.h
[3.612s] -- Up-to-date symlink: /home/turtlebot/tb3_ws/install/amr_msgs/include/amr_msgs/amr_msgs/msg/rosidl_typesupport_introspection_c__visibility_control.h
[3.614s] -- Up-to-date symlink: /home/turtlebot/tb3_ws/install/amr_msgs/include/amr_msgs/amr_msgs/msg/detail/key__builder.hpp
[3.615s] -- Up-to-date symlink: /home/turtlebot/tb3_ws/install/amr_msgs/include/amr_msgs/amr_msgs/msg/detail/key__struct.hpp
[3.616s] -- Up-to-date symlink: /home/turtlebot/tb3_ws/install/amr_msgs/include/amr_msgs/amr_msgs/msg/detail/key__traits.hpp
[3.617s] -- Up-to-date symlink: /home/turtlebot/tb3_ws/install/amr_msgs/include/amr_msgs/amr_msgs/msg/key.hpp
[3.621s] -- Up-to-date symlink: /home/turtlebot/tb3_ws/install/amr_msgs/include/amr_msgs/amr_msgs/msg/detail/key__rosidl_typesupport_fastrtps_cpp.hpp
[3.623s] -- Up-to-date symlink: /home/turtlebot/tb3_ws/install/amr_msgs/include/amr_msgs/amr_msgs/msg/rosidl_typesupport_fastrtps_cpp__visibility_control.h
[3.624s] -- Up-to-date symlink: /home/turtlebot/tb3_ws/install/amr_msgs/include/amr_msgs/amr_msgs/msg/detail/key__rosidl_typesupport_introspection_cpp.hpp
[3.625s] -- Up-to-date symlink: /home/turtlebot/tb3_ws/install/amr_msgs/share/amr_msgs/environment/pythonpath.sh
[3.626s] -- Up-to-date symlink: /home/turtlebot/tb3_ws/install/amr_msgs/share/amr_msgs/environment/pythonpath.dsv
[3.627s] -- Up-to-date symlink: /home/turtlebot/tb3_ws/install/amr_msgs/local/lib/python3.10/dist-packages/amr_msgs-0.0.0-py3.10.egg-info/PKG-INFO
[3.629s] -- Up-to-date symlink: /home/turtlebot/tb3_ws/install/amr_msgs/local/lib/python3.10/dist-packages/amr_msgs-0.0.0-py3.10.egg-info/SOURCES.txt
[3.630s] -- Up-to-date symlink: /home/turtlebot/tb3_ws/install/amr_msgs/local/lib/python3.10/dist-packages/amr_msgs-0.0.0-py3.10.egg-info/dependency_links.txt
[3.631s] -- Up-to-date symlink: /home/turtlebot/tb3_ws/install/amr_msgs/local/lib/python3.10/dist-packages/amr_msgs-0.0.0-py3.10.egg-info/top_level.txt
[3.635s] -- Up-to-date symlink: /home/turtlebot/tb3_ws/install/amr_msgs/local/lib/python3.10/dist-packages/amr_msgs/__init__.py
[3.636s] -- Up-to-date symlink: /home/turtlebot/tb3_ws/install/amr_msgs/local/lib/python3.10/dist-packages/amr_msgs/_amr_msgs_s.ep.rosidl_typesupport_c.c
[3.637s] -- Up-to-date symlink: /home/turtlebot/tb3_ws/install/amr_msgs/local/lib/python3.10/dist-packages/amr_msgs/_amr_msgs_s.ep.rosidl_typesupport_fastrtps_c.c
[3.638s] -- Up-to-date symlink: /home/turtlebot/tb3_ws/install/amr_msgs/local/lib/python3.10/dist-packages/amr_msgs/_amr_msgs_s.ep.rosidl_typesupport_introspection_c.c
[3.639s] -- Up-to-date symlink: /home/turtlebot/tb3_ws/install/amr_msgs/local/lib/python3.10/dist-packages/amr_msgs/amr_msgs_s__rosidl_typesupport_c.cpython-310-aarch64-linux-gnu.so
[3.640s] -- Up-to-date symlink: /home/turtlebot/tb3_ws/install/amr_msgs/local/lib/python3.10/dist-packages/amr_msgs/amr_msgs_s__rosidl_typesupport_fastrtps_c.cpython-310-aarch64-linux-gnu.so
[3.641s] -- Up-to-date symlink: /home/turtlebot/tb3_ws/install/amr_msgs/local/lib/python3.10/dist-packages/amr_msgs/amr_msgs_s__rosidl_typesupport_introspection_c.cpython-310-aarch64-linux-gnu.so
[3.642s] -- Up-to-date symlink: /home/turtlebot/tb3_ws/install/amr_msgs/local/lib/python3.10/dist-packages/amr_msgs/libamr_msgs__rosidl_generator_py.so
[3.645s] -- Up-to-date symlink: /home/turtlebot/tb3_ws/install/amr_msgs/local/lib/python3.10/dist-packages/amr_msgs/msg/__init__.py
[3.646s] -- Up-to-date symlink: /home/turtlebot/tb3_ws/install/amr_msgs/local/lib/python3.10/dist-packages/amr_msgs/msg/_key.py
[3.646s] -- Up-to-date symlink: /home/turtlebot/tb3_ws/install/amr_msgs/local/lib/python3.10/dist-packages/amr_msgs/msg/_key_s.c
[3.647s] -- Up-to-date symlink: /home/turtlebot/tb3_ws/install/amr_msgs/local/lib/python3.10/dist-packages/amr_msgs/amr_msgs_s__rosidl_typesupport_fastrtps_c.cpython-310-aarch64-linux-gnu.so
[3.649s] -- Up-to-date symlink: /home/turtlebot/tb3_ws/install/amr_msgs/local/lib/python3.10/dist-packages/amr_msgs/amr_msgs_s__rosidl_typesupport_introspection_c.cpython-310-aarch64-linux-gnu.so
[3.650s] -- Up-to-date symlink: /home/turtlebot/tb3_ws/install/amr_msgs/local/lib/python3.10/dist-packages/amr_msgs/amr_msgs_s__rosidl_typesupport_c.cpython-310-aarch64-linux-gnu.so
[3.652s] -- Up-to-date symlink: /home/turtlebot/tb3_ws/install/amr_msgs/share/amr_msgs/msg/Key.idl
[3.653s] -- Up-to-date symlink: /home/turtlebot/tb3_ws/install/amr_msgs/share/amr_msgs/msg/Key.msg
[3.654s] -- Up-to-date symlink: /home/turtlebot/tb3_ws/install/amr_msgs/share/ament_index/resource_index/package_run_dependencies/amr_msgs
[3.655s] -- Up-to-date symlink: /home/turtlebot/tb3_ws/install/amr_msgs/share/ament_index/resource_index/parent_prefix_path/amr_msgs
[3.656s] -- Up-to-date symlink: /home/turtlebot/tb3_ws/install/amr_msgs/share/amr_msgs/environment/ament_prefix_path.sh
[3.657s] -- Up-to-date symlink: /home/turtlebot/tb3_ws/install/amr_msgs/share/amr_msgs/environment/ament_prefix_path.dsv
[3.658s] -- Up-to-date symlink: /home/turtlebot/tb3_ws/install/amr_msgs/share/amr_msgs/environment/path.sh
[3.659s] -- Up-to-date symlink: /home/turtlebot/tb3_ws/install/amr_msgs/share/amr_msgs/environment/path.dsv
[3.660s] -- Up-to-date symlink: /home/turtlebot/tb3_ws/install/amr_msgs/share/amr_msgs/local_setup.bash
[3.661s] -- Up-to-date symlink: /home/turtlebot/tb3_ws/install/amr_msgs/share/amr_msgs/local_setup.sh
[3.662s] -- Up-to-date symlink: /home/turtlebot/tb3_ws/install/amr_msgs/share/amr_msgs/local_setup.zsh
[3.663s] -- Up-to-date symlink: /home/turtlebot/tb3_ws/install/amr_msgs/share/amr_msgs/local_setup.dsv
[3.664s] -- Symlinking: /home/turtlebot/tb3_ws/install/amr_msgs/share/amr_msgs/package.dsv
[3.700s] -- Up-to-date symlink: /home/turtlebot/tb3_ws/install/amr_msgs/share/ament_index/resource_index/packages/amr_msgs
[3.701s] -- Up-to-date symlink: /home/turtlebot/tb3_ws/install/amr_msgs/share/amr_msgs/cmake/rosidl_cmake-extras.cmake
[3.702s] -- Up-to-date symlink: /home/turtlebot/tb3_ws/install/amr_msgs/share/amr_msgs/cmake/ament_cmake_export_include_directories-extras.cmake
[3.703s] -- Up-to-date symlink: /home/turtlebot/tb3_ws/install/amr_msgs/share/amr_msgs/cmake/ament_cmake_export_libraries-extras.cmake
[3.705s] -- Up-to-date symlink: /home/turtlebot/tb3_ws/install/amr_msgs/share/amr_msgs/cmake/ament_cmake_export_targets-extras.cmake
[3.706s] -- Up-to-date symlink: /home/turtlebot/tb3_ws/install/amr_msgs/share/amr_msgs/cmake/rosidl_cmake_export_typesupport_targets-extras.cmake
[3.707s] -- Up-to-date symlink: /home/turtlebot/tb3_ws/install/amr_msgs/share/amr_msgs/cmake/ament_cmake_export_dependencies-extras.cmake
[3.708s] -- Up-to-date symlink: /home/turtlebot/tb3_ws/install/amr_msgs/share/amr_msgs/cmake/rosidl_cmake_export_typesupport_libraries-extras.cmake
[3.709s] -- Up-to-date symlink: /home/turtlebot/tb3_ws/install/amr_msgs/share/amr_msgs/cmake/amr_msgsConfig.cmake
[3.710s] -- Up-to-date symlink: /home/turtlebot/tb3_ws/install/amr_msgs/share/amr_msgs/cmake/amr_msgsConfig-version.cmake
[3.711s] -- Up-to-date symlink: /home/turtlebot/tb3_ws/install/amr_msgs/share/amr_msgs/package.xml
[3.712s] -- Up-to-date: /home/turtlebot/tb3_ws/install/amr_msgs/lib/libamr_msgs__rosidl_generator_c.so
[3.714s] -- Up-to-date: /home/turtlebot/tb3_ws/install/amr_msgs/lib/libamr_msgs__rosidl_typesupport_fastrtps_c.so
[3.717s] -- Up-to-date: /home/turtlebot/tb3_ws/install/amr_msgs/lib/libamr_msgs__rosidl_typesupport_introspection_c.so
[3.719s] -- Up-to-date: /home/turtlebot/tb3_ws/install/amr_msgs/lib/libamr_msgs__rosidl_typesupport_c.so
[3.721s] -- Up-to-date: /home/turtlebot/tb3_ws/install/amr_msgs/lib/libamr_msgs__rosidl_typesupport_fastrtps_cpp.so
[3.723s] -- Up-to-date: /home/turtlebot/tb3_ws/install/amr_msgs/lib/libamr_msgs__rosidl_typesupport_introspection_cpp.so
[3.725s] -- Up-to-date: /home/turtlebot/tb3_ws/install/amr_msgs/lib/libamr_msgs__rosidl_typesupport_cpp.so
[3.904s] Listing '/home/turtlebot/tb3_ws/install/amr_msgs/local/lib/python3.10/dist-packages/amr_msgs'...
[3.905s] Listing '/home/turtlebot/tb3_ws/install/amr_msgs/local/lib/python3.10/dist-packages/amr_msgs/msg'...
[3.930s] -- Up-to-date: /home/turtlebot/tb3_ws/install/amr_msgs/lib/libamr_msgs__rosidl_generator_py.so
[3.933s] -- Up-to-date: /home/turtlebot/tb3_ws/install/amr_msgs/share/amr_msgs/cmake/export_amr_msgs__rosidl_generator_cExport.cmake
[3.934s] -- Up-to-date: /home/turtlebot/tb3_ws/install/amr_msgs/share/amr_msgs/cmake/export_amr_msgs__rosidl_generator_cExport-noconfig.cmake
[3.935s] -- Up-to-date: /home/turtlebot/tb3_ws/install/amr_msgs/share/amr_msgs/cmake/export_amr_msgs__rosidl_typesupport_fastrtps_cExport.cmake
[3.939s] -- Up-to-date: /home/turtlebot/tb3_ws/install/amr_msgs/share/amr_msgs/cmake/export_amr_msgs__rosidl_typesupport_fastrtps_cExport-noconfig.cmake
[3.939s] -- Up-to-date: /home/turtlebot/tb3_ws/install/amr_msgs/share/amr_msgs/cmake/amr_msgs__rosidl_typesupport_introspection_cExport.cmake
[3.940s] -- Up-to-date: /home/turtlebot/tb3_ws/install/amr_msgs/share/amr_msgs/cmake/amr_msgs__rosidl_typesupport_introspection_cExport-noconfig.cmake
[3.940s] -- Up-to-date: /home/turtlebot/tb3_ws/install/amr_msgs/share/amr_msgs/cmake/amr_msgs__rosidl_typesupport_cExport.cmake
[3.941s] -- Up-to-date: /home/turtlebot/tb3_ws/install/amr_msgs/share/amr_msgs/cmake/amr_msgs__rosidl_typesupport_cExport-noconfig.cmake
[3.942s] -- Up-to-date: /home/turtlebot/tb3_ws/install/amr_msgs/share/amr_msgs/cmake/export_amr_msgs__rosidl_generator_cppExport.cmake
[3.943s] -- Up-to-date: /home/turtlebot/tb3_ws/install/amr_msgs/share/amr_msgs/cmake/export_amr_msgs__rosidl_typesupport_fastrtps_cppExport.cmake
[3.943s] -- Up-to-date: /home/turtlebot/tb3_ws/install/amr_msgs/share/amr_msgs/cmake/export_amr_msgs__rosidl_typesupport_fastrtps_cppExport-noconfig.cmake
[3.945s] -- Up-to-date: /home/turtlebot/tb3_ws/install/amr_msgs/share/amr_msgs/cmake/amr_msgs__rosidl_typesupport_introspection_cppExport.cmake
[3.946s] -- Up-to-date: /home/turtlebot/tb3_ws/install/amr_msgs/share/amr_msgs/cmake/amr_msgs__rosidl_typesupport_introspection_cppExport-noconfig.cmake
[3.946s] -- Up-to-date: /home/turtlebot/tb3_ws/install/amr_msgs/share/amr_msgs/cmake/amr_msgs__rosidl_typesupport_cppExport.cmake
[3.947s] -- Up-to-date: /home/turtlebot/tb3_ws/install/amr_msgs/share/amr_msgs/cmake/amr_msgs__rosidl_typesupport_cppExport-noconfig.cmake
[3.948s] -- Up-to-date: /home/turtlebot/tb3_ws/install/amr_msgs/share/amr_msgs/cmake/export_amr_msgs__rosidl_generator_pyExport.cmake
[3.948s] -- Up-to-date: /home/turtlebot/tb3_ws/install/amr_msgs/share/amr_msgs/cmake/export_amr_msgs__rosidl_generator_pyExport-noconfig.cmake
[3.953s] Invoked command in '/home/turtlebot/tb3_ws/build/amr_msgs' returned '0': CMAKE_PREFIX_PATH=${CMAKE_PREFIX_PATH}:/home/turtlebot/tb3_ws/install/amr_teleoperation:/home/turtlebot/turtlebot3_ws/install/turtlebot3_teleop:/home/turtlebot/turtlebot3_ws/install/turtlebot3_example:/opt/ros/humble /usr/bin/cmake --install /home/turtlebot/tb3_ws/build/amr_msgs
